CRITICAL - 2025-05-31 00:42:37 --> TypeError: Cannot access offset of type string on string
[Method: GET, Route: /]
in APPPATH\Views\template\footer.php on line 9.
 1 SYSTEMPATH\View\View.php(224): include()
 2 SYSTEMPATH\View\View.php(227): CodeIgniter\View\View->CodeIgniter\View\{closure}()
 3 SYSTEMPATH\View\View.php(475): CodeIgniter\View\View->render('template/footer', null, true)
 4 APPPATH\Views\template\layout.php(26): CodeIgniter\View\View->include('template/footer')
 5 SYSTEMPATH\View\View.php(224): include('C:\\Users\\LENOVO\\Documents\\SEMPRO TA DLL YANG PETNING POKOKNYA SEMESTER AKHIR\\barber\\app\\Views\\template\\layout.php')
 6 SYSTEMPATH\View\View.php(227): CodeIgniter\View\View->CodeIgniter\View\{closure}()
 7 SYSTEMPATH\View\View.php(240): CodeIgniter\View\View->render('template/layout', [], true)
 8 SYSTEMPATH\Common.php(1173): CodeIgniter\View\View->render('free/home', [], true)
 9 APPPATH\Controllers\Home.php(33): view('free/home', [...])
10 SYSTEMPATH\CodeIgniter.php(933): App\Controllers\Home->index()
11 SYSTEMPATH\CodeIgniter.php(507): CodeIgniter\CodeIgniter->runController(Object(App\Controllers\Home))
12 SYSTEMPATH\CodeIgniter.php(354): CodeIgniter\CodeIgniter->handleRequest(null, Object(Config\Cache), false)
13 SYSTEMPATH\Boot.php(334): CodeIgniter\CodeIgniter->run()
14 SYSTEMPATH\Boot.php(67): CodeIgniter\Boot::runCodeIgniter(Object(CodeIgniter\CodeIgniter))
15 FCPATH\index.php(60): CodeIgniter\Boot::bootWeb(Object(Config\Paths))
16 SYSTEMPATH\rewrite.php(44): require_once('C:\\Users\\LENOVO\\Documents\\SEMPRO TA DLL YANG PETNING POKOKNYA SEMESTER AKHIR\\barber\\public\\index.php')
CRITICAL - 2025-05-31 03:29:49 --> CodeIgniter\Exceptions\BadMethodCallException: Call to undefined method App\Models\Absen::getAllAbsensi
[Method: GET, Route: admin/absensi]
in SYSTEMPATH\Model.php on line 930.
 1 APPPATH\Controllers\Admin.php(830): CodeIgniter\Model->__call('getAllAbsensi', [])
 2 SYSTEMPATH\CodeIgniter.php(933): App\Controllers\Admin->absensi()
 3 SYSTEMPATH\CodeIgniter.php(507): CodeIgniter\CodeIgniter->runController(Object(App\Controllers\Admin))
 4 SYSTEMPATH\CodeIgniter.php(354): CodeIgniter\CodeIgniter->handleRequest(null, Object(Config\Cache), false)
 5 SYSTEMPATH\Boot.php(334): CodeIgniter\CodeIgniter->run()
 6 SYSTEMPATH\Boot.php(67): CodeIgniter\Boot::runCodeIgniter(Object(CodeIgniter\CodeIgniter))
 7 FCPATH\index.php(60): CodeIgniter\Boot::bootWeb(Object(Config\Paths))
 8 SYSTEMPATH\rewrite.php(44): require_once('C:\\Users\\LENOVO\\Documents\\SEMPRO TA DLL YANG PETNING POKOKNYA SEMESTER AKHIR\\barber\\public\\index.php')
ERROR - 2025-05-31 03:30:29 --> mysqli_sql_exception: Unknown column 'users.nama' in 'field list' in C:\Users\LENOVO\Documents\SEMPRO TA DLL YANG PETNING POKOKNYA SEMESTER AKHIR\barber\system\Database\MySQLi\Connection.php:327
Stack trace:
#0 C:\Users\LENOVO\Documents\SEMPRO TA DLL YANG PETNING POKOKNYA SEMESTER AKHIR\barber\system\Database\MySQLi\Connection.php(327): mysqli->query('SELECT `absen`....', 0)
#1 C:\Users\LENOVO\Documents\SEMPRO TA DLL YANG PETNING POKOKNYA SEMESTER AKHIR\barber\system\Database\BaseConnection.php(738): CodeIgniter\Database\MySQLi\Connection->execute('SELECT `absen`....')
#2 C:\Users\LENOVO\Documents\SEMPRO TA DLL YANG PETNING POKOKNYA SEMESTER AKHIR\barber\system\Database\BaseConnection.php(652): CodeIgniter\Database\BaseConnection->simpleQuery('SELECT `absen`....')
#3 C:\Users\LENOVO\Documents\SEMPRO TA DLL YANG PETNING POKOKNYA SEMESTER AKHIR\barber\system\Database\BaseBuilder.php(1649): CodeIgniter\Database\BaseConnection->query('SELECT `absen`....', Array, false)
#4 C:\Users\LENOVO\Documents\SEMPRO TA DLL YANG PETNING POKOKNYA SEMESTER AKHIR\barber\system\Model.php(286): CodeIgniter\Database\BaseBuilder->get()
#5 C:\Users\LENOVO\Documents\SEMPRO TA DLL YANG PETNING POKOKNYA SEMESTER AKHIR\barber\system\BaseModel.php(679): CodeIgniter\Model->doFindAll(0, 0)
#6 C:\Users\LENOVO\Documents\SEMPRO TA DLL YANG PETNING POKOKNYA SEMESTER AKHIR\barber\app\Models\Absen.php(52): CodeIgniter\BaseModel->findAll()
#7 C:\Users\LENOVO\Documents\SEMPRO TA DLL YANG PETNING POKOKNYA SEMESTER AKHIR\barber\app\Controllers\Admin.php(830): App\Models\Absen->getAllAbsensi()
#8 C:\Users\LENOVO\Documents\SEMPRO TA DLL YANG PETNING POKOKNYA SEMESTER AKHIR\barber\system\CodeIgniter.php(933): App\Controllers\Admin->absensi()
#9 C:\Users\LENOVO\Documents\SEMPRO TA DLL YANG PETNING POKOKNYA SEMESTER AKHIR\barber\system\CodeIgniter.php(507): CodeIgniter\CodeIgniter->runController(Object(App\Controllers\Admin))
#10 C:\Users\LENOVO\Documents\SEMPRO TA DLL YANG PETNING POKOKNYA SEMESTER AKHIR\barber\system\CodeIgniter.php(354): CodeIgniter\CodeIgniter->handleRequest(NULL, Object(Config\Cache), false)
#11 C:\Users\LENOVO\Documents\SEMPRO TA DLL YANG PETNING POKOKNYA SEMESTER AKHIR\barber\system\Boot.php(334): CodeIgniter\CodeIgniter->run()
#12 C:\Users\LENOVO\Documents\SEMPRO TA DLL YANG PETNING POKOKNYA SEMESTER AKHIR\barber\system\Boot.php(67): CodeIgniter\Boot::runCodeIgniter(Object(CodeIgniter\CodeIgniter))
#13 C:\Users\LENOVO\Documents\SEMPRO TA DLL YANG PETNING POKOKNYA SEMESTER AKHIR\barber\public\index.php(60): CodeIgniter\Boot::bootWeb(Object(Config\Paths))
#14 C:\Users\LENOVO\Documents\SEMPRO TA DLL YANG PETNING POKOKNYA SEMESTER AKHIR\barber\system\rewrite.php(44): require_once('C:\\Users\\LENOVO...')
#15 {main}
CRITICAL - 2025-05-31 03:30:29 --> CodeIgniter\Database\Exceptions\DatabaseException: Unknown column 'users.nama' in 'field list'
[Method: GET, Route: admin/absensi]
in SYSTEMPATH\Database\BaseConnection.php on line 692.
 1 SYSTEMPATH\Database\BaseBuilder.php(1649): CodeIgniter\Database\BaseConnection->query('SELECT `absen`.*, `users`.`nama`
FROM `absen`
JOIN `users` ON `users`.`id_user` = `absen`.`id_user`
ORDER BY `jam` DESC', [], false)
 2 SYSTEMPATH\Model.php(286): CodeIgniter\Database\BaseBuilder->get()
 3 SYSTEMPATH\BaseModel.php(679): CodeIgniter\Model->doFindAll(0, 0)
 4 APPPATH\Models\Absen.php(52): CodeIgniter\BaseModel->findAll()
 5 APPPATH\Controllers\Admin.php(830): App\Models\Absen->getAllAbsensi()
 6 SYSTEMPATH\CodeIgniter.php(933): App\Controllers\Admin->absensi()
 7 SYSTEMPATH\CodeIgniter.php(507): CodeIgniter\CodeIgniter->runController(Object(App\Controllers\Admin))
 8 SYSTEMPATH\CodeIgniter.php(354): CodeIgniter\CodeIgniter->handleRequest(null, Object(Config\Cache), false)
 9 SYSTEMPATH\Boot.php(334): CodeIgniter\CodeIgniter->run()
10 SYSTEMPATH\Boot.php(67): CodeIgniter\Boot::runCodeIgniter(Object(CodeIgniter\CodeIgniter))
11 FCPATH\index.php(60): CodeIgniter\Boot::bootWeb(Object(Config\Paths))
12 SYSTEMPATH\rewrite.php(44): require_once('C:\\Users\\LENOVO\\Documents\\SEMPRO TA DLL YANG PETNING POKOKNYA SEMESTER AKHIR\\barber\\public\\index.php')
CRITICAL - 2025-05-31 03:30:29 --> [Caused by] CodeIgniter\Database\Exceptions\DatabaseException: Unknown column 'users.nama' in 'field list'
in SYSTEMPATH\Database\MySQLi\Connection.php on line 332.
 1 SYSTEMPATH\Database\BaseConnection.php(738): CodeIgniter\Database\MySQLi\Connection->execute('SELECT `absen`.*, `users`.`nama`
FROM `absen`
JOIN `users` ON `users`.`id_user` = `absen`.`id_user`
ORDER BY `jam` DESC')
 2 SYSTEMPATH\Database\BaseConnection.php(652): CodeIgniter\Database\BaseConnection->simpleQuery('SELECT `absen`.*, `users`.`nama`
FROM `absen`
JOIN `users` ON `users`.`id_user` = `absen`.`id_user`
ORDER BY `jam` DESC')
 3 SYSTEMPATH\Database\BaseBuilder.php(1649): CodeIgniter\Database\BaseConnection->query('SELECT `absen`.*, `users`.`nama`
FROM `absen`
JOIN `users` ON `users`.`id_user` = `absen`.`id_user`
ORDER BY `jam` DESC', [], false)
 4 SYSTEMPATH\Model.php(286): CodeIgniter\Database\BaseBuilder->get()
 5 SYSTEMPATH\BaseModel.php(679): CodeIgniter\Model->doFindAll(0, 0)
 6 APPPATH\Models\Absen.php(52): CodeIgniter\BaseModel->findAll()
 7 APPPATH\Controllers\Admin.php(830): App\Models\Absen->getAllAbsensi()
 8 SYSTEMPATH\CodeIgniter.php(933): App\Controllers\Admin->absensi()
 9 SYSTEMPATH\CodeIgniter.php(507): CodeIgniter\CodeIgniter->runController(Object(App\Controllers\Admin))
10 SYSTEMPATH\CodeIgniter.php(354): CodeIgniter\CodeIgniter->handleRequest(null, Object(Config\Cache), false)
11 SYSTEMPATH\Boot.php(334): CodeIgniter\CodeIgniter->run()
12 SYSTEMPATH\Boot.php(67): CodeIgniter\Boot::runCodeIgniter(Object(CodeIgniter\CodeIgniter))
13 FCPATH\index.php(60): CodeIgniter\Boot::bootWeb(Object(Config\Paths))
14 SYSTEMPATH\rewrite.php(44): require_once('C:\\Users\\LENOVO\\Documents\\SEMPRO TA DLL YANG PETNING POKOKNYA SEMESTER AKHIR\\barber\\public\\index.php')
CRITICAL - 2025-05-31 03:30:29 --> [Caused by] mysqli_sql_exception: Unknown column 'users.nama' in 'field list'
in SYSTEMPATH\Database\MySQLi\Connection.php on line 327.
 1 SYSTEMPATH\Database\MySQLi\Connection.php(327): mysqli->query('SELECT `absen`.*, `users`.`nama`
FROM `absen`
JOIN `users` ON `users`.`id_user` = `absen`.`id_user`
ORDER BY `jam` DESC', 0)
 2 SYSTEMPATH\Database\BaseConnection.php(738): CodeIgniter\Database\MySQLi\Connection->execute('SELECT `absen`.*, `users`.`nama`
FROM `absen`
JOIN `users` ON `users`.`id_user` = `absen`.`id_user`
ORDER BY `jam` DESC')
 3 SYSTEMPATH\Database\BaseConnection.php(652): CodeIgniter\Database\BaseConnection->simpleQuery('SELECT `absen`.*, `users`.`nama`
FROM `absen`
JOIN `users` ON `users`.`id_user` = `absen`.`id_user`
ORDER BY `jam` DESC')
 4 SYSTEMPATH\Database\BaseBuilder.php(1649): CodeIgniter\Database\BaseConnection->query('SELECT `absen`.*, `users`.`nama`
FROM `absen`
JOIN `users` ON `users`.`id_user` = `absen`.`id_user`
ORDER BY `jam` DESC', [], false)
 5 SYSTEMPATH\Model.php(286): CodeIgniter\Database\BaseBuilder->get()
 6 SYSTEMPATH\BaseModel.php(679): CodeIgniter\Model->doFindAll(0, 0)
 7 APPPATH\Models\Absen.php(52): CodeIgniter\BaseModel->findAll()
 8 APPPATH\Controllers\Admin.php(830): App\Models\Absen->getAllAbsensi()
 9 SYSTEMPATH\CodeIgniter.php(933): App\Controllers\Admin->absensi()
10 SYSTEMPATH\CodeIgniter.php(507): CodeIgniter\CodeIgniter->runController(Object(App\Controllers\Admin))
11 SYSTEMPATH\CodeIgniter.php(354): CodeIgniter\CodeIgniter->handleRequest(null, Object(Config\Cache), false)
12 SYSTEMPATH\Boot.php(334): CodeIgniter\CodeIgniter->run()
13 SYSTEMPATH\Boot.php(67): CodeIgniter\Boot::runCodeIgniter(Object(CodeIgniter\CodeIgniter))
14 FCPATH\index.php(60): CodeIgniter\Boot::bootWeb(Object(Config\Paths))
15 SYSTEMPATH\rewrite.php(44): require_once('C:\\Users\\LENOVO\\Documents\\SEMPRO TA DLL YANG PETNING POKOKNYA SEMESTER AKHIR\\barber\\public\\index.php')
CRITICAL - 2025-05-31 03:30:50 --> CodeIgniter\View\Exceptions\ViewException: Invalid file: "admin/absensi.php"
[Method: GET, Route: admin/absensi]
in SYSTEMPATH\Exceptions\FrameworkException.php on line 39.
 1 SYSTEMPATH\View\View.php(212): CodeIgniter\Exceptions\FrameworkException::forInvalidFile('admin/absensi.php')
 2 SYSTEMPATH\Common.php(1173): CodeIgniter\View\View->render('admin/absensi', [], true)
 3 APPPATH\Controllers\Admin.php(832): view('admin/absensi', [...])
 4 SYSTEMPATH\CodeIgniter.php(933): App\Controllers\Admin->absensi()
 5 SYSTEMPATH\CodeIgniter.php(507): CodeIgniter\CodeIgniter->runController(Object(App\Controllers\Admin))
 6 SYSTEMPATH\CodeIgniter.php(354): CodeIgniter\CodeIgniter->handleRequest(null, Object(Config\Cache), false)
 7 SYSTEMPATH\Boot.php(334): CodeIgniter\CodeIgniter->run()
 8 SYSTEMPATH\Boot.php(67): CodeIgniter\Boot::runCodeIgniter(Object(CodeIgniter\CodeIgniter))
 9 FCPATH\index.php(60): CodeIgniter\Boot::bootWeb(Object(Config\Paths))
10 SYSTEMPATH\rewrite.php(44): require_once('C:\\Users\\LENOVO\\Documents\\SEMPRO TA DLL YANG PETNING POKOKNYA SEMESTER AKHIR\\barber\\public\\index.php')
CRITICAL - 2025-05-31 03:31:19 --> CodeIgniter\View\Exceptions\ViewException: Invalid file: "admin/absensi.php"
[Method: GET, Route: admin/absensi]
in SYSTEMPATH\Exceptions\FrameworkException.php on line 39.
 1 SYSTEMPATH\View\View.php(212): CodeIgniter\Exceptions\FrameworkException::forInvalidFile('admin/absensi.php')
 2 SYSTEMPATH\Common.php(1173): CodeIgniter\View\View->render('admin/absensi', [], true)
 3 APPPATH\Controllers\Admin.php(832): view('admin/absensi', [...])
 4 SYSTEMPATH\CodeIgniter.php(933): App\Controllers\Admin->absensi()
 5 SYSTEMPATH\CodeIgniter.php(507): CodeIgniter\CodeIgniter->runController(Object(App\Controllers\Admin))
 6 SYSTEMPATH\CodeIgniter.php(354): CodeIgniter\CodeIgniter->handleRequest(null, Object(Config\Cache), false)
 7 SYSTEMPATH\Boot.php(334): CodeIgniter\CodeIgniter->run()
 8 SYSTEMPATH\Boot.php(67): CodeIgniter\Boot::runCodeIgniter(Object(CodeIgniter\CodeIgniter))
 9 FCPATH\index.php(60): CodeIgniter\Boot::bootWeb(Object(Config\Paths))
10 SYSTEMPATH\rewrite.php(44): require_once('C:\\Users\\LENOVO\\Documents\\SEMPRO TA DLL YANG PETNING POKOKNYA SEMESTER AKHIR\\barber\\public\\index.php')
CRITICAL - 2025-05-31 03:38:56 --> ErrorException: Undefined array key "nama"
[Method: GET, Route: admin/absen]
in APPPATH\Views\admin\absen.php on line 34.
 1 APPPATH\Views\admin\absen.php(34): CodeIgniter\Debug\Exceptions->errorHandler(2, 'Undefined array key "nama"', 'C:\\Users\\LENOVO\\Documents\\SEMPRO TA DLL YANG PETNING POKOKNYA SEMESTER AKHIR\\barber\\app\\Views\\admin\\absen.php', 34)
 2 SYSTEMPATH\View\View.php(224): include('C:\\Users\\LENOVO\\Documents\\SEMPRO TA DLL YANG PETNING POKOKNYA SEMESTER AKHIR\\barber\\app\\Views\\admin\\absen.php')
 3 SYSTEMPATH\View\View.php(227): CodeIgniter\View\View->CodeIgniter\View\{closure}()
 4 SYSTEMPATH\Common.php(1173): CodeIgniter\View\View->render('admin/absen', [], true)
 5 APPPATH\Controllers\Admin.php(832): view('admin/absen', [...])
 6 SYSTEMPATH\CodeIgniter.php(933): App\Controllers\Admin->absensi()
 7 SYSTEMPATH\CodeIgniter.php(507): CodeIgniter\CodeIgniter->runController(Object(App\Controllers\Admin))
 8 SYSTEMPATH\CodeIgniter.php(354): CodeIgniter\CodeIgniter->handleRequest(null, Object(Config\Cache), false)
 9 SYSTEMPATH\Boot.php(334): CodeIgniter\CodeIgniter->run()
10 SYSTEMPATH\Boot.php(67): CodeIgniter\Boot::runCodeIgniter(Object(CodeIgniter\CodeIgniter))
11 FCPATH\index.php(60): CodeIgniter\Boot::bootWeb(Object(Config\Paths))
12 SYSTEMPATH\rewrite.php(44): require_once('C:\\Users\\LENOVO\\Documents\\SEMPRO TA DLL YANG PETNING POKOKNYA SEMESTER AKHIR\\barber\\public\\index.php')
CRITICAL - 2025-05-31 03:39:20 --> ErrorException: Undefined array key "name"
[Method: GET, Route: admin/absen]
in APPPATH\Views\admin\absen.php on line 34.
 1 APPPATH\Views\admin\absen.php(34): CodeIgniter\Debug\Exceptions->errorHandler(2, 'Undefined array key "name"', 'C:\\Users\\LENOVO\\Documents\\SEMPRO TA DLL YANG PETNING POKOKNYA SEMESTER AKHIR\\barber\\app\\Views\\admin\\absen.php', 34)
 2 SYSTEMPATH\View\View.php(224): include('C:\\Users\\LENOVO\\Documents\\SEMPRO TA DLL YANG PETNING POKOKNYA SEMESTER AKHIR\\barber\\app\\Views\\admin\\absen.php')
 3 SYSTEMPATH\View\View.php(227): CodeIgniter\View\View->CodeIgniter\View\{closure}()
 4 SYSTEMPATH\Common.php(1173): CodeIgniter\View\View->render('admin/absen', [], true)
 5 APPPATH\Controllers\Admin.php(832): view('admin/absen', [...])
 6 SYSTEMPATH\CodeIgniter.php(933): App\Controllers\Admin->absensi()
 7 SYSTEMPATH\CodeIgniter.php(507): CodeIgniter\CodeIgniter->runController(Object(App\Controllers\Admin))
 8 SYSTEMPATH\CodeIgniter.php(354): CodeIgniter\CodeIgniter->handleRequest(null, Object(Config\Cache), false)
 9 SYSTEMPATH\Boot.php(334): CodeIgniter\CodeIgniter->run()
10 SYSTEMPATH\Boot.php(67): CodeIgniter\Boot::runCodeIgniter(Object(CodeIgniter\CodeIgniter))
11 FCPATH\index.php(60): CodeIgniter\Boot::bootWeb(Object(Config\Paths))
12 SYSTEMPATH\rewrite.php(44): require_once('C:\\Users\\LENOVO\\Documents\\SEMPRO TA DLL YANG PETNING POKOKNYA SEMESTER AKHIR\\barber\\public\\index.php')
