CRITICAL - 2025-06-05 01:32:12 --> ErrorException: Undefined array key "nama_pegawai"
[Method: GET, Route: member/dashboard]
in APPPATH\Views\member\index.php on line 261.
 1 APPPATH\Views\member\index.php(261): CodeIgniter\Debug\Exceptions->errorHandler(2, 'Undefined array key "nama_pegawai"', 'C:\\Users\\LENOVO\\Documents\\SEMPRO TA DLL YANG PETNING POKOKNYA SEMESTER AKHIR\\barber\\app\\Views\\member\\index.php', 261)
 2 SYSTEMPATH\View\View.php(224): include('C:\\Users\\LENOVO\\Documents\\SEMPRO TA DLL YANG PETNING POKOKNYA SEMESTER AKHIR\\barber\\app\\Views\\member\\index.php')
 3 SYSTEMPATH\View\View.php(227): CodeIgniter\View\View->CodeIgniter\View\{closure}()
 4 SYSTEMPATH\Common.php(1173): CodeIgniter\View\View->render('member/index', [], true)
 5 APPPATH\Controllers\Member.php(65): view('member/index', [...])
 6 SYSTEMPATH\CodeIgniter.php(933): App\Controllers\Member->dashboard()
 7 SYSTEMPATH\CodeIgniter.php(507): CodeIgniter\CodeIgniter->runController(Object(App\Controllers\Member))
 8 SYSTEMPATH\CodeIgniter.php(354): CodeIgniter\CodeIgniter->handleRequest(null, Object(Config\Cache), false)
 9 SYSTEMPATH\Boot.php(334): CodeIgniter\CodeIgniter->run()
10 SYSTEMPATH\Boot.php(67): CodeIgniter\Boot::runCodeIgniter(Object(CodeIgniter\CodeIgniter))
11 FCPATH\index.php(60): CodeIgniter\Boot::bootWeb(Object(Config\Paths))
12 SYSTEMPATH\rewrite.php(44): require_once('C:\\Users\\LENOVO\\Documents\\SEMPRO TA DLL YANG PETNING POKOKNYA SEMESTER AKHIR\\barber\\public\\index.php')
CRITICAL - 2025-06-05 01:32:38 --> ErrorException: Undefined array key "pegawai"
[Method: GET, Route: member/dashboard]
in APPPATH\Views\member\index.php on line 261.
 1 APPPATH\Views\member\index.php(261): CodeIgniter\Debug\Exceptions->errorHandler(2, 'Undefined array key "pegawai"', 'C:\\Users\\LENOVO\\Documents\\SEMPRO TA DLL YANG PETNING POKOKNYA SEMESTER AKHIR\\barber\\app\\Views\\member\\index.php', 261)
 2 SYSTEMPATH\View\View.php(224): include('C:\\Users\\LENOVO\\Documents\\SEMPRO TA DLL YANG PETNING POKOKNYA SEMESTER AKHIR\\barber\\app\\Views\\member\\index.php')
 3 SYSTEMPATH\View\View.php(227): CodeIgniter\View\View->CodeIgniter\View\{closure}()
 4 SYSTEMPATH\Common.php(1173): CodeIgniter\View\View->render('member/index', [], true)
 5 APPPATH\Controllers\Member.php(65): view('member/index', [...])
 6 SYSTEMPATH\CodeIgniter.php(933): App\Controllers\Member->dashboard()
 7 SYSTEMPATH\CodeIgniter.php(507): CodeIgniter\CodeIgniter->runController(Object(App\Controllers\Member))
 8 SYSTEMPATH\CodeIgniter.php(354): CodeIgniter\CodeIgniter->handleRequest(null, Object(Config\Cache), false)
 9 SYSTEMPATH\Boot.php(334): CodeIgniter\CodeIgniter->run()
10 SYSTEMPATH\Boot.php(67): CodeIgniter\Boot::runCodeIgniter(Object(CodeIgniter\CodeIgniter))
11 FCPATH\index.php(60): CodeIgniter\Boot::bootWeb(Object(Config\Paths))
12 SYSTEMPATH\rewrite.php(44): require_once('C:\\Users\\LENOVO\\Documents\\SEMPRO TA DLL YANG PETNING POKOKNYA SEMESTER AKHIR\\barber\\public\\index.php')
CRITICAL - 2025-06-05 01:32:44 --> ErrorException: Undefined array key "nama"
[Method: GET, Route: member/dashboard]
in APPPATH\Views\member\index.php on line 261.
 1 APPPATH\Views\member\index.php(261): CodeIgniter\Debug\Exceptions->errorHandler(2, 'Undefined array key "nama"', 'C:\\Users\\LENOVO\\Documents\\SEMPRO TA DLL YANG PETNING POKOKNYA SEMESTER AKHIR\\barber\\app\\Views\\member\\index.php', 261)
 2 SYSTEMPATH\View\View.php(224): include('C:\\Users\\LENOVO\\Documents\\SEMPRO TA DLL YANG PETNING POKOKNYA SEMESTER AKHIR\\barber\\app\\Views\\member\\index.php')
 3 SYSTEMPATH\View\View.php(227): CodeIgniter\View\View->CodeIgniter\View\{closure}()
 4 SYSTEMPATH\Common.php(1173): CodeIgniter\View\View->render('member/index', [], true)
 5 APPPATH\Controllers\Member.php(65): view('member/index', [...])
 6 SYSTEMPATH\CodeIgniter.php(933): App\Controllers\Member->dashboard()
 7 SYSTEMPATH\CodeIgniter.php(507): CodeIgniter\CodeIgniter->runController(Object(App\Controllers\Member))
 8 SYSTEMPATH\CodeIgniter.php(354): CodeIgniter\CodeIgniter->handleRequest(null, Object(Config\Cache), false)
 9 SYSTEMPATH\Boot.php(334): CodeIgniter\CodeIgniter->run()
10 SYSTEMPATH\Boot.php(67): CodeIgniter\Boot::runCodeIgniter(Object(CodeIgniter\CodeIgniter))
11 FCPATH\index.php(60): CodeIgniter\Boot::bootWeb(Object(Config\Paths))
12 SYSTEMPATH\rewrite.php(44): require_once('C:\\Users\\LENOVO\\Documents\\SEMPRO TA DLL YANG PETNING POKOKNYA SEMESTER AKHIR\\barber\\public\\index.php')
CRITICAL - 2025-06-05 01:35:06 --> ErrorException: Undefined array key "nama"
[Method: GET, Route: member/dashboard]
in APPPATH\Views\member\index.php on line 261.
 1 APPPATH\Views\member\index.php(261): CodeIgniter\Debug\Exceptions->errorHandler(2, 'Undefined array key "nama"', 'C:\\Users\\LENOVO\\Documents\\SEMPRO TA DLL YANG PETNING POKOKNYA SEMESTER AKHIR\\barber\\app\\Views\\member\\index.php', 261)
 2 SYSTEMPATH\View\View.php(224): include('C:\\Users\\LENOVO\\Documents\\SEMPRO TA DLL YANG PETNING POKOKNYA SEMESTER AKHIR\\barber\\app\\Views\\member\\index.php')
 3 SYSTEMPATH\View\View.php(227): CodeIgniter\View\View->CodeIgniter\View\{closure}()
 4 SYSTEMPATH\Common.php(1173): CodeIgniter\View\View->render('member/index', [], true)
 5 APPPATH\Controllers\Member.php(65): view('member/index', [...])
 6 SYSTEMPATH\CodeIgniter.php(933): App\Controllers\Member->dashboard()
 7 SYSTEMPATH\CodeIgniter.php(507): CodeIgniter\CodeIgniter->runController(Object(App\Controllers\Member))
 8 SYSTEMPATH\CodeIgniter.php(354): CodeIgniter\CodeIgniter->handleRequest(null, Object(Config\Cache), false)
 9 SYSTEMPATH\Boot.php(334): CodeIgniter\CodeIgniter->run()
10 SYSTEMPATH\Boot.php(67): CodeIgniter\Boot::runCodeIgniter(Object(CodeIgniter\CodeIgniter))
11 FCPATH\index.php(60): CodeIgniter\Boot::bootWeb(Object(Config\Paths))
12 SYSTEMPATH\rewrite.php(44): require_once('C:\\Users\\LENOVO\\Documents\\SEMPRO TA DLL YANG PETNING POKOKNYA SEMESTER AKHIR\\barber\\public\\index.php')
CRITICAL - 2025-06-05 01:35:48 --> ErrorException: Undefined array key "nama"
[Method: GET, Route: member/dashboard]
in APPPATH\Views\member\index.php on line 261.
 1 APPPATH\Views\member\index.php(261): CodeIgniter\Debug\Exceptions->errorHandler(2, 'Undefined array key "nama"', 'C:\\Users\\LENOVO\\Documents\\SEMPRO TA DLL YANG PETNING POKOKNYA SEMESTER AKHIR\\barber\\app\\Views\\member\\index.php', 261)
 2 SYSTEMPATH\View\View.php(224): include('C:\\Users\\LENOVO\\Documents\\SEMPRO TA DLL YANG PETNING POKOKNYA SEMESTER AKHIR\\barber\\app\\Views\\member\\index.php')
 3 SYSTEMPATH\View\View.php(227): CodeIgniter\View\View->CodeIgniter\View\{closure}()
 4 SYSTEMPATH\Common.php(1173): CodeIgniter\View\View->render('member/index', [], true)
 5 APPPATH\Controllers\Member.php(65): view('member/index', [...])
 6 SYSTEMPATH\CodeIgniter.php(933): App\Controllers\Member->dashboard()
 7 SYSTEMPATH\CodeIgniter.php(507): CodeIgniter\CodeIgniter->runController(Object(App\Controllers\Member))
 8 SYSTEMPATH\CodeIgniter.php(354): CodeIgniter\CodeIgniter->handleRequest(null, Object(Config\Cache), false)
 9 SYSTEMPATH\Boot.php(334): CodeIgniter\CodeIgniter->run()
10 SYSTEMPATH\Boot.php(67): CodeIgniter\Boot::runCodeIgniter(Object(CodeIgniter\CodeIgniter))
11 FCPATH\index.php(60): CodeIgniter\Boot::bootWeb(Object(Config\Paths))
12 SYSTEMPATH\rewrite.php(44): require_once('C:\\Users\\LENOVO\\Documents\\SEMPRO TA DLL YANG PETNING POKOKNYA SEMESTER AKHIR\\barber\\public\\index.php')
CRITICAL - 2025-06-05 01:36:02 --> ErrorException: Undefined array key "nama"
[Method: GET, Route: member/dashboard]
in APPPATH\Views\member\index.php on line 261.
 1 APPPATH\Views\member\index.php(261): CodeIgniter\Debug\Exceptions->errorHandler(2, 'Undefined array key "nama"', 'C:\\Users\\LENOVO\\Documents\\SEMPRO TA DLL YANG PETNING POKOKNYA SEMESTER AKHIR\\barber\\app\\Views\\member\\index.php', 261)
 2 SYSTEMPATH\View\View.php(224): include('C:\\Users\\LENOVO\\Documents\\SEMPRO TA DLL YANG PETNING POKOKNYA SEMESTER AKHIR\\barber\\app\\Views\\member\\index.php')
 3 SYSTEMPATH\View\View.php(227): CodeIgniter\View\View->CodeIgniter\View\{closure}()
 4 SYSTEMPATH\Common.php(1173): CodeIgniter\View\View->render('member/index', [], true)
 5 APPPATH\Controllers\Member.php(65): view('member/index', [...])
 6 SYSTEMPATH\CodeIgniter.php(933): App\Controllers\Member->dashboard()
 7 SYSTEMPATH\CodeIgniter.php(507): CodeIgniter\CodeIgniter->runController(Object(App\Controllers\Member))
 8 SYSTEMPATH\CodeIgniter.php(354): CodeIgniter\CodeIgniter->handleRequest(null, Object(Config\Cache), false)
 9 SYSTEMPATH\Boot.php(334): CodeIgniter\CodeIgniter->run()
10 SYSTEMPATH\Boot.php(67): CodeIgniter\Boot::runCodeIgniter(Object(CodeIgniter\CodeIgniter))
11 FCPATH\index.php(60): CodeIgniter\Boot::bootWeb(Object(Config\Paths))
12 SYSTEMPATH\rewrite.php(44): require_once('C:\\Users\\LENOVO\\Documents\\SEMPRO TA DLL YANG PETNING POKOKNYA SEMESTER AKHIR\\barber\\public\\index.php')
CRITICAL - 2025-06-05 01:43:26 --> ErrorException: Undefined array key "nama_pegawai"
[Method: GET, Route: member/dashboard]
in APPPATH\Views\member\index.php on line 261.
 1 APPPATH\Views\member\index.php(261): CodeIgniter\Debug\Exceptions->errorHandler(2, 'Undefined array key "nama_pegawai"', 'C:\\Users\\LENOVO\\Documents\\SEMPRO TA DLL YANG PETNING POKOKNYA SEMESTER AKHIR\\barber\\app\\Views\\member\\index.php', 261)
 2 SYSTEMPATH\View\View.php(224): include('C:\\Users\\LENOVO\\Documents\\SEMPRO TA DLL YANG PETNING POKOKNYA SEMESTER AKHIR\\barber\\app\\Views\\member\\index.php')
 3 SYSTEMPATH\View\View.php(227): CodeIgniter\View\View->CodeIgniter\View\{closure}()
 4 SYSTEMPATH\Common.php(1173): CodeIgniter\View\View->render('member/index', [], true)
 5 APPPATH\Controllers\Member.php(65): view('member/index', [...])
 6 SYSTEMPATH\CodeIgniter.php(933): App\Controllers\Member->dashboard()
 7 SYSTEMPATH\CodeIgniter.php(507): CodeIgniter\CodeIgniter->runController(Object(App\Controllers\Member))
 8 SYSTEMPATH\CodeIgniter.php(354): CodeIgniter\CodeIgniter->handleRequest(null, Object(Config\Cache), false)
 9 SYSTEMPATH\Boot.php(334): CodeIgniter\CodeIgniter->run()
10 SYSTEMPATH\Boot.php(67): CodeIgniter\Boot::runCodeIgniter(Object(CodeIgniter\CodeIgniter))
11 FCPATH\index.php(60): CodeIgniter\Boot::bootWeb(Object(Config\Paths))
12 SYSTEMPATH\rewrite.php(44): require_once('C:\\Users\\LENOVO\\Documents\\SEMPRO TA DLL YANG PETNING POKOKNYA SEMESTER AKHIR\\barber\\public\\index.php')
CRITICAL - 2025-06-05 01:43:34 --> ErrorException: Undefined array key "nama_pegawai"
[Method: GET, Route: member/dashboard]
in APPPATH\Views\member\index.php on line 261.
 1 APPPATH\Views\member\index.php(261): CodeIgniter\Debug\Exceptions->errorHandler(2, 'Undefined array key "nama_pegawai"', 'C:\\Users\\LENOVO\\Documents\\SEMPRO TA DLL YANG PETNING POKOKNYA SEMESTER AKHIR\\barber\\app\\Views\\member\\index.php', 261)
 2 SYSTEMPATH\View\View.php(224): include('C:\\Users\\LENOVO\\Documents\\SEMPRO TA DLL YANG PETNING POKOKNYA SEMESTER AKHIR\\barber\\app\\Views\\member\\index.php')
 3 SYSTEMPATH\View\View.php(227): CodeIgniter\View\View->CodeIgniter\View\{closure}()
 4 SYSTEMPATH\Common.php(1173): CodeIgniter\View\View->render('member/index', [], true)
 5 APPPATH\Controllers\Member.php(65): view('member/index', [...])
 6 SYSTEMPATH\CodeIgniter.php(933): App\Controllers\Member->dashboard()
 7 SYSTEMPATH\CodeIgniter.php(507): CodeIgniter\CodeIgniter->runController(Object(App\Controllers\Member))
 8 SYSTEMPATH\CodeIgniter.php(354): CodeIgniter\CodeIgniter->handleRequest(null, Object(Config\Cache), false)
 9 SYSTEMPATH\Boot.php(334): CodeIgniter\CodeIgniter->run()
10 SYSTEMPATH\Boot.php(67): CodeIgniter\Boot::runCodeIgniter(Object(CodeIgniter\CodeIgniter))
11 FCPATH\index.php(60): CodeIgniter\Boot::bootWeb(Object(Config\Paths))
12 SYSTEMPATH\rewrite.php(44): require_once('C:\\Users\\LENOVO\\Documents\\SEMPRO TA DLL YANG PETNING POKOKNYA SEMESTER AKHIR\\barber\\public\\index.php')
CRITICAL - 2025-06-05 01:43:40 --> ErrorException: Undefined array key "nama_pegawai"
[Method: GET, Route: member/dashboard]
in APPPATH\Views\member\index.php on line 261.
 1 APPPATH\Views\member\index.php(261): CodeIgniter\Debug\Exceptions->errorHandler(2, 'Undefined array key "nama_pegawai"', 'C:\\Users\\LENOVO\\Documents\\SEMPRO TA DLL YANG PETNING POKOKNYA SEMESTER AKHIR\\barber\\app\\Views\\member\\index.php', 261)
 2 SYSTEMPATH\View\View.php(224): include('C:\\Users\\LENOVO\\Documents\\SEMPRO TA DLL YANG PETNING POKOKNYA SEMESTER AKHIR\\barber\\app\\Views\\member\\index.php')
 3 SYSTEMPATH\View\View.php(227): CodeIgniter\View\View->CodeIgniter\View\{closure}()
 4 SYSTEMPATH\Common.php(1173): CodeIgniter\View\View->render('member/index', [], true)
 5 APPPATH\Controllers\Member.php(65): view('member/index', [...])
 6 SYSTEMPATH\CodeIgniter.php(933): App\Controllers\Member->dashboard()
 7 SYSTEMPATH\CodeIgniter.php(507): CodeIgniter\CodeIgniter->runController(Object(App\Controllers\Member))
 8 SYSTEMPATH\CodeIgniter.php(354): CodeIgniter\CodeIgniter->handleRequest(null, Object(Config\Cache), false)
 9 SYSTEMPATH\Boot.php(334): CodeIgniter\CodeIgniter->run()
10 SYSTEMPATH\Boot.php(67): CodeIgniter\Boot::runCodeIgniter(Object(CodeIgniter\CodeIgniter))
11 FCPATH\index.php(60): CodeIgniter\Boot::bootWeb(Object(Config\Paths))
12 SYSTEMPATH\rewrite.php(44): require_once('C:\\Users\\LENOVO\\Documents\\SEMPRO TA DLL YANG PETNING POKOKNYA SEMESTER AKHIR\\barber\\public\\index.php')
CRITICAL - 2025-06-05 01:46:15 --> ErrorException: Undefined array key "nama_pegawai"
[Method: GET, Route: member/dashboard]
in APPPATH\Views\member\index.php on line 261.
 1 APPPATH\Views\member\index.php(261): CodeIgniter\Debug\Exceptions->errorHandler(2, 'Undefined array key "nama_pegawai"', 'C:\\Users\\LENOVO\\Documents\\SEMPRO TA DLL YANG PETNING POKOKNYA SEMESTER AKHIR\\barber\\app\\Views\\member\\index.php', 261)
 2 SYSTEMPATH\View\View.php(224): include('C:\\Users\\LENOVO\\Documents\\SEMPRO TA DLL YANG PETNING POKOKNYA SEMESTER AKHIR\\barber\\app\\Views\\member\\index.php')
 3 SYSTEMPATH\View\View.php(227): CodeIgniter\View\View->CodeIgniter\View\{closure}()
 4 SYSTEMPATH\Common.php(1173): CodeIgniter\View\View->render('member/index', [], true)
 5 APPPATH\Controllers\Member.php(65): view('member/index', [...])
 6 SYSTEMPATH\CodeIgniter.php(933): App\Controllers\Member->dashboard()
 7 SYSTEMPATH\CodeIgniter.php(507): CodeIgniter\CodeIgniter->runController(Object(App\Controllers\Member))
 8 SYSTEMPATH\CodeIgniter.php(354): CodeIgniter\CodeIgniter->handleRequest(null, Object(Config\Cache), false)
 9 SYSTEMPATH\Boot.php(334): CodeIgniter\CodeIgniter->run()
10 SYSTEMPATH\Boot.php(67): CodeIgniter\Boot::runCodeIgniter(Object(CodeIgniter\CodeIgniter))
11 FCPATH\index.php(60): CodeIgniter\Boot::bootWeb(Object(Config\Paths))
12 SYSTEMPATH\rewrite.php(44): require_once('C:\\Users\\LENOVO\\Documents\\SEMPRO TA DLL YANG PETNING POKOKNYA SEMESTER AKHIR\\barber\\public\\index.php')
ERROR - 2025-06-05 01:58:15 --> mysqli_sql_exception: Unknown column 'id_member' in 'where clause' in C:\Users\LENOVO\Documents\SEMPRO TA DLL YANG PETNING POKOKNYA SEMESTER AKHIR\barber\system\Database\MySQLi\Connection.php:327
Stack trace:
#0 C:\Users\LENOVO\Documents\SEMPRO TA DLL YANG PETNING POKOKNYA SEMESTER AKHIR\barber\system\Database\MySQLi\Connection.php(327): mysqli->query('SELECT *\nFROM `...', 0)
#1 C:\Users\LENOVO\Documents\SEMPRO TA DLL YANG PETNING POKOKNYA SEMESTER AKHIR\barber\system\Database\BaseConnection.php(738): CodeIgniter\Database\MySQLi\Connection->execute('SELECT *\nFROM `...')
#2 C:\Users\LENOVO\Documents\SEMPRO TA DLL YANG PETNING POKOKNYA SEMESTER AKHIR\barber\system\Database\BaseConnection.php(652): CodeIgniter\Database\BaseConnection->simpleQuery('SELECT *\nFROM `...')
#3 C:\Users\LENOVO\Documents\SEMPRO TA DLL YANG PETNING POKOKNYA SEMESTER AKHIR\barber\system\Database\BaseBuilder.php(1649): CodeIgniter\Database\BaseConnection->query('SELECT *\nFROM `...', Array, false)
#4 C:\Users\LENOVO\Documents\SEMPRO TA DLL YANG PETNING POKOKNYA SEMESTER AKHIR\barber\system\Model.php(286): CodeIgniter\Database\BaseBuilder->get()
#5 C:\Users\LENOVO\Documents\SEMPRO TA DLL YANG PETNING POKOKNYA SEMESTER AKHIR\barber\system\BaseModel.php(679): CodeIgniter\Model->doFindAll(0, 0)
#6 C:\Users\LENOVO\Documents\SEMPRO TA DLL YANG PETNING POKOKNYA SEMESTER AKHIR\barber\app\Controllers\Member.php(205): CodeIgniter\BaseModel->findAll()
#7 C:\Users\LENOVO\Documents\SEMPRO TA DLL YANG PETNING POKOKNYA SEMESTER AKHIR\barber\system\CodeIgniter.php(933): App\Controllers\Member->invoiceHistory('101')
#8 C:\Users\LENOVO\Documents\SEMPRO TA DLL YANG PETNING POKOKNYA SEMESTER AKHIR\barber\system\CodeIgniter.php(507): CodeIgniter\CodeIgniter->runController(Object(App\Controllers\Member))
#9 C:\Users\LENOVO\Documents\SEMPRO TA DLL YANG PETNING POKOKNYA SEMESTER AKHIR\barber\system\CodeIgniter.php(354): CodeIgniter\CodeIgniter->handleRequest(NULL, Object(Config\Cache), false)
#10 C:\Users\LENOVO\Documents\SEMPRO TA DLL YANG PETNING POKOKNYA SEMESTER AKHIR\barber\system\Boot.php(334): CodeIgniter\CodeIgniter->run()
#11 C:\Users\LENOVO\Documents\SEMPRO TA DLL YANG PETNING POKOKNYA SEMESTER AKHIR\barber\system\Boot.php(67): CodeIgniter\Boot::runCodeIgniter(Object(CodeIgniter\CodeIgniter))
#12 C:\Users\LENOVO\Documents\SEMPRO TA DLL YANG PETNING POKOKNYA SEMESTER AKHIR\barber\public\index.php(60): CodeIgniter\Boot::bootWeb(Object(Config\Paths))
#13 C:\Users\LENOVO\Documents\SEMPRO TA DLL YANG PETNING POKOKNYA SEMESTER AKHIR\barber\system\rewrite.php(44): require_once('C:\\Users\\LENOVO...')
#14 {main}
CRITICAL - 2025-06-05 01:58:15 --> CodeIgniter\Database\Exceptions\DatabaseException: Unknown column 'id_member' in 'where clause'
[Method: GET, Route: member/dashboard/101]
in SYSTEMPATH\Database\BaseConnection.php on line 692.
 1 SYSTEMPATH\Database\BaseBuilder.php(1649): CodeIgniter\Database\BaseConnection->query('SELECT *
FROM `tblinvoice`
WHERE `id_member` IS NULL', [], false)
 2 SYSTEMPATH\Model.php(286): CodeIgniter\Database\BaseBuilder->get()
 3 SYSTEMPATH\BaseModel.php(679): CodeIgniter\Model->doFindAll(0, 0)
 4 APPPATH\Controllers\Member.php(205): CodeIgniter\BaseModel->findAll()
 5 SYSTEMPATH\CodeIgniter.php(933): App\Controllers\Member->invoiceHistory('101')
 6 SYSTEMPATH\CodeIgniter.php(507): CodeIgniter\CodeIgniter->runController(Object(App\Controllers\Member))
 7 SYSTEMPATH\CodeIgniter.php(354): CodeIgniter\CodeIgniter->handleRequest(null, Object(Config\Cache), false)
 8 SYSTEMPATH\Boot.php(334): CodeIgniter\CodeIgniter->run()
 9 SYSTEMPATH\Boot.php(67): CodeIgniter\Boot::runCodeIgniter(Object(CodeIgniter\CodeIgniter))
10 FCPATH\index.php(60): CodeIgniter\Boot::bootWeb(Object(Config\Paths))
11 SYSTEMPATH\rewrite.php(44): require_once('C:\\Users\\LENOVO\\Documents\\SEMPRO TA DLL YANG PETNING POKOKNYA SEMESTER AKHIR\\barber\\public\\index.php')
CRITICAL - 2025-06-05 01:58:15 --> [Caused by] CodeIgniter\Database\Exceptions\DatabaseException: Unknown column 'id_member' in 'where clause'
in SYSTEMPATH\Database\MySQLi\Connection.php on line 332.
 1 SYSTEMPATH\Database\BaseConnection.php(738): CodeIgniter\Database\MySQLi\Connection->execute('SELECT *
FROM `tblinvoice`
WHERE `id_member` IS NULL')
 2 SYSTEMPATH\Database\BaseConnection.php(652): CodeIgniter\Database\BaseConnection->simpleQuery('SELECT *
FROM `tblinvoice`
WHERE `id_member` IS NULL')
 3 SYSTEMPATH\Database\BaseBuilder.php(1649): CodeIgniter\Database\BaseConnection->query('SELECT *
FROM `tblinvoice`
WHERE `id_member` IS NULL', [], false)
 4 SYSTEMPATH\Model.php(286): CodeIgniter\Database\BaseBuilder->get()
 5 SYSTEMPATH\BaseModel.php(679): CodeIgniter\Model->doFindAll(0, 0)
 6 APPPATH\Controllers\Member.php(205): CodeIgniter\BaseModel->findAll()
 7 SYSTEMPATH\CodeIgniter.php(933): App\Controllers\Member->invoiceHistory('101')
 8 SYSTEMPATH\CodeIgniter.php(507): CodeIgniter\CodeIgniter->runController(Object(App\Controllers\Member))
 9 SYSTEMPATH\CodeIgniter.php(354): CodeIgniter\CodeIgniter->handleRequest(null, Object(Config\Cache), false)
10 SYSTEMPATH\Boot.php(334): CodeIgniter\CodeIgniter->run()
11 SYSTEMPATH\Boot.php(67): CodeIgniter\Boot::runCodeIgniter(Object(CodeIgniter\CodeIgniter))
12 FCPATH\index.php(60): CodeIgniter\Boot::bootWeb(Object(Config\Paths))
13 SYSTEMPATH\rewrite.php(44): require_once('C:\\Users\\LENOVO\\Documents\\SEMPRO TA DLL YANG PETNING POKOKNYA SEMESTER AKHIR\\barber\\public\\index.php')
CRITICAL - 2025-06-05 01:58:15 --> [Caused by] mysqli_sql_exception: Unknown column 'id_member' in 'where clause'
in SYSTEMPATH\Database\MySQLi\Connection.php on line 327.
 1 SYSTEMPATH\Database\MySQLi\Connection.php(327): mysqli->query('SELECT *
FROM `tblinvoice`
WHERE `id_member` IS NULL', 0)
 2 SYSTEMPATH\Database\BaseConnection.php(738): CodeIgniter\Database\MySQLi\Connection->execute('SELECT *
FROM `tblinvoice`
WHERE `id_member` IS NULL')
 3 SYSTEMPATH\Database\BaseConnection.php(652): CodeIgniter\Database\BaseConnection->simpleQuery('SELECT *
FROM `tblinvoice`
WHERE `id_member` IS NULL')
 4 SYSTEMPATH\Database\BaseBuilder.php(1649): CodeIgniter\Database\BaseConnection->query('SELECT *
FROM `tblinvoice`
WHERE `id_member` IS NULL', [], false)
 5 SYSTEMPATH\Model.php(286): CodeIgniter\Database\BaseBuilder->get()
 6 SYSTEMPATH\BaseModel.php(679): CodeIgniter\Model->doFindAll(0, 0)
 7 APPPATH\Controllers\Member.php(205): CodeIgniter\BaseModel->findAll()
 8 SYSTEMPATH\CodeIgniter.php(933): App\Controllers\Member->invoiceHistory('101')
 9 SYSTEMPATH\CodeIgniter.php(507): CodeIgniter\CodeIgniter->runController(Object(App\Controllers\Member))
10 SYSTEMPATH\CodeIgniter.php(354): CodeIgniter\CodeIgniter->handleRequest(null, Object(Config\Cache), false)
11 SYSTEMPATH\Boot.php(334): CodeIgniter\CodeIgniter->run()
12 SYSTEMPATH\Boot.php(67): CodeIgniter\Boot::runCodeIgniter(Object(CodeIgniter\CodeIgniter))
13 FCPATH\index.php(60): CodeIgniter\Boot::bootWeb(Object(Config\Paths))
14 SYSTEMPATH\rewrite.php(44): require_once('C:\\Users\\LENOVO\\Documents\\SEMPRO TA DLL YANG PETNING POKOKNYA SEMESTER AKHIR\\barber\\public\\index.php')
ERROR - 2025-06-05 01:59:12 --> mysqli_sql_exception: Unknown column 'id_member' in 'where clause' in C:\Users\LENOVO\Documents\SEMPRO TA DLL YANG PETNING POKOKNYA SEMESTER AKHIR\barber\system\Database\MySQLi\Connection.php:327
Stack trace:
#0 C:\Users\LENOVO\Documents\SEMPRO TA DLL YANG PETNING POKOKNYA SEMESTER AKHIR\barber\system\Database\MySQLi\Connection.php(327): mysqli->query('SELECT *\nFROM `...', 0)
#1 C:\Users\LENOVO\Documents\SEMPRO TA DLL YANG PETNING POKOKNYA SEMESTER AKHIR\barber\system\Database\BaseConnection.php(738): CodeIgniter\Database\MySQLi\Connection->execute('SELECT *\nFROM `...')
#2 C:\Users\LENOVO\Documents\SEMPRO TA DLL YANG PETNING POKOKNYA SEMESTER AKHIR\barber\system\Database\BaseConnection.php(652): CodeIgniter\Database\BaseConnection->simpleQuery('SELECT *\nFROM `...')
#3 C:\Users\LENOVO\Documents\SEMPRO TA DLL YANG PETNING POKOKNYA SEMESTER AKHIR\barber\system\Database\BaseBuilder.php(1649): CodeIgniter\Database\BaseConnection->query('SELECT *\nFROM `...', Array, false)
#4 C:\Users\LENOVO\Documents\SEMPRO TA DLL YANG PETNING POKOKNYA SEMESTER AKHIR\barber\system\Model.php(286): CodeIgniter\Database\BaseBuilder->get()
#5 C:\Users\LENOVO\Documents\SEMPRO TA DLL YANG PETNING POKOKNYA SEMESTER AKHIR\barber\system\BaseModel.php(679): CodeIgniter\Model->doFindAll(0, 0)
#6 C:\Users\LENOVO\Documents\SEMPRO TA DLL YANG PETNING POKOKNYA SEMESTER AKHIR\barber\app\Controllers\Member.php(204): CodeIgniter\BaseModel->findAll()
#7 C:\Users\LENOVO\Documents\SEMPRO TA DLL YANG PETNING POKOKNYA SEMESTER AKHIR\barber\system\CodeIgniter.php(933): App\Controllers\Member->invoiceHistory('101')
#8 C:\Users\LENOVO\Documents\SEMPRO TA DLL YANG PETNING POKOKNYA SEMESTER AKHIR\barber\system\CodeIgniter.php(507): CodeIgniter\CodeIgniter->runController(Object(App\Controllers\Member))
#9 C:\Users\LENOVO\Documents\SEMPRO TA DLL YANG PETNING POKOKNYA SEMESTER AKHIR\barber\system\CodeIgniter.php(354): CodeIgniter\CodeIgniter->handleRequest(NULL, Object(Config\Cache), false)
#10 C:\Users\LENOVO\Documents\SEMPRO TA DLL YANG PETNING POKOKNYA SEMESTER AKHIR\barber\system\Boot.php(334): CodeIgniter\CodeIgniter->run()
#11 C:\Users\LENOVO\Documents\SEMPRO TA DLL YANG PETNING POKOKNYA SEMESTER AKHIR\barber\system\Boot.php(67): CodeIgniter\Boot::runCodeIgniter(Object(CodeIgniter\CodeIgniter))
#12 C:\Users\LENOVO\Documents\SEMPRO TA DLL YANG PETNING POKOKNYA SEMESTER AKHIR\barber\public\index.php(60): CodeIgniter\Boot::bootWeb(Object(Config\Paths))
#13 C:\Users\LENOVO\Documents\SEMPRO TA DLL YANG PETNING POKOKNYA SEMESTER AKHIR\barber\system\rewrite.php(44): require_once('C:\\Users\\LENOVO...')
#14 {main}
CRITICAL - 2025-06-05 01:59:12 --> CodeIgniter\Database\Exceptions\DatabaseException: Unknown column 'id_member' in 'where clause'
[Method: GET, Route: member/dashboard/101]
in SYSTEMPATH\Database\BaseConnection.php on line 692.
 1 SYSTEMPATH\Database\BaseBuilder.php(1649): CodeIgniter\Database\BaseConnection->query('SELECT *
FROM `tblinvoice`
WHERE `id_member` = :id_member:', [...], false)
 2 SYSTEMPATH\Model.php(286): CodeIgniter\Database\BaseBuilder->get()
 3 SYSTEMPATH\BaseModel.php(679): CodeIgniter\Model->doFindAll(0, 0)
 4 APPPATH\Controllers\Member.php(204): CodeIgniter\BaseModel->findAll()
 5 SYSTEMPATH\CodeIgniter.php(933): App\Controllers\Member->invoiceHistory('101')
 6 SYSTEMPATH\CodeIgniter.php(507): CodeIgniter\CodeIgniter->runController(Object(App\Controllers\Member))
 7 SYSTEMPATH\CodeIgniter.php(354): CodeIgniter\CodeIgniter->handleRequest(null, Object(Config\Cache), false)
 8 SYSTEMPATH\Boot.php(334): CodeIgniter\CodeIgniter->run()
 9 SYSTEMPATH\Boot.php(67): CodeIgniter\Boot::runCodeIgniter(Object(CodeIgniter\CodeIgniter))
10 FCPATH\index.php(60): CodeIgniter\Boot::bootWeb(Object(Config\Paths))
11 SYSTEMPATH\rewrite.php(44): require_once('C:\\Users\\LENOVO\\Documents\\SEMPRO TA DLL YANG PETNING POKOKNYA SEMESTER AKHIR\\barber\\public\\index.php')
CRITICAL - 2025-06-05 01:59:12 --> [Caused by] CodeIgniter\Database\Exceptions\DatabaseException: Unknown column 'id_member' in 'where clause'
in SYSTEMPATH\Database\MySQLi\Connection.php on line 332.
 1 SYSTEMPATH\Database\BaseConnection.php(738): CodeIgniter\Database\MySQLi\Connection->execute('SELECT *
FROM `tblinvoice`
WHERE `id_member` = \'101\'')
 2 SYSTEMPATH\Database\BaseConnection.php(652): CodeIgniter\Database\BaseConnection->simpleQuery('SELECT *
FROM `tblinvoice`
WHERE `id_member` = \'101\'')
 3 SYSTEMPATH\Database\BaseBuilder.php(1649): CodeIgniter\Database\BaseConnection->query('SELECT *
FROM `tblinvoice`
WHERE `id_member` = :id_member:', [...], false)
 4 SYSTEMPATH\Model.php(286): CodeIgniter\Database\BaseBuilder->get()
 5 SYSTEMPATH\BaseModel.php(679): CodeIgniter\Model->doFindAll(0, 0)
 6 APPPATH\Controllers\Member.php(204): CodeIgniter\BaseModel->findAll()
 7 SYSTEMPATH\CodeIgniter.php(933): App\Controllers\Member->invoiceHistory('101')
 8 SYSTEMPATH\CodeIgniter.php(507): CodeIgniter\CodeIgniter->runController(Object(App\Controllers\Member))
 9 SYSTEMPATH\CodeIgniter.php(354): CodeIgniter\CodeIgniter->handleRequest(null, Object(Config\Cache), false)
10 SYSTEMPATH\Boot.php(334): CodeIgniter\CodeIgniter->run()
11 SYSTEMPATH\Boot.php(67): CodeIgniter\Boot::runCodeIgniter(Object(CodeIgniter\CodeIgniter))
12 FCPATH\index.php(60): CodeIgniter\Boot::bootWeb(Object(Config\Paths))
13 SYSTEMPATH\rewrite.php(44): require_once('C:\\Users\\LENOVO\\Documents\\SEMPRO TA DLL YANG PETNING POKOKNYA SEMESTER AKHIR\\barber\\public\\index.php')
CRITICAL - 2025-06-05 01:59:12 --> [Caused by] mysqli_sql_exception: Unknown column 'id_member' in 'where clause'
in SYSTEMPATH\Database\MySQLi\Connection.php on line 327.
 1 SYSTEMPATH\Database\MySQLi\Connection.php(327): mysqli->query('SELECT *
FROM `tblinvoice`
WHERE `id_member` = \'101\'', 0)
 2 SYSTEMPATH\Database\BaseConnection.php(738): CodeIgniter\Database\MySQLi\Connection->execute('SELECT *
FROM `tblinvoice`
WHERE `id_member` = \'101\'')
 3 SYSTEMPATH\Database\BaseConnection.php(652): CodeIgniter\Database\BaseConnection->simpleQuery('SELECT *
FROM `tblinvoice`
WHERE `id_member` = \'101\'')
 4 SYSTEMPATH\Database\BaseBuilder.php(1649): CodeIgniter\Database\BaseConnection->query('SELECT *
FROM `tblinvoice`
WHERE `id_member` = :id_member:', [...], false)
 5 SYSTEMPATH\Model.php(286): CodeIgniter\Database\BaseBuilder->get()
 6 SYSTEMPATH\BaseModel.php(679): CodeIgniter\Model->doFindAll(0, 0)
 7 APPPATH\Controllers\Member.php(204): CodeIgniter\BaseModel->findAll()
 8 SYSTEMPATH\CodeIgniter.php(933): App\Controllers\Member->invoiceHistory('101')
 9 SYSTEMPATH\CodeIgniter.php(507): CodeIgniter\CodeIgniter->runController(Object(App\Controllers\Member))
10 SYSTEMPATH\CodeIgniter.php(354): CodeIgniter\CodeIgniter->handleRequest(null, Object(Config\Cache), false)
11 SYSTEMPATH\Boot.php(334): CodeIgniter\CodeIgniter->run()
12 SYSTEMPATH\Boot.php(67): CodeIgniter\Boot::runCodeIgniter(Object(CodeIgniter\CodeIgniter))
13 FCPATH\index.php(60): CodeIgniter\Boot::bootWeb(Object(Config\Paths))
14 SYSTEMPATH\rewrite.php(44): require_once('C:\\Users\\LENOVO\\Documents\\SEMPRO TA DLL YANG PETNING POKOKNYA SEMESTER AKHIR\\barber\\public\\index.php')
CRITICAL - 2025-06-05 01:59:20 --> CodeIgniter\View\Exceptions\ViewException: Invalid file: "member/invoice_history.php"
[Method: GET, Route: member/dashboard/101]
in SYSTEMPATH\Exceptions\FrameworkException.php on line 39.
 1 SYSTEMPATH\View\View.php(212): CodeIgniter\Exceptions\FrameworkException::forInvalidFile('member/invoice_history.php')
 2 SYSTEMPATH\Common.php(1173): CodeIgniter\View\View->render('member/invoice_history', [], true)
 3 APPPATH\Controllers\Member.php(222): view('member/invoice_history', [...])
 4 SYSTEMPATH\CodeIgniter.php(933): App\Controllers\Member->invoiceHistory('101')
 5 SYSTEMPATH\CodeIgniter.php(507): CodeIgniter\CodeIgniter->runController(Object(App\Controllers\Member))
 6 SYSTEMPATH\CodeIgniter.php(354): CodeIgniter\CodeIgniter->handleRequest(null, Object(Config\Cache), false)
 7 SYSTEMPATH\Boot.php(334): CodeIgniter\CodeIgniter->run()
 8 SYSTEMPATH\Boot.php(67): CodeIgniter\Boot::runCodeIgniter(Object(CodeIgniter\CodeIgniter))
 9 FCPATH\index.php(60): CodeIgniter\Boot::bootWeb(Object(Config\Paths))
10 SYSTEMPATH\rewrite.php(44): require_once('C:\\Users\\LENOVO\\Documents\\SEMPRO TA DLL YANG PETNING POKOKNYA SEMESTER AKHIR\\barber\\public\\index.php')
CRITICAL - 2025-06-05 02:19:16 --> ErrorException: Undefined array key "nama_produk"
[Method: POST, Route: kasir/create-invoice]
in APPPATH\Views\kasir\invoice_produk_pdf.php on line 42.
 1 APPPATH\Views\kasir\invoice_produk_pdf.php(42): CodeIgniter\Debug\Exceptions->errorHandler(2, 'Undefined array key "nama_produk"', 'C:\\Users\\LENOVO\\Documents\\SEMPRO TA DLL YANG PETNING POKOKNYA SEMESTER AKHIR\\barber\\app\\Views\\kasir\\invoice_produk_pdf.php', 42)
 2 SYSTEMPATH\View\View.php(224): include('C:\\Users\\LENOVO\\Documents\\SEMPRO TA DLL YANG PETNING POKOKNYA SEMESTER AKHIR\\barber\\app\\Views\\kasir\\invoice_produk_pdf.php')
 3 SYSTEMPATH\View\View.php(227): CodeIgniter\View\View->CodeIgniter\View\{closure}()
 4 SYSTEMPATH\Common.php(1173): CodeIgniter\View\View->render('kasir/invoice_produk_pdf', [], true)
 5 APPPATH\Controllers\Kasir.php(606): view('kasir/invoice_produk_pdf', [...])
 6 APPPATH\Controllers\Kasir.php(447): App\Controllers\Kasir->kirimInvoiceEmailProduk('m.fadil.hamada@mhs.politala.ac.id', 'hamada', [...])
 7 SYSTEMPATH\CodeIgniter.php(933): App\Controllers\Kasir->createInvoice()
 8 SYSTEMPATH\CodeIgniter.php(507): CodeIgniter\CodeIgniter->runController(Object(App\Controllers\Kasir))
 9 SYSTEMPATH\CodeIgniter.php(354): CodeIgniter\CodeIgniter->handleRequest(null, Object(Config\Cache), false)
10 SYSTEMPATH\Boot.php(334): CodeIgniter\CodeIgniter->run()
11 SYSTEMPATH\Boot.php(67): CodeIgniter\Boot::runCodeIgniter(Object(CodeIgniter\CodeIgniter))
12 FCPATH\index.php(60): CodeIgniter\Boot::bootWeb(Object(Config\Paths))
13 SYSTEMPATH\rewrite.php(44): require_once('C:\\Users\\LENOVO\\Documents\\SEMPRO TA DLL YANG PETNING POKOKNYA SEMESTER AKHIR\\barber\\public\\index.php')
ERROR - 2025-06-05 02:26:44 --> mysqli_sql_exception: Table 'barbershop.produk' doesn't exist in C:\Users\LENOVO\Documents\SEMPRO TA DLL YANG PETNING POKOKNYA SEMESTER AKHIR\barber\system\Database\MySQLi\Connection.php:327
Stack trace:
#0 C:\Users\LENOVO\Documents\SEMPRO TA DLL YANG PETNING POKOKNYA SEMESTER AKHIR\barber\system\Database\MySQLi\Connection.php(327): mysqli->query('SELECT `pembeli...', 0)
#1 C:\Users\LENOVO\Documents\SEMPRO TA DLL YANG PETNING POKOKNYA SEMESTER AKHIR\barber\system\Database\BaseConnection.php(738): CodeIgniter\Database\MySQLi\Connection->execute('SELECT `pembeli...')
#2 C:\Users\LENOVO\Documents\SEMPRO TA DLL YANG PETNING POKOKNYA SEMESTER AKHIR\barber\system\Database\BaseConnection.php(652): CodeIgniter\Database\BaseConnection->simpleQuery('SELECT `pembeli...')
#3 C:\Users\LENOVO\Documents\SEMPRO TA DLL YANG PETNING POKOKNYA SEMESTER AKHIR\barber\system\Database\BaseBuilder.php(1649): CodeIgniter\Database\BaseConnection->query('SELECT `pembeli...', Array, false)
#4 C:\Users\LENOVO\Documents\SEMPRO TA DLL YANG PETNING POKOKNYA SEMESTER AKHIR\barber\system\Model.php(286): CodeIgniter\Database\BaseBuilder->get()
#5 C:\Users\LENOVO\Documents\SEMPRO TA DLL YANG PETNING POKOKNYA SEMESTER AKHIR\barber\system\BaseModel.php(679): CodeIgniter\Model->doFindAll(0, 0)
#6 C:\Users\LENOVO\Documents\SEMPRO TA DLL YANG PETNING POKOKNYA SEMESTER AKHIR\barber\app\Controllers\Kasir.php(442): CodeIgniter\BaseModel->findAll()
#7 C:\Users\LENOVO\Documents\SEMPRO TA DLL YANG PETNING POKOKNYA SEMESTER AKHIR\barber\system\CodeIgniter.php(933): App\Controllers\Kasir->createInvoice()
#8 C:\Users\LENOVO\Documents\SEMPRO TA DLL YANG PETNING POKOKNYA SEMESTER AKHIR\barber\system\CodeIgniter.php(507): CodeIgniter\CodeIgniter->runController(Object(App\Controllers\Kasir))
#9 C:\Users\LENOVO\Documents\SEMPRO TA DLL YANG PETNING POKOKNYA SEMESTER AKHIR\barber\system\CodeIgniter.php(354): CodeIgniter\CodeIgniter->handleRequest(NULL, Object(Config\Cache), false)
#10 C:\Users\LENOVO\Documents\SEMPRO TA DLL YANG PETNING POKOKNYA SEMESTER AKHIR\barber\system\Boot.php(334): CodeIgniter\CodeIgniter->run()
#11 C:\Users\LENOVO\Documents\SEMPRO TA DLL YANG PETNING POKOKNYA SEMESTER AKHIR\barber\system\Boot.php(67): CodeIgniter\Boot::runCodeIgniter(Object(CodeIgniter\CodeIgniter))
#12 C:\Users\LENOVO\Documents\SEMPRO TA DLL YANG PETNING POKOKNYA SEMESTER AKHIR\barber\public\index.php(60): CodeIgniter\Boot::bootWeb(Object(Config\Paths))
#13 C:\Users\LENOVO\Documents\SEMPRO TA DLL YANG PETNING POKOKNYA SEMESTER AKHIR\barber\system\rewrite.php(44): require_once('C:\\Users\\LENOVO...')
#14 {main}
CRITICAL - 2025-06-05 02:26:44 --> CodeIgniter\Database\Exceptions\DatabaseException: Table 'barbershop.produk' doesn't exist
[Method: POST, Route: kasir/create-invoice]
in SYSTEMPATH\Database\BaseConnection.php on line 692.
 1 SYSTEMPATH\Database\BaseBuilder.php(1649): CodeIgniter\Database\BaseConnection->query('SELECT `pembelian`.*, `produk`.`nama_produk`, `produk`.`harga`, `produk`.`Image`
FROM `pembelian`
JOIN `produk` ON `produk`.`id_produk` = `pembelian`.`id_produk`
WHERE `pembelian`.`id_pembelian` IN :pembelian.id_pembelian:', [...], false)
 2 SYSTEMPATH\Model.php(286): CodeIgniter\Database\BaseBuilder->get()
 3 SYSTEMPATH\BaseModel.php(679): CodeIgniter\Model->doFindAll(0, 0)
 4 APPPATH\Controllers\Kasir.php(442): CodeIgniter\BaseModel->findAll()
 5 SYSTEMPATH\CodeIgniter.php(933): App\Controllers\Kasir->createInvoice()
 6 SYSTEMPATH\CodeIgniter.php(507): CodeIgniter\CodeIgniter->runController(Object(App\Controllers\Kasir))
 7 SYSTEMPATH\CodeIgniter.php(354): CodeIgniter\CodeIgniter->handleRequest(null, Object(Config\Cache), false)
 8 SYSTEMPATH\Boot.php(334): CodeIgniter\CodeIgniter->run()
 9 SYSTEMPATH\Boot.php(67): CodeIgniter\Boot::runCodeIgniter(Object(CodeIgniter\CodeIgniter))
10 FCPATH\index.php(60): CodeIgniter\Boot::bootWeb(Object(Config\Paths))
11 SYSTEMPATH\rewrite.php(44): require_once('C:\\Users\\LENOVO\\Documents\\SEMPRO TA DLL YANG PETNING POKOKNYA SEMESTER AKHIR\\barber\\public\\index.php')
CRITICAL - 2025-06-05 02:26:44 --> [Caused by] CodeIgniter\Database\Exceptions\DatabaseException: Table 'barbershop.produk' doesn't exist
in SYSTEMPATH\Database\MySQLi\Connection.php on line 332.
 1 SYSTEMPATH\Database\BaseConnection.php(738): CodeIgniter\Database\MySQLi\Connection->execute('SELECT `pembelian`.*, `produk`.`nama_produk`, `produk`.`harga`, `produk`.`Image`
FROM `pembelian`
JOIN `produk` ON `produk`.`id_produk` = `pembelian`.`id_produk`
WHERE `pembelian`.`id_pembelian` IN (\'17\',\'16\')')
 2 SYSTEMPATH\Database\BaseConnection.php(652): CodeIgniter\Database\BaseConnection->simpleQuery('SELECT `pembelian`.*, `produk`.`nama_produk`, `produk`.`harga`, `produk`.`Image`
FROM `pembelian`
JOIN `produk` ON `produk`.`id_produk` = `pembelian`.`id_produk`
WHERE `pembelian`.`id_pembelian` IN (\'17\',\'16\')')
 3 SYSTEMPATH\Database\BaseBuilder.php(1649): CodeIgniter\Database\BaseConnection->query('SELECT `pembelian`.*, `produk`.`nama_produk`, `produk`.`harga`, `produk`.`Image`
FROM `pembelian`
JOIN `produk` ON `produk`.`id_produk` = `pembelian`.`id_produk`
WHERE `pembelian`.`id_pembelian` IN :pembelian.id_pembelian:', [...], false)
 4 SYSTEMPATH\Model.php(286): CodeIgniter\Database\BaseBuilder->get()
 5 SYSTEMPATH\BaseModel.php(679): CodeIgniter\Model->doFindAll(0, 0)
 6 APPPATH\Controllers\Kasir.php(442): CodeIgniter\BaseModel->findAll()
 7 SYSTEMPATH\CodeIgniter.php(933): App\Controllers\Kasir->createInvoice()
 8 SYSTEMPATH\CodeIgniter.php(507): CodeIgniter\CodeIgniter->runController(Object(App\Controllers\Kasir))
 9 SYSTEMPATH\CodeIgniter.php(354): CodeIgniter\CodeIgniter->handleRequest(null, Object(Config\Cache), false)
10 SYSTEMPATH\Boot.php(334): CodeIgniter\CodeIgniter->run()
11 SYSTEMPATH\Boot.php(67): CodeIgniter\Boot::runCodeIgniter(Object(CodeIgniter\CodeIgniter))
12 FCPATH\index.php(60): CodeIgniter\Boot::bootWeb(Object(Config\Paths))
13 SYSTEMPATH\rewrite.php(44): require_once('C:\\Users\\LENOVO\\Documents\\SEMPRO TA DLL YANG PETNING POKOKNYA SEMESTER AKHIR\\barber\\public\\index.php')
CRITICAL - 2025-06-05 02:26:44 --> [Caused by] mysqli_sql_exception: Table 'barbershop.produk' doesn't exist
in SYSTEMPATH\Database\MySQLi\Connection.php on line 327.
 1 SYSTEMPATH\Database\MySQLi\Connection.php(327): mysqli->query('SELECT `pembelian`.*, `produk`.`nama_produk`, `produk`.`harga`, `produk`.`Image`
FROM `pembelian`
JOIN `produk` ON `produk`.`id_produk` = `pembelian`.`id_produk`
WHERE `pembelian`.`id_pembelian` IN (\'17\',\'16\')', 0)
 2 SYSTEMPATH\Database\BaseConnection.php(738): CodeIgniter\Database\MySQLi\Connection->execute('SELECT `pembelian`.*, `produk`.`nama_produk`, `produk`.`harga`, `produk`.`Image`
FROM `pembelian`
JOIN `produk` ON `produk`.`id_produk` = `pembelian`.`id_produk`
WHERE `pembelian`.`id_pembelian` IN (\'17\',\'16\')')
 3 SYSTEMPATH\Database\BaseConnection.php(652): CodeIgniter\Database\BaseConnection->simpleQuery('SELECT `pembelian`.*, `produk`.`nama_produk`, `produk`.`harga`, `produk`.`Image`
FROM `pembelian`
JOIN `produk` ON `produk`.`id_produk` = `pembelian`.`id_produk`
WHERE `pembelian`.`id_pembelian` IN (\'17\',\'16\')')
 4 SYSTEMPATH\Database\BaseBuilder.php(1649): CodeIgniter\Database\BaseConnection->query('SELECT `pembelian`.*, `produk`.`nama_produk`, `produk`.`harga`, `produk`.`Image`
FROM `pembelian`
JOIN `produk` ON `produk`.`id_produk` = `pembelian`.`id_produk`
WHERE `pembelian`.`id_pembelian` IN :pembelian.id_pembelian:', [...], false)
 5 SYSTEMPATH\Model.php(286): CodeIgniter\Database\BaseBuilder->get()
 6 SYSTEMPATH\BaseModel.php(679): CodeIgniter\Model->doFindAll(0, 0)
 7 APPPATH\Controllers\Kasir.php(442): CodeIgniter\BaseModel->findAll()
 8 SYSTEMPATH\CodeIgniter.php(933): App\Controllers\Kasir->createInvoice()
 9 SYSTEMPATH\CodeIgniter.php(507): CodeIgniter\CodeIgniter->runController(Object(App\Controllers\Kasir))
10 SYSTEMPATH\CodeIgniter.php(354): CodeIgniter\CodeIgniter->handleRequest(null, Object(Config\Cache), false)
11 SYSTEMPATH\Boot.php(334): CodeIgniter\CodeIgniter->run()
12 SYSTEMPATH\Boot.php(67): CodeIgniter\Boot::runCodeIgniter(Object(CodeIgniter\CodeIgniter))
13 FCPATH\index.php(60): CodeIgniter\Boot::bootWeb(Object(Config\Paths))
14 SYSTEMPATH\rewrite.php(44): require_once('C:\\Users\\LENOVO\\Documents\\SEMPRO TA DLL YANG PETNING POKOKNYA SEMESTER AKHIR\\barber\\public\\index.php')
CRITICAL - 2025-06-05 02:28:28 --> ErrorException: Undefined variable $invoitemice
[Method: POST, Route: kasir/create-invoice]
in APPPATH\Views\kasir\invoice_produk_pdf.php on line 39.
 1 APPPATH\Views\kasir\invoice_produk_pdf.php(39): CodeIgniter\Debug\Exceptions->errorHandler(2, 'Undefined variable $invoitemice', 'C:\\Users\\LENOVO\\Documents\\SEMPRO TA DLL YANG PETNING POKOKNYA SEMESTER AKHIR\\barber\\app\\Views\\kasir\\invoice_produk_pdf.php', 39)
 2 SYSTEMPATH\View\View.php(224): include('C:\\Users\\LENOVO\\Documents\\SEMPRO TA DLL YANG PETNING POKOKNYA SEMESTER AKHIR\\barber\\app\\Views\\kasir\\invoice_produk_pdf.php')
 3 SYSTEMPATH\View\View.php(227): CodeIgniter\View\View->CodeIgniter\View\{closure}()
 4 SYSTEMPATH\Common.php(1173): CodeIgniter\View\View->render('kasir/invoice_produk_pdf', [], true)
 5 APPPATH\Controllers\Kasir.php(611): view('kasir/invoice_produk_pdf', [...])
 6 APPPATH\Controllers\Kasir.php(452): App\Controllers\Kasir->kirimInvoiceEmailProduk('m.fadil.hamada@mhs.politala.ac.id', 'hamada', [...])
 7 SYSTEMPATH\CodeIgniter.php(933): App\Controllers\Kasir->createInvoice()
 8 SYSTEMPATH\CodeIgniter.php(507): CodeIgniter\CodeIgniter->runController(Object(App\Controllers\Kasir))
 9 SYSTEMPATH\CodeIgniter.php(354): CodeIgniter\CodeIgniter->handleRequest(null, Object(Config\Cache), false)
10 SYSTEMPATH\Boot.php(334): CodeIgniter\CodeIgniter->run()
11 SYSTEMPATH\Boot.php(67): CodeIgniter\Boot::runCodeIgniter(Object(CodeIgniter\CodeIgniter))
12 FCPATH\index.php(60): CodeIgniter\Boot::bootWeb(Object(Config\Paths))
13 SYSTEMPATH\rewrite.php(44): require_once('C:\\Users\\LENOVO\\Documents\\SEMPRO TA DLL YANG PETNING POKOKNYA SEMESTER AKHIR\\barber\\public\\index.php')
ERROR - 2025-06-05 11:11:35 --> mysqli_sql_exception: Cannot delete or update a parent row: a foreign key constraint fails (`barbershop`.`pembelian`, CONSTRAINT `pembelian_ibfk_3` FOREIGN KEY (`id_invoiceproduk`) REFERENCES `tblinvoiceproduk` (`id_tblinvoiceproduk`) ON DELETE RESTRICT ON UPDATE RESTRICT) in C:\Users\LENOVO\Documents\SEMPRO TA DLL YANG PETNING POKOKNYA SEMESTER AKHIR\barber\system\Database\MySQLi\Connection.php:327
Stack trace:
#0 C:\Users\LENOVO\Documents\SEMPRO TA DLL YANG PETNING POKOKNYA SEMESTER AKHIR\barber\system\Database\MySQLi\Connection.php(327): mysqli->query('DELETE FROM `tb...', 0)
#1 C:\Users\LENOVO\Documents\SEMPRO TA DLL YANG PETNING POKOKNYA SEMESTER AKHIR\barber\system\Database\BaseConnection.php(738): CodeIgniter\Database\MySQLi\Connection->execute('DELETE FROM `tb...')
#2 C:\Users\LENOVO\Documents\SEMPRO TA DLL YANG PETNING POKOKNYA SEMESTER AKHIR\barber\system\Database\BaseConnection.php(652): CodeIgniter\Database\BaseConnection->simpleQuery('DELETE FROM `tb...')
#3 C:\Users\LENOVO\Documents\SEMPRO TA DLL YANG PETNING POKOKNYA SEMESTER AKHIR\barber\system\Database\BaseBuilder.php(2848): CodeIgniter\Database\BaseConnection->query('DELETE FROM `tb...', Array, false)
#4 C:\Users\LENOVO\Documents\SEMPRO TA DLL YANG PETNING POKOKNYA SEMESTER AKHIR\barber\system\Model.php(521): CodeIgniter\Database\BaseBuilder->delete()
#5 C:\Users\LENOVO\Documents\SEMPRO TA DLL YANG PETNING POKOKNYA SEMESTER AKHIR\barber\system\BaseModel.php(1161): CodeIgniter\Model->doDelete(Array, false)
#6 C:\Users\LENOVO\Documents\SEMPRO TA DLL YANG PETNING POKOKNYA SEMESTER AKHIR\barber\app\Controllers\Kasir.php(484): CodeIgniter\BaseModel->delete(Array)
#7 C:\Users\LENOVO\Documents\SEMPRO TA DLL YANG PETNING POKOKNYA SEMESTER AKHIR\barber\system\CodeIgniter.php(933): App\Controllers\Kasir->deleteInvoiceproduk('10')
#8 C:\Users\LENOVO\Documents\SEMPRO TA DLL YANG PETNING POKOKNYA SEMESTER AKHIR\barber\system\CodeIgniter.php(507): CodeIgniter\CodeIgniter->runController(Object(App\Controllers\Kasir))
#9 C:\Users\LENOVO\Documents\SEMPRO TA DLL YANG PETNING POKOKNYA SEMESTER AKHIR\barber\system\CodeIgniter.php(354): CodeIgniter\CodeIgniter->handleRequest(NULL, Object(Config\Cache), false)
#10 C:\Users\LENOVO\Documents\SEMPRO TA DLL YANG PETNING POKOKNYA SEMESTER AKHIR\barber\system\Boot.php(334): CodeIgniter\CodeIgniter->run()
#11 C:\Users\LENOVO\Documents\SEMPRO TA DLL YANG PETNING POKOKNYA SEMESTER AKHIR\barber\system\Boot.php(67): CodeIgniter\Boot::runCodeIgniter(Object(CodeIgniter\CodeIgniter))
#12 C:\Users\LENOVO\Documents\SEMPRO TA DLL YANG PETNING POKOKNYA SEMESTER AKHIR\barber\public\index.php(60): CodeIgniter\Boot::bootWeb(Object(Config\Paths))
#13 C:\Users\LENOVO\Documents\SEMPRO TA DLL YANG PETNING POKOKNYA SEMESTER AKHIR\barber\system\rewrite.php(44): require_once('C:\\Users\\LENOVO...')
#14 {main}
CRITICAL - 2025-06-05 11:11:35 --> CodeIgniter\Database\Exceptions\DatabaseException: Cannot delete or update a parent row: a foreign key constraint fails (`barbershop`.`pembelian`, CONSTRAINT `pembelian_ibfk_3` FOREIGN KEY (`id_invoiceproduk`) REFERENCES `tblinvoiceproduk` (`id_tblinvoiceproduk`) ON DELETE RESTRICT ON UPDATE RESTRICT)
[Method: POST, Route: kasir/deleteinvoiceproduk/10]
in SYSTEMPATH\Database\BaseConnection.php on line 692.
 1 SYSTEMPATH\Database\BaseBuilder.php(2848): CodeIgniter\Database\BaseConnection->query('DELETE FROM `tblinvoiceproduk`
WHERE `id_tblinvoiceproduk` IN :id_tblinvoiceproduk:', [...], false)
 2 SYSTEMPATH\Model.php(521): CodeIgniter\Database\BaseBuilder->delete()
 3 SYSTEMPATH\BaseModel.php(1161): CodeIgniter\Model->doDelete([...], false)
 4 APPPATH\Controllers\Kasir.php(484): CodeIgniter\BaseModel->delete([...])
 5 SYSTEMPATH\CodeIgniter.php(933): App\Controllers\Kasir->deleteInvoiceproduk('10')
 6 SYSTEMPATH\CodeIgniter.php(507): CodeIgniter\CodeIgniter->runController(Object(App\Controllers\Kasir))
 7 SYSTEMPATH\CodeIgniter.php(354): CodeIgniter\CodeIgniter->handleRequest(null, Object(Config\Cache), false)
 8 SYSTEMPATH\Boot.php(334): CodeIgniter\CodeIgniter->run()
 9 SYSTEMPATH\Boot.php(67): CodeIgniter\Boot::runCodeIgniter(Object(CodeIgniter\CodeIgniter))
10 FCPATH\index.php(60): CodeIgniter\Boot::bootWeb(Object(Config\Paths))
11 SYSTEMPATH\rewrite.php(44): require_once('C:\\Users\\LENOVO\\Documents\\SEMPRO TA DLL YANG PETNING POKOKNYA SEMESTER AKHIR\\barber\\public\\index.php')
CRITICAL - 2025-06-05 11:11:35 --> [Caused by] CodeIgniter\Database\Exceptions\DatabaseException: Cannot delete or update a parent row: a foreign key constraint fails (`barbershop`.`pembelian`, CONSTRAINT `pembelian_ibfk_3` FOREIGN KEY (`id_invoiceproduk`) REFERENCES `tblinvoiceproduk` (`id_tblinvoiceproduk`) ON DELETE RESTRICT ON UPDATE RESTRICT)
in SYSTEMPATH\Database\MySQLi\Connection.php on line 332.
 1 SYSTEMPATH\Database\BaseConnection.php(738): CodeIgniter\Database\MySQLi\Connection->execute('DELETE FROM `tblinvoiceproduk`
WHERE `id_tblinvoiceproduk` IN (\'10\')')
 2 SYSTEMPATH\Database\BaseConnection.php(652): CodeIgniter\Database\BaseConnection->simpleQuery('DELETE FROM `tblinvoiceproduk`
WHERE `id_tblinvoiceproduk` IN (\'10\')')
 3 SYSTEMPATH\Database\BaseBuilder.php(2848): CodeIgniter\Database\BaseConnection->query('DELETE FROM `tblinvoiceproduk`
WHERE `id_tblinvoiceproduk` IN :id_tblinvoiceproduk:', [...], false)
 4 SYSTEMPATH\Model.php(521): CodeIgniter\Database\BaseBuilder->delete()
 5 SYSTEMPATH\BaseModel.php(1161): CodeIgniter\Model->doDelete([...], false)
 6 APPPATH\Controllers\Kasir.php(484): CodeIgniter\BaseModel->delete([...])
 7 SYSTEMPATH\CodeIgniter.php(933): App\Controllers\Kasir->deleteInvoiceproduk('10')
 8 SYSTEMPATH\CodeIgniter.php(507): CodeIgniter\CodeIgniter->runController(Object(App\Controllers\Kasir))
 9 SYSTEMPATH\CodeIgniter.php(354): CodeIgniter\CodeIgniter->handleRequest(null, Object(Config\Cache), false)
10 SYSTEMPATH\Boot.php(334): CodeIgniter\CodeIgniter->run()
11 SYSTEMPATH\Boot.php(67): CodeIgniter\Boot::runCodeIgniter(Object(CodeIgniter\CodeIgniter))
12 FCPATH\index.php(60): CodeIgniter\Boot::bootWeb(Object(Config\Paths))
13 SYSTEMPATH\rewrite.php(44): require_once('C:\\Users\\LENOVO\\Documents\\SEMPRO TA DLL YANG PETNING POKOKNYA SEMESTER AKHIR\\barber\\public\\index.php')
CRITICAL - 2025-06-05 11:11:36 --> [Caused by] mysqli_sql_exception: Cannot delete or update a parent row: a foreign key constraint fails (`barbershop`.`pembelian`, CONSTRAINT `pembelian_ibfk_3` FOREIGN KEY (`id_invoiceproduk`) REFERENCES `tblinvoiceproduk` (`id_tblinvoiceproduk`) ON DELETE RESTRICT ON UPDATE RESTRICT)
in SYSTEMPATH\Database\MySQLi\Connection.php on line 327.
 1 SYSTEMPATH\Database\MySQLi\Connection.php(327): mysqli->query('DELETE FROM `tblinvoiceproduk`
WHERE `id_tblinvoiceproduk` IN (\'10\')', 0)
 2 SYSTEMPATH\Database\BaseConnection.php(738): CodeIgniter\Database\MySQLi\Connection->execute('DELETE FROM `tblinvoiceproduk`
WHERE `id_tblinvoiceproduk` IN (\'10\')')
 3 SYSTEMPATH\Database\BaseConnection.php(652): CodeIgniter\Database\BaseConnection->simpleQuery('DELETE FROM `tblinvoiceproduk`
WHERE `id_tblinvoiceproduk` IN (\'10\')')
 4 SYSTEMPATH\Database\BaseBuilder.php(2848): CodeIgniter\Database\BaseConnection->query('DELETE FROM `tblinvoiceproduk`
WHERE `id_tblinvoiceproduk` IN :id_tblinvoiceproduk:', [...], false)
 5 SYSTEMPATH\Model.php(521): CodeIgniter\Database\BaseBuilder->delete()
 6 SYSTEMPATH\BaseModel.php(1161): CodeIgniter\Model->doDelete([...], false)
 7 APPPATH\Controllers\Kasir.php(484): CodeIgniter\BaseModel->delete([...])
 8 SYSTEMPATH\CodeIgniter.php(933): App\Controllers\Kasir->deleteInvoiceproduk('10')
 9 SYSTEMPATH\CodeIgniter.php(507): CodeIgniter\CodeIgniter->runController(Object(App\Controllers\Kasir))
10 SYSTEMPATH\CodeIgniter.php(354): CodeIgniter\CodeIgniter->handleRequest(null, Object(Config\Cache), false)
11 SYSTEMPATH\Boot.php(334): CodeIgniter\CodeIgniter->run()
12 SYSTEMPATH\Boot.php(67): CodeIgniter\Boot::runCodeIgniter(Object(CodeIgniter\CodeIgniter))
13 FCPATH\index.php(60): CodeIgniter\Boot::bootWeb(Object(Config\Paths))
14 SYSTEMPATH\rewrite.php(44): require_once('C:\\Users\\LENOVO\\Documents\\SEMPRO TA DLL YANG PETNING POKOKNYA SEMESTER AKHIR\\barber\\public\\index.php')
