ERROR - 2025-06-04 15:05:46 --> Error connecting to the database: mysqli_sql_exception: No connection could be made because the target machine actively refused it in C:\Users\LENOVO\Documents\SEMPRO TA DLL YANG PETNING POKOKNYA SEMESTER AKHIR\barber\system\Database\MySQLi\Connection.php:201
Stack trace:
#0 C:\Users\LENOVO\Documents\SEMPRO TA DLL YANG PETNING POKOKNYA SEMESTER AKHIR\barber\system\Database\MySQLi\Connection.php(201): mysqli->real_connect('localhost', 'root', Object(SensitiveParameterValue), 'barbershop', 3306, '', 0)
#1 C:\Users\LENOVO\Documents\SEMPRO TA DLL YANG PETNING POKOKNYA SEMESTER AKHIR\barber\system\Database\BaseConnection.php(421): CodeIgniter\Database\MySQLi\Connection->connect(false)
#2 C:\Users\LENOVO\Documents\SEMPRO TA DLL YANG PETNING POKOKNYA SEMESTER AKHIR\barber\system\Database\BaseConnection.php(620): CodeIgniter\Database\BaseConnection->initialize()
#3 C:\Users\LENOVO\Documents\SEMPRO TA DLL YANG PETNING POKOKNYA SEMESTER AKHIR\barber\system\Database\BaseBuilder.php(1649): CodeIgniter\Database\BaseConnection->query('SELECT *\nFROM `...', Array, false)
#4 C:\Users\LENOVO\Documents\SEMPRO TA DLL YANG PETNING POKOKNYA SEMESTER AKHIR\barber\system\Model.php(330): CodeIgniter\Database\BaseBuilder->get()
#5 C:\Users\LENOVO\Documents\SEMPRO TA DLL YANG PETNING POKOKNYA SEMESTER AKHIR\barber\system\BaseModel.php(717): CodeIgniter\Model->doFirst()
#6 C:\Users\LENOVO\Documents\SEMPRO TA DLL YANG PETNING POKOKNYA SEMESTER AKHIR\barber\app\Controllers\Auth.php(39): CodeIgniter\BaseModel->first()
#7 C:\Users\LENOVO\Documents\SEMPRO TA DLL YANG PETNING POKOKNYA SEMESTER AKHIR\barber\system\CodeIgniter.php(933): App\Controllers\Auth->dologin()
#8 C:\Users\LENOVO\Documents\SEMPRO TA DLL YANG PETNING POKOKNYA SEMESTER AKHIR\barber\system\CodeIgniter.php(507): CodeIgniter\CodeIgniter->runController(Object(App\Controllers\Auth))
#9 C:\Users\LENOVO\Documents\SEMPRO TA DLL YANG PETNING POKOKNYA SEMESTER AKHIR\barber\system\CodeIgniter.php(354): CodeIgniter\CodeIgniter->handleRequest(NULL, Object(Config\Cache), false)
#10 C:\Users\LENOVO\Documents\SEMPRO TA DLL YANG PETNING POKOKNYA SEMESTER AKHIR\barber\system\Boot.php(334): CodeIgniter\CodeIgniter->run()
#11 C:\Users\LENOVO\Documents\SEMPRO TA DLL YANG PETNING POKOKNYA SEMESTER AKHIR\barber\system\Boot.php(67): CodeIgniter\Boot::runCodeIgniter(Object(CodeIgniter\CodeIgniter))
#12 C:\Users\LENOVO\Documents\SEMPRO TA DLL YANG PETNING POKOKNYA SEMESTER AKHIR\barber\public\index.php(60): CodeIgniter\Boot::bootWeb(Object(Config\Paths))
#13 C:\Users\LENOVO\Documents\SEMPRO TA DLL YANG PETNING POKOKNYA SEMESTER AKHIR\barber\system\rewrite.php(44): require_once('C:\\Users\\LENOVO...')
#14 {main}

Next CodeIgniter\Database\Exceptions\DatabaseException: No connection could be made because the target machine actively refused it in C:\Users\LENOVO\Documents\SEMPRO TA DLL YANG PETNING POKOKNYA SEMESTER AKHIR\barber\system\Database\MySQLi\Connection.php:246
Stack trace:
#0 C:\Users\LENOVO\Documents\SEMPRO TA DLL YANG PETNING POKOKNYA SEMESTER AKHIR\barber\system\Database\BaseConnection.php(421): CodeIgniter\Database\MySQLi\Connection->connect(false)
#1 C:\Users\LENOVO\Documents\SEMPRO TA DLL YANG PETNING POKOKNYA SEMESTER AKHIR\barber\system\Database\BaseConnection.php(620): CodeIgniter\Database\BaseConnection->initialize()
#2 C:\Users\LENOVO\Documents\SEMPRO TA DLL YANG PETNING POKOKNYA SEMESTER AKHIR\barber\system\Database\BaseBuilder.php(1649): CodeIgniter\Database\BaseConnection->query('SELECT *\nFROM `...', Array, false)
#3 C:\Users\LENOVO\Documents\SEMPRO TA DLL YANG PETNING POKOKNYA SEMESTER AKHIR\barber\system\Model.php(330): CodeIgniter\Database\BaseBuilder->get()
#4 C:\Users\LENOVO\Documents\SEMPRO TA DLL YANG PETNING POKOKNYA SEMESTER AKHIR\barber\system\BaseModel.php(717): CodeIgniter\Model->doFirst()
#5 C:\Users\LENOVO\Documents\SEMPRO TA DLL YANG PETNING POKOKNYA SEMESTER AKHIR\barber\app\Controllers\Auth.php(39): CodeIgniter\BaseModel->first()
#6 C:\Users\LENOVO\Documents\SEMPRO TA DLL YANG PETNING POKOKNYA SEMESTER AKHIR\barber\system\CodeIgniter.php(933): App\Controllers\Auth->dologin()
#7 C:\Users\LENOVO\Documents\SEMPRO TA DLL YANG PETNING POKOKNYA SEMESTER AKHIR\barber\system\CodeIgniter.php(507): CodeIgniter\CodeIgniter->runController(Object(App\Controllers\Auth))
#8 C:\Users\LENOVO\Documents\SEMPRO TA DLL YANG PETNING POKOKNYA SEMESTER AKHIR\barber\system\CodeIgniter.php(354): CodeIgniter\CodeIgniter->handleRequest(NULL, Object(Config\Cache), false)
#9 C:\Users\LENOVO\Documents\SEMPRO TA DLL YANG PETNING POKOKNYA SEMESTER AKHIR\barber\system\Boot.php(334): CodeIgniter\CodeIgniter->run()
#10 C:\Users\LENOVO\Documents\SEMPRO TA DLL YANG PETNING POKOKNYA SEMESTER AKHIR\barber\system\Boot.php(67): CodeIgniter\Boot::runCodeIgniter(Object(CodeIgniter\CodeIgniter))
#11 C:\Users\LENOVO\Documents\SEMPRO TA DLL YANG PETNING POKOKNYA SEMESTER AKHIR\barber\public\index.php(60): CodeIgniter\Boot::bootWeb(Object(Config\Paths))
#12 C:\Users\LENOVO\Documents\SEMPRO TA DLL YANG PETNING POKOKNYA SEMESTER AKHIR\barber\system\rewrite.php(44): require_once('C:\\Users\\LENOVO...')
#13 {main}
CRITICAL - 2025-06-04 15:05:46 --> CodeIgniter\Database\Exceptions\DatabaseException: Unable to connect to the database.
Main connection [MySQLi]: No connection could be made because the target machine actively refused it
[Method: POST, Route: login]
in SYSTEMPATH\Database\BaseConnection.php on line 467.
 1 SYSTEMPATH\Database\BaseConnection.php(620): CodeIgniter\Database\BaseConnection->initialize()
 2 SYSTEMPATH\Database\BaseBuilder.php(1649): CodeIgniter\Database\BaseConnection->query('SELECT *
FROM `users`
WHERE `username` = :username:
 LIMIT 1', [...], false)
 3 SYSTEMPATH\Model.php(330): CodeIgniter\Database\BaseBuilder->get()
 4 SYSTEMPATH\BaseModel.php(717): CodeIgniter\Model->doFirst()
 5 APPPATH\Controllers\Auth.php(39): CodeIgniter\BaseModel->first()
 6 SYSTEMPATH\CodeIgniter.php(933): App\Controllers\Auth->dologin()
 7 SYSTEMPATH\CodeIgniter.php(507): CodeIgniter\CodeIgniter->runController(Object(App\Controllers\Auth))
 8 SYSTEMPATH\CodeIgniter.php(354): CodeIgniter\CodeIgniter->handleRequest(null, Object(Config\Cache), false)
 9 SYSTEMPATH\Boot.php(334): CodeIgniter\CodeIgniter->run()
10 SYSTEMPATH\Boot.php(67): CodeIgniter\Boot::runCodeIgniter(Object(CodeIgniter\CodeIgniter))
11 FCPATH\index.php(60): CodeIgniter\Boot::bootWeb(Object(Config\Paths))
12 SYSTEMPATH\rewrite.php(44): require_once('C:\\Users\\LENOVO\\Documents\\SEMPRO TA DLL YANG PETNING POKOKNYA SEMESTER AKHIR\\barber\\public\\index.php')
CRITICAL - 2025-06-04 15:42:47 --> CodeIgniter\View\Exceptions\ViewException: Invalid file: "invoice/detail.php"
[Method: POST, Route: kasir/assign/78]
in SYSTEMPATH\Exceptions\FrameworkException.php on line 39.
 1 SYSTEMPATH\View\View.php(212): CodeIgniter\Exceptions\FrameworkException::forInvalidFile('invoice/detail.php')
 2 SYSTEMPATH\Common.php(1173): CodeIgniter\View\View->render('invoice/detail', [], true)
 3 APPPATH\Controllers\Kasir.php(548): view('invoice/detail', [...])
 4 APPPATH\Controllers\Kasir.php(164): App\Controllers\Kasir->kirimInvoiceEmail('m.fadil.hamada@mhs.politala.ac.id', 'kiwi', [...])
 5 SYSTEMPATH\CodeIgniter.php(933): App\Controllers\Kasir->assignPost('78')
 6 SYSTEMPATH\CodeIgniter.php(507): CodeIgniter\CodeIgniter->runController(Object(App\Controllers\Kasir))
 7 SYSTEMPATH\CodeIgniter.php(354): CodeIgniter\CodeIgniter->handleRequest(null, Object(Config\Cache), false)
 8 SYSTEMPATH\Boot.php(334): CodeIgniter\CodeIgniter->run()
 9 SYSTEMPATH\Boot.php(67): CodeIgniter\Boot::runCodeIgniter(Object(CodeIgniter\CodeIgniter))
10 FCPATH\index.php(60): CodeIgniter\Boot::bootWeb(Object(Config\Paths))
11 SYSTEMPATH\rewrite.php(44): require_once('C:\\Users\\LENOVO\\Documents\\SEMPRO TA DLL YANG PETNING POKOKNYA SEMESTER AKHIR\\barber\\public\\index.php')
CRITICAL - 2025-06-04 15:43:39 --> ErrorException: Undefined array key "id_invoice"
[Method: POST, Route: kasir/assign/78]
in APPPATH\Views\kasir\view_invoices.php on line 3.
 1 APPPATH\Views\kasir\view_invoices.php(3): CodeIgniter\Debug\Exceptions->errorHandler(2, 'Undefined array key "id_invoice"', 'C:\\Users\\LENOVO\\Documents\\SEMPRO TA DLL YANG PETNING POKOKNYA SEMESTER AKHIR\\barber\\app\\Views\\kasir\\view_invoices.php', 3)
 2 SYSTEMPATH\View\View.php(224): include('C:\\Users\\LENOVO\\Documents\\SEMPRO TA DLL YANG PETNING POKOKNYA SEMESTER AKHIR\\barber\\app\\Views\\kasir\\view_invoices.php')
 3 SYSTEMPATH\View\View.php(227): CodeIgniter\View\View->CodeIgniter\View\{closure}()
 4 SYSTEMPATH\Common.php(1173): CodeIgniter\View\View->render('kasir/view_invoices', [], true)
 5 APPPATH\Controllers\Kasir.php(548): view('kasir/view_invoices', [...])
 6 APPPATH\Controllers\Kasir.php(164): App\Controllers\Kasir->kirimInvoiceEmail('m.fadil.hamada@mhs.politala.ac.id', 'kiwi', [...])
 7 SYSTEMPATH\CodeIgniter.php(933): App\Controllers\Kasir->assignPost('78')
 8 SYSTEMPATH\CodeIgniter.php(507): CodeIgniter\CodeIgniter->runController(Object(App\Controllers\Kasir))
 9 SYSTEMPATH\CodeIgniter.php(354): CodeIgniter\CodeIgniter->handleRequest(null, Object(Config\Cache), false)
10 SYSTEMPATH\Boot.php(334): CodeIgniter\CodeIgniter->run()
11 SYSTEMPATH\Boot.php(67): CodeIgniter\Boot::runCodeIgniter(Object(CodeIgniter\CodeIgniter))
12 FCPATH\index.php(60): CodeIgniter\Boot::bootWeb(Object(Config\Paths))
13 SYSTEMPATH\rewrite.php(44): require_once('C:\\Users\\LENOVO\\Documents\\SEMPRO TA DLL YANG PETNING POKOKNYA SEMESTER AKHIR\\barber\\public\\index.php')
CRITICAL - 2025-06-04 15:45:00 --> ErrorException: Undefined variable $invoices
[Method: POST, Route: kasir/assign/78]
in APPPATH\Views\kasir\view_invoices.php on line 3.
 1 APPPATH\Views\kasir\view_invoices.php(3): CodeIgniter\Debug\Exceptions->errorHandler(2, 'Undefined variable $invoices', 'C:\\Users\\LENOVO\\Documents\\SEMPRO TA DLL YANG PETNING POKOKNYA SEMESTER AKHIR\\barber\\app\\Views\\kasir\\view_invoices.php', 3)
 2 SYSTEMPATH\View\View.php(224): include('C:\\Users\\LENOVO\\Documents\\SEMPRO TA DLL YANG PETNING POKOKNYA SEMESTER AKHIR\\barber\\app\\Views\\kasir\\view_invoices.php')
 3 SYSTEMPATH\View\View.php(227): CodeIgniter\View\View->CodeIgniter\View\{closure}()
 4 SYSTEMPATH\Common.php(1173): CodeIgniter\View\View->render('kasir/view_invoices', [], true)
 5 APPPATH\Controllers\Kasir.php(548): view('kasir/view_invoices', [...])
 6 APPPATH\Controllers\Kasir.php(164): App\Controllers\Kasir->kirimInvoiceEmail('m.fadil.hamada@mhs.politala.ac.id', 'kiwi', [...])
 7 SYSTEMPATH\CodeIgniter.php(933): App\Controllers\Kasir->assignPost('78')
 8 SYSTEMPATH\CodeIgniter.php(507): CodeIgniter\CodeIgniter->runController(Object(App\Controllers\Kasir))
 9 SYSTEMPATH\CodeIgniter.php(354): CodeIgniter\CodeIgniter->handleRequest(null, Object(Config\Cache), false)
10 SYSTEMPATH\Boot.php(334): CodeIgniter\CodeIgniter->run()
11 SYSTEMPATH\Boot.php(67): CodeIgniter\Boot::runCodeIgniter(Object(CodeIgniter\CodeIgniter))
12 FCPATH\index.php(60): CodeIgniter\Boot::bootWeb(Object(Config\Paths))
13 SYSTEMPATH\rewrite.php(44): require_once('C:\\Users\\LENOVO\\Documents\\SEMPRO TA DLL YANG PETNING POKOKNYA SEMESTER AKHIR\\barber\\public\\index.php')
CRITICAL - 2025-06-04 15:46:06 --> ErrorException: Undefined variable $invoiceData
[Method: POST, Route: kasir/assign/78]
in APPPATH\Views\kasir\view_invoices.php on line 3.
 1 APPPATH\Views\kasir\view_invoices.php(3): CodeIgniter\Debug\Exceptions->errorHandler(2, 'Undefined variable $invoiceData', 'C:\\Users\\LENOVO\\Documents\\SEMPRO TA DLL YANG PETNING POKOKNYA SEMESTER AKHIR\\barber\\app\\Views\\kasir\\view_invoices.php', 3)
 2 SYSTEMPATH\View\View.php(224): include('C:\\Users\\LENOVO\\Documents\\SEMPRO TA DLL YANG PETNING POKOKNYA SEMESTER AKHIR\\barber\\app\\Views\\kasir\\view_invoices.php')
 3 SYSTEMPATH\View\View.php(227): CodeIgniter\View\View->CodeIgniter\View\{closure}()
 4 SYSTEMPATH\Common.php(1173): CodeIgniter\View\View->render('kasir/view_invoices', [], true)
 5 APPPATH\Controllers\Kasir.php(548): view('kasir/view_invoices', [...])
 6 APPPATH\Controllers\Kasir.php(164): App\Controllers\Kasir->kirimInvoiceEmail('m.fadil.hamada@mhs.politala.ac.id', 'kiwi', [...])
 7 SYSTEMPATH\CodeIgniter.php(933): App\Controllers\Kasir->assignPost('78')
 8 SYSTEMPATH\CodeIgniter.php(507): CodeIgniter\CodeIgniter->runController(Object(App\Controllers\Kasir))
 9 SYSTEMPATH\CodeIgniter.php(354): CodeIgniter\CodeIgniter->handleRequest(null, Object(Config\Cache), false)
10 SYSTEMPATH\Boot.php(334): CodeIgniter\CodeIgniter->run()
11 SYSTEMPATH\Boot.php(67): CodeIgniter\Boot::runCodeIgniter(Object(CodeIgniter\CodeIgniter))
12 FCPATH\index.php(60): CodeIgniter\Boot::bootWeb(Object(Config\Paths))
13 SYSTEMPATH\rewrite.php(44): require_once('C:\\Users\\LENOVO\\Documents\\SEMPRO TA DLL YANG PETNING POKOKNYA SEMESTER AKHIR\\barber\\public\\index.php')
CRITICAL - 2025-06-04 15:50:07 --> ErrorException: Undefined array key "id_invoice"
[Method: POST, Route: kasir/assign/78]
in APPPATH\Views\kasir\view_invoices.php on line 3.
 1 APPPATH\Views\kasir\view_invoices.php(3): CodeIgniter\Debug\Exceptions->errorHandler(2, 'Undefined array key "id_invoice"', 'C:\\Users\\LENOVO\\Documents\\SEMPRO TA DLL YANG PETNING POKOKNYA SEMESTER AKHIR\\barber\\app\\Views\\kasir\\view_invoices.php', 3)
 2 SYSTEMPATH\View\View.php(224): include('C:\\Users\\LENOVO\\Documents\\SEMPRO TA DLL YANG PETNING POKOKNYA SEMESTER AKHIR\\barber\\app\\Views\\kasir\\view_invoices.php')
 3 SYSTEMPATH\View\View.php(227): CodeIgniter\View\View->CodeIgniter\View\{closure}()
 4 SYSTEMPATH\Common.php(1173): CodeIgniter\View\View->render('kasir/view_invoices', [], true)
 5 APPPATH\Controllers\Kasir.php(552): view('kasir/view_invoices', [...])
 6 APPPATH\Controllers\Kasir.php(166): App\Controllers\Kasir->kirimInvoiceEmail('m.fadil.hamada@mhs.politala.ac.id', 'kiwi', [...])
 7 SYSTEMPATH\CodeIgniter.php(933): App\Controllers\Kasir->assignPost('78')
 8 SYSTEMPATH\CodeIgniter.php(507): CodeIgniter\CodeIgniter->runController(Object(App\Controllers\Kasir))
 9 SYSTEMPATH\CodeIgniter.php(354): CodeIgniter\CodeIgniter->handleRequest(null, Object(Config\Cache), false)
10 SYSTEMPATH\Boot.php(334): CodeIgniter\CodeIgniter->run()
11 SYSTEMPATH\Boot.php(67): CodeIgniter\Boot::runCodeIgniter(Object(CodeIgniter\CodeIgniter))
12 FCPATH\index.php(60): CodeIgniter\Boot::bootWeb(Object(Config\Paths))
13 SYSTEMPATH\rewrite.php(44): require_once('C:\\Users\\LENOVO\\Documents\\SEMPRO TA DLL YANG PETNING POKOKNYA SEMESTER AKHIR\\barber\\public\\index.php')
CRITICAL - 2025-06-04 15:52:29 --> ErrorException: Undefined array key "ServiceName"
[Method: POST, Route: kasir/assign/78]
in APPPATH\Views\kasir\view_invoices.php on line 38.
 1 APPPATH\Views\kasir\view_invoices.php(38): CodeIgniter\Debug\Exceptions->errorHandler(2, 'Undefined array key "ServiceName"', 'C:\\Users\\LENOVO\\Documents\\SEMPRO TA DLL YANG PETNING POKOKNYA SEMESTER AKHIR\\barber\\app\\Views\\kasir\\view_invoices.php', 38)
 2 SYSTEMPATH\View\View.php(224): include('C:\\Users\\LENOVO\\Documents\\SEMPRO TA DLL YANG PETNING POKOKNYA SEMESTER AKHIR\\barber\\app\\Views\\kasir\\view_invoices.php')
 3 SYSTEMPATH\View\View.php(227): CodeIgniter\View\View->CodeIgniter\View\{closure}()
 4 SYSTEMPATH\Common.php(1173): CodeIgniter\View\View->render('kasir/view_invoices', [], true)
 5 APPPATH\Controllers\Kasir.php(556): view('kasir/view_invoices', [...])
 6 APPPATH\Controllers\Kasir.php(155): App\Controllers\Kasir->kirimInvoiceEmail('m.fadil.hamada@mhs.politala.ac.id', 'kiwi', [...])
 7 SYSTEMPATH\CodeIgniter.php(933): App\Controllers\Kasir->assignPost('78')
 8 SYSTEMPATH\CodeIgniter.php(507): CodeIgniter\CodeIgniter->runController(Object(App\Controllers\Kasir))
 9 SYSTEMPATH\CodeIgniter.php(354): CodeIgniter\CodeIgniter->handleRequest(null, Object(Config\Cache), false)
10 SYSTEMPATH\Boot.php(334): CodeIgniter\CodeIgniter->run()
11 SYSTEMPATH\Boot.php(67): CodeIgniter\Boot::runCodeIgniter(Object(CodeIgniter\CodeIgniter))
12 FCPATH\index.php(60): CodeIgniter\Boot::bootWeb(Object(Config\Paths))
13 SYSTEMPATH\rewrite.php(44): require_once('C:\\Users\\LENOVO\\Documents\\SEMPRO TA DLL YANG PETNING POKOKNYA SEMESTER AKHIR\\barber\\public\\index.php')
CRITICAL - 2025-06-04 15:54:19 --> CodeIgniter\View\Exceptions\ViewException: Invalid file: "kasir/view_invoice.php"
[Method: POST, Route: kasir/assign/78]
in SYSTEMPATH\Exceptions\FrameworkException.php on line 39.
 1 SYSTEMPATH\View\View.php(212): CodeIgniter\Exceptions\FrameworkException::forInvalidFile('kasir/view_invoice.php')
 2 SYSTEMPATH\Common.php(1173): CodeIgniter\View\View->render('kasir/view_invoice', [], true)
 3 APPPATH\Controllers\Kasir.php(548): view('kasir/view_invoice', [...])
 4 APPPATH\Controllers\Kasir.php(164): App\Controllers\Kasir->kirimInvoiceEmail('m.fadil.hamada@mhs.politala.ac.id', 'kiwi', [...])
 5 SYSTEMPATH\CodeIgniter.php(933): App\Controllers\Kasir->assignPost('78')
 6 SYSTEMPATH\CodeIgniter.php(507): CodeIgniter\CodeIgniter->runController(Object(App\Controllers\Kasir))
 7 SYSTEMPATH\CodeIgniter.php(354): CodeIgniter\CodeIgniter->handleRequest(null, Object(Config\Cache), false)
 8 SYSTEMPATH\Boot.php(334): CodeIgniter\CodeIgniter->run()
 9 SYSTEMPATH\Boot.php(67): CodeIgniter\Boot::runCodeIgniter(Object(CodeIgniter\CodeIgniter))
10 FCPATH\index.php(60): CodeIgniter\Boot::bootWeb(Object(Config\Paths))
11 SYSTEMPATH\rewrite.php(44): require_once('C:\\Users\\LENOVO\\Documents\\SEMPRO TA DLL YANG PETNING POKOKNYA SEMESTER AKHIR\\barber\\public\\index.php')
CRITICAL - 2025-06-04 15:55:15 --> ErrorException: Undefined array key "id_invoice"
[Method: POST, Route: kasir/assign/78]
in APPPATH\Views\kasir\view_invoices.php on line 3.
 1 APPPATH\Views\kasir\view_invoices.php(3): CodeIgniter\Debug\Exceptions->errorHandler(2, 'Undefined array key "id_invoice"', 'C:\\Users\\LENOVO\\Documents\\SEMPRO TA DLL YANG PETNING POKOKNYA SEMESTER AKHIR\\barber\\app\\Views\\kasir\\view_invoices.php', 3)
 2 SYSTEMPATH\View\View.php(224): include('C:\\Users\\LENOVO\\Documents\\SEMPRO TA DLL YANG PETNING POKOKNYA SEMESTER AKHIR\\barber\\app\\Views\\kasir\\view_invoices.php')
 3 SYSTEMPATH\View\View.php(227): CodeIgniter\View\View->CodeIgniter\View\{closure}()
 4 SYSTEMPATH\Common.php(1173): CodeIgniter\View\View->render('kasir/view_invoices', [], true)
 5 APPPATH\Controllers\Kasir.php(548): view('kasir/view_invoices', [...])
 6 APPPATH\Controllers\Kasir.php(164): App\Controllers\Kasir->kirimInvoiceEmail('m.fadil.hamada@mhs.politala.ac.id', 'kiwi', [...])
 7 SYSTEMPATH\CodeIgniter.php(933): App\Controllers\Kasir->assignPost('78')
 8 SYSTEMPATH\CodeIgniter.php(507): CodeIgniter\CodeIgniter->runController(Object(App\Controllers\Kasir))
 9 SYSTEMPATH\CodeIgniter.php(354): CodeIgniter\CodeIgniter->handleRequest(null, Object(Config\Cache), false)
10 SYSTEMPATH\Boot.php(334): CodeIgniter\CodeIgniter->run()
11 SYSTEMPATH\Boot.php(67): CodeIgniter\Boot::runCodeIgniter(Object(CodeIgniter\CodeIgniter))
12 FCPATH\index.php(60): CodeIgniter\Boot::bootWeb(Object(Config\Paths))
13 SYSTEMPATH\rewrite.php(44): require_once('C:\\Users\\LENOVO\\Documents\\SEMPRO TA DLL YANG PETNING POKOKNYA SEMESTER AKHIR\\barber\\public\\index.php')
CRITICAL - 2025-06-04 16:05:26 --> CodeIgniter\View\Exceptions\ViewException: Invalid file: "kasir/view_invoice.php"
[Method: POST, Route: kasir/assign/70]
in SYSTEMPATH\Exceptions\FrameworkException.php on line 39.
 1 SYSTEMPATH\View\View.php(212): CodeIgniter\Exceptions\FrameworkException::forInvalidFile('kasir/view_invoice.php')
 2 SYSTEMPATH\Common.php(1173): CodeIgniter\View\View->render('kasir/view_invoice', [], true)
 3 APPPATH\Controllers\Kasir.php(553): view('kasir/view_invoice', [...])
 4 APPPATH\Controllers\Kasir.php(170): App\Controllers\Kasir->kirimInvoiceEmail('hamada@gmail.com', 'hamada', [...])
 5 SYSTEMPATH\CodeIgniter.php(933): App\Controllers\Kasir->assignPost('70')
 6 SYSTEMPATH\CodeIgniter.php(507): CodeIgniter\CodeIgniter->runController(Object(App\Controllers\Kasir))
 7 SYSTEMPATH\CodeIgniter.php(354): CodeIgniter\CodeIgniter->handleRequest(null, Object(Config\Cache), false)
 8 SYSTEMPATH\Boot.php(334): CodeIgniter\CodeIgniter->run()
 9 SYSTEMPATH\Boot.php(67): CodeIgniter\Boot::runCodeIgniter(Object(CodeIgniter\CodeIgniter))
10 FCPATH\index.php(60): CodeIgniter\Boot::bootWeb(Object(Config\Paths))
11 SYSTEMPATH\rewrite.php(44): require_once('C:\\Users\\LENOVO\\Documents\\SEMPRO TA DLL YANG PETNING POKOKNYA SEMESTER AKHIR\\barber\\public\\index.php')
CRITICAL - 2025-06-04 16:19:21 --> ErrorException: Undefined variable $logoBase64
[Method: POST, Route: kasir/assign/78]
in APPPATH\Views\kasir\invoice_pdf.php on line 18.
 1 APPPATH\Views\kasir\invoice_pdf.php(18): CodeIgniter\Debug\Exceptions->errorHandler(2, 'Undefined variable $logoBase64', 'C:\\Users\\LENOVO\\Documents\\SEMPRO TA DLL YANG PETNING POKOKNYA SEMESTER AKHIR\\barber\\app\\Views\\kasir\\invoice_pdf.php', 18)
 2 SYSTEMPATH\View\View.php(224): include('C:\\Users\\LENOVO\\Documents\\SEMPRO TA DLL YANG PETNING POKOKNYA SEMESTER AKHIR\\barber\\app\\Views\\kasir\\invoice_pdf.php')
 3 SYSTEMPATH\View\View.php(227): CodeIgniter\View\View->CodeIgniter\View\{closure}()
 4 SYSTEMPATH\Common.php(1173): CodeIgniter\View\View->render('kasir/invoice_pdf', [], true)
 5 APPPATH\Controllers\Kasir.php(553): view('kasir/invoice_pdf', [...])
 6 APPPATH\Controllers\Kasir.php(170): App\Controllers\Kasir->kirimInvoiceEmail('m.fadil.hamada@mhs.politala.ac.id', 'kiwi', [...])
 7 SYSTEMPATH\CodeIgniter.php(933): App\Controllers\Kasir->assignPost('78')
 8 SYSTEMPATH\CodeIgniter.php(507): CodeIgniter\CodeIgniter->runController(Object(App\Controllers\Kasir))
 9 SYSTEMPATH\CodeIgniter.php(354): CodeIgniter\CodeIgniter->handleRequest(null, Object(Config\Cache), false)
10 SYSTEMPATH\Boot.php(334): CodeIgniter\CodeIgniter->run()
11 SYSTEMPATH\Boot.php(67): CodeIgniter\Boot::runCodeIgniter(Object(CodeIgniter\CodeIgniter))
12 FCPATH\index.php(60): CodeIgniter\Boot::bootWeb(Object(Config\Paths))
13 SYSTEMPATH\rewrite.php(44): require_once('C:\\Users\\LENOVO\\Documents\\SEMPRO TA DLL YANG PETNING POKOKNYA SEMESTER AKHIR\\barber\\public\\index.php')
CRITICAL - 2025-06-04 16:21:52 --> ErrorException: Undefined variable $logoBase64
[Method: POST, Route: kasir/assign/78]
in APPPATH\Views\kasir\invoice_pdf.php on line 18.
 1 APPPATH\Views\kasir\invoice_pdf.php(18): CodeIgniter\Debug\Exceptions->errorHandler(2, 'Undefined variable $logoBase64', 'C:\\Users\\LENOVO\\Documents\\SEMPRO TA DLL YANG PETNING POKOKNYA SEMESTER AKHIR\\barber\\app\\Views\\kasir\\invoice_pdf.php', 18)
 2 SYSTEMPATH\View\View.php(224): include('C:\\Users\\LENOVO\\Documents\\SEMPRO TA DLL YANG PETNING POKOKNYA SEMESTER AKHIR\\barber\\app\\Views\\kasir\\invoice_pdf.php')
 3 SYSTEMPATH\View\View.php(227): CodeIgniter\View\View->CodeIgniter\View\{closure}()
 4 SYSTEMPATH\Common.php(1173): CodeIgniter\View\View->render('kasir/invoice_pdf', [], true)
 5 APPPATH\Controllers\Kasir.php(553): view('kasir/invoice_pdf', [...])
 6 APPPATH\Controllers\Kasir.php(170): App\Controllers\Kasir->kirimInvoiceEmail('m.fadil.hamada@mhs.politala.ac.id', 'kiwi', [...])
 7 SYSTEMPATH\CodeIgniter.php(933): App\Controllers\Kasir->assignPost('78')
 8 SYSTEMPATH\CodeIgniter.php(507): CodeIgniter\CodeIgniter->runController(Object(App\Controllers\Kasir))
 9 SYSTEMPATH\CodeIgniter.php(354): CodeIgniter\CodeIgniter->handleRequest(null, Object(Config\Cache), false)
10 SYSTEMPATH\Boot.php(334): CodeIgniter\CodeIgniter->run()
11 SYSTEMPATH\Boot.php(67): CodeIgniter\Boot::runCodeIgniter(Object(CodeIgniter\CodeIgniter))
12 FCPATH\index.php(60): CodeIgniter\Boot::bootWeb(Object(Config\Paths))
13 SYSTEMPATH\rewrite.php(44): require_once('C:\\Users\\LENOVO\\Documents\\SEMPRO TA DLL YANG PETNING POKOKNYA SEMESTER AKHIR\\barber\\public\\index.php')
