CRITICAL - 2025-05-18 00:00:56 --> Error: Class "BaseController" not found
[Method: GET, Route: /]
in APPPATH\Controllers\Home.php on line 10.
 1 SYSTEMPATH\Autoloader\Autoloader.php(316): include_once()
 2 SYSTEMPATH\Autoloader\Autoloader.php(295): CodeIgniter\Autoloader\Autoloader->includeFile('C:\\Users\\LENOVO\\Documents\\SEMPRO TA DLL YANG PETNING POKOKNYA SEMESTER AKHIR\\barber\\app\\Controllers\\Home.php')
 3 SYSTEMPATH\Autoloader\Autoloader.php(271): CodeIgniter\Autoloader\Autoloader->loadInNamespace('App\\Controllers\\Home')
 4 [internal function]: CodeIgniter\Autoloader\Autoloader->loadClass('App\\Controllers\\Home')
 5 SYSTEMPATH\CodeIgniter.php(885): class_exists('\\App\\Controllers\\Home', true)
 6 SYSTEMPATH\CodeIgniter.php(494): CodeIgniter\CodeIgniter->startController()
 7 SYSTEMPATH\CodeIgniter.php(354): CodeIgniter\CodeIgniter->handleRequest(null, Object(Config\Cache), false)
 8 SYSTEMPATH\Boot.php(334): CodeIgniter\CodeIgniter->run()
 9 SYSTEMPATH\Boot.php(67): CodeIgniter\Boot::runCodeIgniter(Object(CodeIgniter\CodeIgniter))
10 FCPATH\index.php(60): CodeIgniter\Boot::bootWeb(Object(Config\Paths))
11 SYSTEMPATH\rewrite.php(44): require_once('C:\\Users\\LENOVO\\Documents\\SEMPRO TA DLL YANG PETNING POKOKNYA SEMESTER AKHIR\\barber\\public\\index.php')
CRITICAL - 2025-05-18 00:01:34 --> ErrorException: Undefined variable $serviceModel
[Method: GET, Route: /]
in APPPATH\Controllers\Home.php on line 24.
 1 APPPATH\Controllers\Home.php(24): CodeIgniter\Debug\Exceptions->errorHandler(2, 'Undefined variable $serviceModel', 'C:\\Users\\LENOVO\\Documents\\SEMPRO TA DLL YANG PETNING POKOKNYA SEMESTER AKHIR\\barber\\app\\Controllers\\Home.php', 24)
 2 SYSTEMPATH\CodeIgniter.php(933): App\Controllers\Home->index()
 3 SYSTEMPATH\CodeIgniter.php(507): CodeIgniter\CodeIgniter->runController(Object(App\Controllers\Home))
 4 SYSTEMPATH\CodeIgniter.php(354): CodeIgniter\CodeIgniter->handleRequest(null, Object(Config\Cache), false)
 5 SYSTEMPATH\Boot.php(334): CodeIgniter\CodeIgniter->run()
 6 SYSTEMPATH\Boot.php(67): CodeIgniter\Boot::runCodeIgniter(Object(CodeIgniter\CodeIgniter))
 7 FCPATH\index.php(60): CodeIgniter\Boot::bootWeb(Object(Config\Paths))
 8 SYSTEMPATH\rewrite.php(44): require_once('C:\\Users\\LENOVO\\Documents\\SEMPRO TA DLL YANG PETNING POKOKNYA SEMESTER AKHIR\\barber\\public\\index.php')
CRITICAL - 2025-05-18 00:02:25 --> ErrorException: Undefined variable $serviceModel
[Method: GET, Route: /]
in APPPATH\Controllers\Home.php on line 24.
 1 APPPATH\Controllers\Home.php(24): CodeIgniter\Debug\Exceptions->errorHandler(2, 'Undefined variable $serviceModel', 'C:\\Users\\LENOVO\\Documents\\SEMPRO TA DLL YANG PETNING POKOKNYA SEMESTER AKHIR\\barber\\app\\Controllers\\Home.php', 24)
 2 SYSTEMPATH\CodeIgniter.php(933): App\Controllers\Home->index()
 3 SYSTEMPATH\CodeIgniter.php(507): CodeIgniter\CodeIgniter->runController(Object(App\Controllers\Home))
 4 SYSTEMPATH\CodeIgniter.php(354): CodeIgniter\CodeIgniter->handleRequest(null, Object(Config\Cache), false)
 5 SYSTEMPATH\Boot.php(334): CodeIgniter\CodeIgniter->run()
 6 SYSTEMPATH\Boot.php(67): CodeIgniter\Boot::runCodeIgniter(Object(CodeIgniter\CodeIgniter))
 7 FCPATH\index.php(60): CodeIgniter\Boot::bootWeb(Object(Config\Paths))
 8 SYSTEMPATH\rewrite.php(44): require_once('C:\\Users\\LENOVO\\Documents\\SEMPRO TA DLL YANG PETNING POKOKNYA SEMESTER AKHIR\\barber\\public\\index.php')
CRITICAL - 2025-05-18 00:02:42 --> ErrorException: Undefined variable $ServiceModel
[Method: GET, Route: /]
in APPPATH\Controllers\Home.php on line 24.
 1 APPPATH\Controllers\Home.php(24): CodeIgniter\Debug\Exceptions->errorHandler(2, 'Undefined variable $ServiceModel', 'C:\\Users\\LENOVO\\Documents\\SEMPRO TA DLL YANG PETNING POKOKNYA SEMESTER AKHIR\\barber\\app\\Controllers\\Home.php', 24)
 2 SYSTEMPATH\CodeIgniter.php(933): App\Controllers\Home->index()
 3 SYSTEMPATH\CodeIgniter.php(507): CodeIgniter\CodeIgniter->runController(Object(App\Controllers\Home))
 4 SYSTEMPATH\CodeIgniter.php(354): CodeIgniter\CodeIgniter->handleRequest(null, Object(Config\Cache), false)
 5 SYSTEMPATH\Boot.php(334): CodeIgniter\CodeIgniter->run()
 6 SYSTEMPATH\Boot.php(67): CodeIgniter\Boot::runCodeIgniter(Object(CodeIgniter\CodeIgniter))
 7 FCPATH\index.php(60): CodeIgniter\Boot::bootWeb(Object(Config\Paths))
 8 SYSTEMPATH\rewrite.php(44): require_once('C:\\Users\\LENOVO\\Documents\\SEMPRO TA DLL YANG PETNING POKOKNYA SEMESTER AKHIR\\barber\\public\\index.php')
CRITICAL - 2025-05-18 00:03:08 --> ErrorException: Undefined variable $products
[Method: GET, Route: /]
in APPPATH\Views\free\home.php on line 72.
 1 APPPATH\Views\free\home.php(72): CodeIgniter\Debug\Exceptions->errorHandler(2, 'Undefined variable $products', 'C:\\Users\\LENOVO\\Documents\\SEMPRO TA DLL YANG PETNING POKOKNYA SEMESTER AKHIR\\barber\\app\\Views\\free\\home.php', 72)
 2 SYSTEMPATH\View\View.php(224): include('C:\\Users\\LENOVO\\Documents\\SEMPRO TA DLL YANG PETNING POKOKNYA SEMESTER AKHIR\\barber\\app\\Views\\free\\home.php')
 3 SYSTEMPATH\View\View.php(227): CodeIgniter\View\View->CodeIgniter\View\{closure}()
 4 SYSTEMPATH\Common.php(1173): CodeIgniter\View\View->render('free/home', [], true)
 5 APPPATH\Controllers\Home.php(21): view('free/home', [...])
 6 SYSTEMPATH\CodeIgniter.php(933): App\Controllers\Home->index()
 7 SYSTEMPATH\CodeIgniter.php(507): CodeIgniter\CodeIgniter->runController(Object(App\Controllers\Home))
 8 SYSTEMPATH\CodeIgniter.php(354): CodeIgniter\CodeIgniter->handleRequest(null, Object(Config\Cache), false)
 9 SYSTEMPATH\Boot.php(334): CodeIgniter\CodeIgniter->run()
10 SYSTEMPATH\Boot.php(67): CodeIgniter\Boot::runCodeIgniter(Object(CodeIgniter\CodeIgniter))
11 FCPATH\index.php(60): CodeIgniter\Boot::bootWeb(Object(Config\Paths))
12 SYSTEMPATH\rewrite.php(44): require_once('C:\\Users\\LENOVO\\Documents\\SEMPRO TA DLL YANG PETNING POKOKNYA SEMESTER AKHIR\\barber\\public\\index.php')
CRITICAL - 2025-05-18 00:05:24 --> ErrorException: Cannot use App\Models\ServiceModel as ServiceModel because the name is already in use
[Method: GET, Route: /]
in APPPATH\Controllers\Home.php on line 7.
 1 [internal function]: CodeIgniter\Debug\Exceptions->shutdownHandler()
CRITICAL - 2025-05-18 00:06:32 --> ErrorException: Undefined variable $products
[Method: GET, Route: /]
in APPPATH\Views\free\home.php on line 72.
 1 APPPATH\Views\free\home.php(72): CodeIgniter\Debug\Exceptions->errorHandler(2, 'Undefined variable $products', 'C:\\Users\\LENOVO\\Documents\\SEMPRO TA DLL YANG PETNING POKOKNYA SEMESTER AKHIR\\barber\\app\\Views\\free\\home.php', 72)
 2 SYSTEMPATH\View\View.php(224): include('C:\\Users\\LENOVO\\Documents\\SEMPRO TA DLL YANG PETNING POKOKNYA SEMESTER AKHIR\\barber\\app\\Views\\free\\home.php')
 3 SYSTEMPATH\View\View.php(227): CodeIgniter\View\View->CodeIgniter\View\{closure}()
 4 SYSTEMPATH\Common.php(1173): CodeIgniter\View\View->render('free/home', [], true)
 5 APPPATH\Controllers\Home.php(26): view('free/home', [...])
 6 SYSTEMPATH\CodeIgniter.php(933): App\Controllers\Home->index()
 7 SYSTEMPATH\CodeIgniter.php(507): CodeIgniter\CodeIgniter->runController(Object(App\Controllers\Home))
 8 SYSTEMPATH\CodeIgniter.php(354): CodeIgniter\CodeIgniter->handleRequest(null, Object(Config\Cache), false)
 9 SYSTEMPATH\Boot.php(334): CodeIgniter\CodeIgniter->run()
10 SYSTEMPATH\Boot.php(67): CodeIgniter\Boot::runCodeIgniter(Object(CodeIgniter\CodeIgniter))
11 FCPATH\index.php(60): CodeIgniter\Boot::bootWeb(Object(Config\Paths))
12 SYSTEMPATH\rewrite.php(44): require_once('C:\\Users\\LENOVO\\Documents\\SEMPRO TA DLL YANG PETNING POKOKNYA SEMESTER AKHIR\\barber\\public\\index.php')
CRITICAL - 2025-05-18 01:14:51 --> ErrorException: Undefined property: App\Controllers\Admin::$serviceModel
[Method: GET, Route: admin/services]
in APPPATH\Controllers\Admin.php on line 45.
 1 APPPATH\Controllers\Admin.php(45): CodeIgniter\Debug\Exceptions->errorHandler(2, 'Undefined property: App\\Controllers\\Admin::$serviceModel', 'C:\\Users\\LENOVO\\Documents\\SEMPRO TA DLL YANG PETNING POKOKNYA SEMESTER AKHIR\\barber\\app\\Controllers\\Admin.php', 45)
 2 SYSTEMPATH\CodeIgniter.php(933): App\Controllers\Admin->services()
 3 SYSTEMPATH\CodeIgniter.php(507): CodeIgniter\CodeIgniter->runController(Object(App\Controllers\Admin))
 4 SYSTEMPATH\CodeIgniter.php(354): CodeIgniter\CodeIgniter->handleRequest(null, Object(Config\Cache), false)
 5 SYSTEMPATH\Boot.php(334): CodeIgniter\CodeIgniter->run()
 6 SYSTEMPATH\Boot.php(67): CodeIgniter\Boot::runCodeIgniter(Object(CodeIgniter\CodeIgniter))
 7 FCPATH\index.php(60): CodeIgniter\Boot::bootWeb(Object(Config\Paths))
 8 SYSTEMPATH\rewrite.php(44): require_once('C:\\Users\\LENOVO\\Documents\\SEMPRO TA DLL YANG PETNING POKOKNYA SEMESTER AKHIR\\barber\\public\\index.php')
CRITICAL - 2025-05-18 01:15:15 --> ErrorException: Undefined property: App\Controllers\Admin::$serviceModel
[Method: GET, Route: admin/services]
in APPPATH\Controllers\Admin.php on line 45.
 1 APPPATH\Controllers\Admin.php(45): CodeIgniter\Debug\Exceptions->errorHandler(2, 'Undefined property: App\\Controllers\\Admin::$serviceModel', 'C:\\Users\\LENOVO\\Documents\\SEMPRO TA DLL YANG PETNING POKOKNYA SEMESTER AKHIR\\barber\\app\\Controllers\\Admin.php', 45)
 2 SYSTEMPATH\CodeIgniter.php(933): App\Controllers\Admin->services()
 3 SYSTEMPATH\CodeIgniter.php(507): CodeIgniter\CodeIgniter->runController(Object(App\Controllers\Admin))
 4 SYSTEMPATH\CodeIgniter.php(354): CodeIgniter\CodeIgniter->handleRequest(null, Object(Config\Cache), false)
 5 SYSTEMPATH\Boot.php(334): CodeIgniter\CodeIgniter->run()
 6 SYSTEMPATH\Boot.php(67): CodeIgniter\Boot::runCodeIgniter(Object(CodeIgniter\CodeIgniter))
 7 FCPATH\index.php(60): CodeIgniter\Boot::bootWeb(Object(Config\Paths))
 8 SYSTEMPATH\rewrite.php(44): require_once('C:\\Users\\LENOVO\\Documents\\SEMPRO TA DLL YANG PETNING POKOKNYA SEMESTER AKHIR\\barber\\public\\index.php')
CRITICAL - 2025-05-18 01:15:21 --> ErrorException: Undefined property: App\Controllers\Admin::$servicesModel
[Method: GET, Route: admin/services]
in APPPATH\Controllers\Admin.php on line 45.
 1 APPPATH\Controllers\Admin.php(45): CodeIgniter\Debug\Exceptions->errorHandler(2, 'Undefined property: App\\Controllers\\Admin::$servicesModel', 'C:\\Users\\LENOVO\\Documents\\SEMPRO TA DLL YANG PETNING POKOKNYA SEMESTER AKHIR\\barber\\app\\Controllers\\Admin.php', 45)
 2 SYSTEMPATH\CodeIgniter.php(933): App\Controllers\Admin->services()
 3 SYSTEMPATH\CodeIgniter.php(507): CodeIgniter\CodeIgniter->runController(Object(App\Controllers\Admin))
 4 SYSTEMPATH\CodeIgniter.php(354): CodeIgniter\CodeIgniter->handleRequest(null, Object(Config\Cache), false)
 5 SYSTEMPATH\Boot.php(334): CodeIgniter\CodeIgniter->run()
 6 SYSTEMPATH\Boot.php(67): CodeIgniter\Boot::runCodeIgniter(Object(CodeIgniter\CodeIgniter))
 7 FCPATH\index.php(60): CodeIgniter\Boot::bootWeb(Object(Config\Paths))
 8 SYSTEMPATH\rewrite.php(44): require_once('C:\\Users\\LENOVO\\Documents\\SEMPRO TA DLL YANG PETNING POKOKNYA SEMESTER AKHIR\\barber\\public\\index.php')
CRITICAL - 2025-05-18 01:19:00 --> ErrorException: Undefined property: App\Controllers\Admin::$serviceModel
[Method: GET, Route: admin]
in APPPATH\Controllers\Admin.php on line 34.
 1 APPPATH\Controllers\Admin.php(34): CodeIgniter\Debug\Exceptions->errorHandler(2, 'Undefined property: App\\Controllers\\Admin::$serviceModel', 'C:\\Users\\LENOVO\\Documents\\SEMPRO TA DLL YANG PETNING POKOKNYA SEMESTER AKHIR\\barber\\app\\Controllers\\Admin.php', 34)
 2 SYSTEMPATH\CodeIgniter.php(933): App\Controllers\Admin->index()
 3 SYSTEMPATH\CodeIgniter.php(507): CodeIgniter\CodeIgniter->runController(Object(App\Controllers\Admin))
 4 SYSTEMPATH\CodeIgniter.php(354): CodeIgniter\CodeIgniter->handleRequest(null, Object(Config\Cache), false)
 5 SYSTEMPATH\Boot.php(334): CodeIgniter\CodeIgniter->run()
 6 SYSTEMPATH\Boot.php(67): CodeIgniter\Boot::runCodeIgniter(Object(CodeIgniter\CodeIgniter))
 7 FCPATH\index.php(60): CodeIgniter\Boot::bootWeb(Object(Config\Paths))
 8 SYSTEMPATH\rewrite.php(44): require_once('C:\\Users\\LENOVO\\Documents\\SEMPRO TA DLL YANG PETNING POKOKNYA SEMESTER AKHIR\\barber\\public\\index.php')
CRITICAL - 2025-05-18 01:21:24 --> ErrorException: Undefined property: App\Controllers\Admin::$layananModel
[Method: POST, Route: admin/deleteservice/23]
in APPPATH\Controllers\Admin.php on line 114.
 1 APPPATH\Controllers\Admin.php(114): CodeIgniter\Debug\Exceptions->errorHandler(2, 'Undefined property: App\\Controllers\\Admin::$layananModel', 'C:\\Users\\LENOVO\\Documents\\SEMPRO TA DLL YANG PETNING POKOKNYA SEMESTER AKHIR\\barber\\app\\Controllers\\Admin.php', 114)
 2 SYSTEMPATH\CodeIgniter.php(933): App\Controllers\Admin->deleteService('23')
 3 SYSTEMPATH\CodeIgniter.php(507): CodeIgniter\CodeIgniter->runController(Object(App\Controllers\Admin))
 4 SYSTEMPATH\CodeIgniter.php(354): CodeIgniter\CodeIgniter->handleRequest(null, Object(Config\Cache), false)
 5 SYSTEMPATH\Boot.php(334): CodeIgniter\CodeIgniter->run()
 6 SYSTEMPATH\Boot.php(67): CodeIgniter\Boot::runCodeIgniter(Object(CodeIgniter\CodeIgniter))
 7 FCPATH\index.php(60): CodeIgniter\Boot::bootWeb(Object(Config\Paths))
 8 SYSTEMPATH\rewrite.php(44): require_once('C:\\Users\\LENOVO\\Documents\\SEMPRO TA DLL YANG PETNING POKOKNYA SEMESTER AKHIR\\barber\\public\\index.php')
CRITICAL - 2025-05-18 01:26:02 --> ErrorException: Undefined property: App\Controllers\Admin::$layananModel
[Method: GET, Route: admin/editservice/29]
in APPPATH\Controllers\Admin.php on line 104.
 1 APPPATH\Controllers\Admin.php(104): CodeIgniter\Debug\Exceptions->errorHandler(2, 'Undefined property: App\\Controllers\\Admin::$layananModel', 'C:\\Users\\LENOVO\\Documents\\SEMPRO TA DLL YANG PETNING POKOKNYA SEMESTER AKHIR\\barber\\app\\Controllers\\Admin.php', 104)
 2 SYSTEMPATH\CodeIgniter.php(933): App\Controllers\Admin->editService('29')
 3 SYSTEMPATH\CodeIgniter.php(507): CodeIgniter\CodeIgniter->runController(Object(App\Controllers\Admin))
 4 SYSTEMPATH\CodeIgniter.php(354): CodeIgniter\CodeIgniter->handleRequest(null, Object(Config\Cache), false)
 5 SYSTEMPATH\Boot.php(334): CodeIgniter\CodeIgniter->run()
 6 SYSTEMPATH\Boot.php(67): CodeIgniter\Boot::runCodeIgniter(Object(CodeIgniter\CodeIgniter))
 7 FCPATH\index.php(60): CodeIgniter\Boot::bootWeb(Object(Config\Paths))
 8 SYSTEMPATH\rewrite.php(44): require_once('C:\\Users\\LENOVO\\Documents\\SEMPRO TA DLL YANG PETNING POKOKNYA SEMESTER AKHIR\\barber\\public\\index.php')
CRITICAL - 2025-05-18 01:32:44 --> ErrorException: Undefined property: App\Controllers\Admin::$layananModel
[Method: POST, Route: admin/updateservice/29]
in APPPATH\Controllers\Admin.php on line 116.
 1 APPPATH\Controllers\Admin.php(116): CodeIgniter\Debug\Exceptions->errorHandler(2, 'Undefined property: App\\Controllers\\Admin::$layananModel', 'C:\\Users\\LENOVO\\Documents\\SEMPRO TA DLL YANG PETNING POKOKNYA SEMESTER AKHIR\\barber\\app\\Controllers\\Admin.php', 116)
 2 SYSTEMPATH\CodeIgniter.php(933): App\Controllers\Admin->updateService('29')
 3 SYSTEMPATH\CodeIgniter.php(507): CodeIgniter\CodeIgniter->runController(Object(App\Controllers\Admin))
 4 SYSTEMPATH\CodeIgniter.php(354): CodeIgniter\CodeIgniter->handleRequest(null, Object(Config\Cache), false)
 5 SYSTEMPATH\Boot.php(334): CodeIgniter\CodeIgniter->run()
 6 SYSTEMPATH\Boot.php(67): CodeIgniter\Boot::runCodeIgniter(Object(CodeIgniter\CodeIgniter))
 7 FCPATH\index.php(60): CodeIgniter\Boot::bootWeb(Object(Config\Paths))
 8 SYSTEMPATH\rewrite.php(44): require_once('C:\\Users\\LENOVO\\Documents\\SEMPRO TA DLL YANG PETNING POKOKNYA SEMESTER AKHIR\\barber\\public\\index.php')
CRITICAL - 2025-05-18 01:33:17 --> ErrorException: Undefined property: App\Controllers\Admin::$serviceModel
[Method: POST, Route: admin/updateservice/29]
in APPPATH\Controllers\Admin.php on line 116.
 1 APPPATH\Controllers\Admin.php(116): CodeIgniter\Debug\Exceptions->errorHandler(2, 'Undefined property: App\\Controllers\\Admin::$serviceModel', 'C:\\Users\\LENOVO\\Documents\\SEMPRO TA DLL YANG PETNING POKOKNYA SEMESTER AKHIR\\barber\\app\\Controllers\\Admin.php', 116)
 2 SYSTEMPATH\CodeIgniter.php(933): App\Controllers\Admin->updateService('29')
 3 SYSTEMPATH\CodeIgniter.php(507): CodeIgniter\CodeIgniter->runController(Object(App\Controllers\Admin))
 4 SYSTEMPATH\CodeIgniter.php(354): CodeIgniter\CodeIgniter->handleRequest(null, Object(Config\Cache), false)
 5 SYSTEMPATH\Boot.php(334): CodeIgniter\CodeIgniter->run()
 6 SYSTEMPATH\Boot.php(67): CodeIgniter\Boot::runCodeIgniter(Object(CodeIgniter\CodeIgniter))
 7 FCPATH\index.php(60): CodeIgniter\Boot::bootWeb(Object(Config\Paths))
 8 SYSTEMPATH\rewrite.php(44): require_once('C:\\Users\\LENOVO\\Documents\\SEMPRO TA DLL YANG PETNING POKOKNYA SEMESTER AKHIR\\barber\\public\\index.php')
