ERROR - 2025-05-22 01:21:28 --> mysqli_sql_exception: Unknown column 'username' in 'where clause' in C:\Users\LENOVO\Documents\SEMPRO TA DLL YANG PETNING POKOKNYA SEMESTER AKHIR\barber\system\Database\MySQLi\Connection.php:327
Stack trace:
#0 C:\Users\LENOVO\Documents\SEMPRO TA DLL YANG PETNING POKOKNYA SEMESTER AKHIR\barber\system\Database\MySQLi\Connection.php(327): mysqli->query('SELECT *\nFROM `...', 0)
#1 C:\Users\LENOVO\Documents\SEMPRO TA DLL YANG PETNING POKOKNYA SEMESTER AKHIR\barber\system\Database\BaseConnection.php(738): CodeIgniter\Database\MySQLi\Connection->execute('SELECT *\nFROM `...')
#2 C:\Users\LENOVO\Documents\SEMPRO TA DLL YANG PETNING POKOKNYA SEMESTER AKHIR\barber\system\Database\BaseConnection.php(652): CodeIgniter\Database\BaseConnection->simpleQuery('SELECT *\nFROM `...')
#3 C:\Users\LENOVO\Documents\SEMPRO TA DLL YANG PETNING POKOKNYA SEMESTER AKHIR\barber\system\Database\BaseBuilder.php(1649): CodeIgniter\Database\BaseConnection->query('SELECT *\nFROM `...', Array, false)
#4 C:\Users\LENOVO\Documents\SEMPRO TA DLL YANG PETNING POKOKNYA SEMESTER AKHIR\barber\system\Model.php(330): CodeIgniter\Database\BaseBuilder->get()
#5 C:\Users\LENOVO\Documents\SEMPRO TA DLL YANG PETNING POKOKNYA SEMESTER AKHIR\barber\system\BaseModel.php(717): CodeIgniter\Model->doFirst()
#6 C:\Users\LENOVO\Documents\SEMPRO TA DLL YANG PETNING POKOKNYA SEMESTER AKHIR\barber\app\Controllers\Auth.php(22): CodeIgniter\BaseModel->first()
#7 C:\Users\LENOVO\Documents\SEMPRO TA DLL YANG PETNING POKOKNYA SEMESTER AKHIR\barber\system\CodeIgniter.php(933): App\Controllers\Auth->doLogin()
#8 C:\Users\LENOVO\Documents\SEMPRO TA DLL YANG PETNING POKOKNYA SEMESTER AKHIR\barber\system\CodeIgniter.php(507): CodeIgniter\CodeIgniter->runController(Object(App\Controllers\Auth))
#9 C:\Users\LENOVO\Documents\SEMPRO TA DLL YANG PETNING POKOKNYA SEMESTER AKHIR\barber\system\CodeIgniter.php(354): CodeIgniter\CodeIgniter->handleRequest(NULL, Object(Config\Cache), false)
#10 C:\Users\LENOVO\Documents\SEMPRO TA DLL YANG PETNING POKOKNYA SEMESTER AKHIR\barber\system\Boot.php(334): CodeIgniter\CodeIgniter->run()
#11 C:\Users\LENOVO\Documents\SEMPRO TA DLL YANG PETNING POKOKNYA SEMESTER AKHIR\barber\system\Boot.php(67): CodeIgniter\Boot::runCodeIgniter(Object(CodeIgniter\CodeIgniter))
#12 C:\Users\LENOVO\Documents\SEMPRO TA DLL YANG PETNING POKOKNYA SEMESTER AKHIR\barber\public\index.php(60): CodeIgniter\Boot::bootWeb(Object(Config\Paths))
#13 C:\Users\LENOVO\Documents\SEMPRO TA DLL YANG PETNING POKOKNYA SEMESTER AKHIR\barber\system\rewrite.php(44): require_once('C:\\Users\\LENOVO...')
#14 {main}
CRITICAL - 2025-05-22 01:21:28 --> CodeIgniter\Database\Exceptions\DatabaseException: Unknown column 'username' in 'where clause'
[Method: POST, Route: auth/doLogin]
in SYSTEMPATH\Database\BaseConnection.php on line 692.
 1 SYSTEMPATH\Database\BaseBuilder.php(1649): CodeIgniter\Database\BaseConnection->query('SELECT *
FROM `users`
WHERE `username` = :username:
 LIMIT 1', [...], false)
 2 SYSTEMPATH\Model.php(330): CodeIgniter\Database\BaseBuilder->get()
 3 SYSTEMPATH\BaseModel.php(717): CodeIgniter\Model->doFirst()
 4 APPPATH\Controllers\Auth.php(22): CodeIgniter\BaseModel->first()
 5 SYSTEMPATH\CodeIgniter.php(933): App\Controllers\Auth->doLogin()
 6 SYSTEMPATH\CodeIgniter.php(507): CodeIgniter\CodeIgniter->runController(Object(App\Controllers\Auth))
 7 SYSTEMPATH\CodeIgniter.php(354): CodeIgniter\CodeIgniter->handleRequest(null, Object(Config\Cache), false)
 8 SYSTEMPATH\Boot.php(334): CodeIgniter\CodeIgniter->run()
 9 SYSTEMPATH\Boot.php(67): CodeIgniter\Boot::runCodeIgniter(Object(CodeIgniter\CodeIgniter))
10 FCPATH\index.php(60): CodeIgniter\Boot::bootWeb(Object(Config\Paths))
11 SYSTEMPATH\rewrite.php(44): require_once('C:\\Users\\LENOVO\\Documents\\SEMPRO TA DLL YANG PETNING POKOKNYA SEMESTER AKHIR\\barber\\public\\index.php')
CRITICAL - 2025-05-22 01:21:28 --> [Caused by] CodeIgniter\Database\Exceptions\DatabaseException: Unknown column 'username' in 'where clause'
in SYSTEMPATH\Database\MySQLi\Connection.php on line 332.
 1 SYSTEMPATH\Database\BaseConnection.php(738): CodeIgniter\Database\MySQLi\Connection->execute('SELECT *
FROM `users`
WHERE `username` = \'fadil\'
 LIMIT 1')
 2 SYSTEMPATH\Database\BaseConnection.php(652): CodeIgniter\Database\BaseConnection->simpleQuery('SELECT *
FROM `users`
WHERE `username` = \'fadil\'
 LIMIT 1')
 3 SYSTEMPATH\Database\BaseBuilder.php(1649): CodeIgniter\Database\BaseConnection->query('SELECT *
FROM `users`
WHERE `username` = :username:
 LIMIT 1', [...], false)
 4 SYSTEMPATH\Model.php(330): CodeIgniter\Database\BaseBuilder->get()
 5 SYSTEMPATH\BaseModel.php(717): CodeIgniter\Model->doFirst()
 6 APPPATH\Controllers\Auth.php(22): CodeIgniter\BaseModel->first()
 7 SYSTEMPATH\CodeIgniter.php(933): App\Controllers\Auth->doLogin()
 8 SYSTEMPATH\CodeIgniter.php(507): CodeIgniter\CodeIgniter->runController(Object(App\Controllers\Auth))
 9 SYSTEMPATH\CodeIgniter.php(354): CodeIgniter\CodeIgniter->handleRequest(null, Object(Config\Cache), false)
10 SYSTEMPATH\Boot.php(334): CodeIgniter\CodeIgniter->run()
11 SYSTEMPATH\Boot.php(67): CodeIgniter\Boot::runCodeIgniter(Object(CodeIgniter\CodeIgniter))
12 FCPATH\index.php(60): CodeIgniter\Boot::bootWeb(Object(Config\Paths))
13 SYSTEMPATH\rewrite.php(44): require_once('C:\\Users\\LENOVO\\Documents\\SEMPRO TA DLL YANG PETNING POKOKNYA SEMESTER AKHIR\\barber\\public\\index.php')
CRITICAL - 2025-05-22 01:21:28 --> [Caused by] mysqli_sql_exception: Unknown column 'username' in 'where clause'
in SYSTEMPATH\Database\MySQLi\Connection.php on line 327.
 1 SYSTEMPATH\Database\MySQLi\Connection.php(327): mysqli->query('SELECT *
FROM `users`
WHERE `username` = \'fadil\'
 LIMIT 1', 0)
 2 SYSTEMPATH\Database\BaseConnection.php(738): CodeIgniter\Database\MySQLi\Connection->execute('SELECT *
FROM `users`
WHERE `username` = \'fadil\'
 LIMIT 1')
 3 SYSTEMPATH\Database\BaseConnection.php(652): CodeIgniter\Database\BaseConnection->simpleQuery('SELECT *
FROM `users`
WHERE `username` = \'fadil\'
 LIMIT 1')
 4 SYSTEMPATH\Database\BaseBuilder.php(1649): CodeIgniter\Database\BaseConnection->query('SELECT *
FROM `users`
WHERE `username` = :username:
 LIMIT 1', [...], false)
 5 SYSTEMPATH\Model.php(330): CodeIgniter\Database\BaseBuilder->get()
 6 SYSTEMPATH\BaseModel.php(717): CodeIgniter\Model->doFirst()
 7 APPPATH\Controllers\Auth.php(22): CodeIgniter\BaseModel->first()
 8 SYSTEMPATH\CodeIgniter.php(933): App\Controllers\Auth->doLogin()
 9 SYSTEMPATH\CodeIgniter.php(507): CodeIgniter\CodeIgniter->runController(Object(App\Controllers\Auth))
10 SYSTEMPATH\CodeIgniter.php(354): CodeIgniter\CodeIgniter->handleRequest(null, Object(Config\Cache), false)
11 SYSTEMPATH\Boot.php(334): CodeIgniter\CodeIgniter->run()
12 SYSTEMPATH\Boot.php(67): CodeIgniter\Boot::runCodeIgniter(Object(CodeIgniter\CodeIgniter))
13 FCPATH\index.php(60): CodeIgniter\Boot::bootWeb(Object(Config\Paths))
14 SYSTEMPATH\rewrite.php(44): require_once('C:\\Users\\LENOVO\\Documents\\SEMPRO TA DLL YANG PETNING POKOKNYA SEMESTER AKHIR\\barber\\public\\index.php')
ERROR - 2025-05-22 02:52:47 --> Email: sendWithSmtp throwed ErrorException: stream_socket_enable_crypto(): SSL/TLS already set-up for this stream in C:\Users\LENOVO\Documents\SEMPRO TA DLL YANG PETNING POKOKNYA SEMESTER AKHIR\barber\system\Email\Email.php:1920
Stack trace:
#0 [internal function]: CodeIgniter\Debug\Exceptions->errorHandler(2, 'stream_socket_e...', 'C:\\Users\\LENOVO...', 1920)
#1 C:\Users\LENOVO\Documents\SEMPRO TA DLL YANG PETNING POKOKNYA SEMESTER AKHIR\barber\system\Email\Email.php(1920): stream_socket_enable_crypto(Resource id #162, true, 121)
#2 C:\Users\LENOVO\Documents\SEMPRO TA DLL YANG PETNING POKOKNYA SEMESTER AKHIR\barber\system\Email\Email.php(1813): CodeIgniter\Email\Email->SMTPConnect()
#3 C:\Users\LENOVO\Documents\SEMPRO TA DLL YANG PETNING POKOKNYA SEMESTER AKHIR\barber\system\Email\Email.php(1698): CodeIgniter\Email\Email->sendWithSmtp()
#4 C:\Users\LENOVO\Documents\SEMPRO TA DLL YANG PETNING POKOKNYA SEMESTER AKHIR\barber\system\Email\Email.php(1592): CodeIgniter\Email\Email->spoolEmail()
#5 C:\Users\LENOVO\Documents\SEMPRO TA DLL YANG PETNING POKOKNYA SEMESTER AKHIR\barber\app\Controllers\Auth.php(121): CodeIgniter\Email\Email->send()
#6 C:\Users\LENOVO\Documents\SEMPRO TA DLL YANG PETNING POKOKNYA SEMESTER AKHIR\barber\system\CodeIgniter.php(933): App\Controllers\Auth->registerProcess()
#7 C:\Users\LENOVO\Documents\SEMPRO TA DLL YANG PETNING POKOKNYA SEMESTER AKHIR\barber\system\CodeIgniter.php(507): CodeIgniter\CodeIgniter->runController(Object(App\Controllers\Auth))
#8 C:\Users\LENOVO\Documents\SEMPRO TA DLL YANG PETNING POKOKNYA SEMESTER AKHIR\barber\system\CodeIgniter.php(354): CodeIgniter\CodeIgniter->handleRequest(NULL, Object(Config\Cache), false)
#9 C:\Users\LENOVO\Documents\SEMPRO TA DLL YANG PETNING POKOKNYA SEMESTER AKHIR\barber\system\Boot.php(334): CodeIgniter\CodeIgniter->run()
#10 C:\Users\LENOVO\Documents\SEMPRO TA DLL YANG PETNING POKOKNYA SEMESTER AKHIR\barber\system\Boot.php(67): CodeIgniter\Boot::runCodeIgniter(Object(CodeIgniter\CodeIgniter))
#11 C:\Users\LENOVO\Documents\SEMPRO TA DLL YANG PETNING POKOKNYA SEMESTER AKHIR\barber\public\index.php(60): CodeIgniter\Boot::bootWeb(Object(Config\Paths))
#12 C:\Users\LENOVO\Documents\SEMPRO TA DLL YANG PETNING POKOKNYA SEMESTER AKHIR\barber\system\rewrite.php(44): require_once('C:\\Users\\LENOVO...')
#13 {main}
ERROR - 2025-05-22 02:52:47 --> Email: Unable to send email using SMTP. Your server might not be configured to send mail using this method.
ERROR - 2025-05-22 02:52:47 --> 220 smtp.gmail.com ESMTP 41be03b00d2f7-b26eb0a9ac9sm9951175a12.78 - gsmtp

hello: 250-smtp.gmail.com at your service, [114.10.143.101]
250-SIZE 35882577
250-8BITMIME
250-AUTH LOGIN PLAIN XOAUTH2 PLAIN-CLIENTTOKEN OAUTHBEARER XOAUTH
250-ENHANCEDSTATUSCODES
250-PIPELINING
250-CHUNKING
250 SMTPUTF8

starttls: 530-5.7.0 Authentication Required. For more information, go to
530 5.7.0  https://support.google.com/accounts/troubleshooter/2402620. 41be03b00d2f7-b26eb0a9ac9sm9951175a12.78 - gsmtp

The following SMTP error was encountered: 530-5.7.0 Authentication Required. For more information, go to
530 5.7.0  https://support.google.com/accounts/troubleshooter/2402620. 41be03b00d2f7-b26eb0a9ac9sm9951175a12.78 - gsmtp

ERROR - 2025-05-22 02:58:13 --> Email: sendWithSmtp throwed ErrorException: stream_socket_enable_crypto(): SSL/TLS already set-up for this stream in C:\Users\LENOVO\Documents\SEMPRO TA DLL YANG PETNING POKOKNYA SEMESTER AKHIR\barber\system\Email\Email.php:1920
Stack trace:
#0 [internal function]: CodeIgniter\Debug\Exceptions->errorHandler(2, 'stream_socket_e...', 'C:\\Users\\LENOVO...', 1920)
#1 C:\Users\LENOVO\Documents\SEMPRO TA DLL YANG PETNING POKOKNYA SEMESTER AKHIR\barber\system\Email\Email.php(1920): stream_socket_enable_crypto(Resource id #160, true, 121)
#2 C:\Users\LENOVO\Documents\SEMPRO TA DLL YANG PETNING POKOKNYA SEMESTER AKHIR\barber\system\Email\Email.php(1813): CodeIgniter\Email\Email->SMTPConnect()
#3 C:\Users\LENOVO\Documents\SEMPRO TA DLL YANG PETNING POKOKNYA SEMESTER AKHIR\barber\system\Email\Email.php(1698): CodeIgniter\Email\Email->sendWithSmtp()
#4 C:\Users\LENOVO\Documents\SEMPRO TA DLL YANG PETNING POKOKNYA SEMESTER AKHIR\barber\system\Email\Email.php(1592): CodeIgniter\Email\Email->spoolEmail()
#5 C:\Users\LENOVO\Documents\SEMPRO TA DLL YANG PETNING POKOKNYA SEMESTER AKHIR\barber\app\Controllers\Auth.php(105): CodeIgniter\Email\Email->send()
#6 C:\Users\LENOVO\Documents\SEMPRO TA DLL YANG PETNING POKOKNYA SEMESTER AKHIR\barber\system\CodeIgniter.php(933): App\Controllers\Auth->registerProcess()
#7 C:\Users\LENOVO\Documents\SEMPRO TA DLL YANG PETNING POKOKNYA SEMESTER AKHIR\barber\system\CodeIgniter.php(507): CodeIgniter\CodeIgniter->runController(Object(App\Controllers\Auth))
#8 C:\Users\LENOVO\Documents\SEMPRO TA DLL YANG PETNING POKOKNYA SEMESTER AKHIR\barber\system\CodeIgniter.php(354): CodeIgniter\CodeIgniter->handleRequest(NULL, Object(Config\Cache), false)
#9 C:\Users\LENOVO\Documents\SEMPRO TA DLL YANG PETNING POKOKNYA SEMESTER AKHIR\barber\system\Boot.php(334): CodeIgniter\CodeIgniter->run()
#10 C:\Users\LENOVO\Documents\SEMPRO TA DLL YANG PETNING POKOKNYA SEMESTER AKHIR\barber\system\Boot.php(67): CodeIgniter\Boot::runCodeIgniter(Object(CodeIgniter\CodeIgniter))
#11 C:\Users\LENOVO\Documents\SEMPRO TA DLL YANG PETNING POKOKNYA SEMESTER AKHIR\barber\public\index.php(60): CodeIgniter\Boot::bootWeb(Object(Config\Paths))
#12 C:\Users\LENOVO\Documents\SEMPRO TA DLL YANG PETNING POKOKNYA SEMESTER AKHIR\barber\system\rewrite.php(44): require_once('C:\\Users\\LENOVO...')
#13 {main}
ERROR - 2025-05-22 02:58:13 --> Email: Unable to send email using SMTP. Your server might not be configured to send mail using this method.
ERROR - 2025-05-22 02:58:13 --> 220 smtp.gmail.com ESMTP d2e1a72fcca58-742a9829bbesm9936969b3a.89 - gsmtp

hello: 250-smtp.gmail.com at your service, [114.10.142.198]
250-SIZE 35882577
250-8BITMIME
250-AUTH LOGIN PLAIN XOAUTH2 PLAIN-CLIENTTOKEN OAUTHBEARER XOAUTH
250-ENHANCEDSTATUSCODES
250-PIPELINING
250-CHUNKING
250 SMTPUTF8

starttls: 530-5.7.0 Authentication Required. For more information, go to
530 5.7.0  https://support.google.com/accounts/troubleshooter/2402620. d2e1a72fcca58-742a9829bbesm9936969b3a.89 - gsmtp

The following SMTP error was encountered: 530-5.7.0 Authentication Required. For more information, go to
530 5.7.0  https://support.google.com/accounts/troubleshooter/2402620. d2e1a72fcca58-742a9829bbesm9936969b3a.89 - gsmtp

ERROR - 2025-05-22 03:07:38 --> Cannot send mail with no "From" header.<br><pre>

</pre>
ERROR - 2025-05-22 03:15:44 --> Cannot send mail with no "From" header.<br><pre>

</pre>
CRITICAL - 2025-05-22 03:22:40 --> ErrorException: Undefined variable $message
[Method: POST, Route: register/process]
in APPPATH\Controllers\Auth.php on line 109.
 1 APPPATH\Controllers\Auth.php(109): CodeIgniter\Debug\Exceptions->errorHandler(2, 'Undefined variable $message', 'C:\\Users\\LENOVO\\Documents\\SEMPRO TA DLL YANG PETNING POKOKNYA SEMESTER AKHIR\\barber\\app\\Controllers\\Auth.php', 109)
 2 SYSTEMPATH\CodeIgniter.php(933): App\Controllers\Auth->registerProcess()
 3 SYSTEMPATH\CodeIgniter.php(507): CodeIgniter\CodeIgniter->runController(Object(App\Controllers\Auth))
 4 SYSTEMPATH\CodeIgniter.php(354): CodeIgniter\CodeIgniter->handleRequest(null, Object(Config\Cache), false)
 5 SYSTEMPATH\Boot.php(334): CodeIgniter\CodeIgniter->run()
 6 SYSTEMPATH\Boot.php(67): CodeIgniter\Boot::runCodeIgniter(Object(CodeIgniter\CodeIgniter))
 7 FCPATH\index.php(60): CodeIgniter\Boot::bootWeb(Object(Config\Paths))
 8 SYSTEMPATH\rewrite.php(44): require_once('C:\\Users\\LENOVO\\Documents\\SEMPRO TA DLL YANG PETNING POKOKNYA SEMESTER AKHIR\\barber\\public\\index.php')
CRITICAL - 2025-05-22 03:24:03 --> ErrorException: Undefined variable $message
[Method: POST, Route: register/process]
in APPPATH\Controllers\Auth.php on line 108.
 1 APPPATH\Controllers\Auth.php(108): CodeIgniter\Debug\Exceptions->errorHandler(2, 'Undefined variable $message', 'C:\\Users\\LENOVO\\Documents\\SEMPRO TA DLL YANG PETNING POKOKNYA SEMESTER AKHIR\\barber\\app\\Controllers\\Auth.php', 108)
 2 SYSTEMPATH\CodeIgniter.php(933): App\Controllers\Auth->registerProcess()
 3 SYSTEMPATH\CodeIgniter.php(507): CodeIgniter\CodeIgniter->runController(Object(App\Controllers\Auth))
 4 SYSTEMPATH\CodeIgniter.php(354): CodeIgniter\CodeIgniter->handleRequest(null, Object(Config\Cache), false)
 5 SYSTEMPATH\Boot.php(334): CodeIgniter\CodeIgniter->run()
 6 SYSTEMPATH\Boot.php(67): CodeIgniter\Boot::runCodeIgniter(Object(CodeIgniter\CodeIgniter))
 7 FCPATH\index.php(60): CodeIgniter\Boot::bootWeb(Object(Config\Paths))
 8 SYSTEMPATH\rewrite.php(44): require_once('C:\\Users\\LENOVO\\Documents\\SEMPRO TA DLL YANG PETNING POKOKNYA SEMESTER AKHIR\\barber\\public\\index.php')
CRITICAL - 2025-05-22 03:25:48 --> TypeError: implode(): Argument #2 ($array) must be of type ?array, string given
[Method: POST, Route: register/process]
in APPPATH\Controllers\Auth.php on line 119.
 1 APPPATH\Controllers\Auth.php(119): implode(', ', 'Cannot send mail with no "From" header.<br><pre>
</pre>')
 2 SYSTEMPATH\CodeIgniter.php(933): App\Controllers\Auth->registerProcess()
 3 SYSTEMPATH\CodeIgniter.php(507): CodeIgniter\CodeIgniter->runController(Object(App\Controllers\Auth))
 4 SYSTEMPATH\CodeIgniter.php(354): CodeIgniter\CodeIgniter->handleRequest(null, Object(Config\Cache), false)
 5 SYSTEMPATH\Boot.php(334): CodeIgniter\CodeIgniter->run()
 6 SYSTEMPATH\Boot.php(67): CodeIgniter\Boot::runCodeIgniter(Object(CodeIgniter\CodeIgniter))
 7 FCPATH\index.php(60): CodeIgniter\Boot::bootWeb(Object(Config\Paths))
 8 SYSTEMPATH\rewrite.php(44): require_once('C:\\Users\\LENOVO\\Documents\\SEMPRO TA DLL YANG PETNING POKOKNYA SEMESTER AKHIR\\barber\\public\\index.php')
CRITICAL - 2025-05-22 03:53:37 --> ErrorException: Undefined array key "id"
[Method: POST, Route: login]
in APPPATH\Controllers\Auth.php on line 33.
 1 APPPATH\Controllers\Auth.php(33): CodeIgniter\Debug\Exceptions->errorHandler(2, 'Undefined array key "id"', 'C:\\Users\\LENOVO\\Documents\\SEMPRO TA DLL YANG PETNING POKOKNYA SEMESTER AKHIR\\barber\\app\\Controllers\\Auth.php', 33)
 2 SYSTEMPATH\CodeIgniter.php(933): App\Controllers\Auth->dologin()
 3 SYSTEMPATH\CodeIgniter.php(507): CodeIgniter\CodeIgniter->runController(Object(App\Controllers\Auth))
 4 SYSTEMPATH\CodeIgniter.php(354): CodeIgniter\CodeIgniter->handleRequest(null, Object(Config\Cache), false)
 5 SYSTEMPATH\Boot.php(334): CodeIgniter\CodeIgniter->run()
 6 SYSTEMPATH\Boot.php(67): CodeIgniter\Boot::runCodeIgniter(Object(CodeIgniter\CodeIgniter))
 7 FCPATH\index.php(60): CodeIgniter\Boot::bootWeb(Object(Config\Paths))
 8 SYSTEMPATH\rewrite.php(44): require_once('C:\\Users\\LENOVO\\Documents\\SEMPRO TA DLL YANG PETNING POKOKNYA SEMESTER AKHIR\\barber\\public\\index.php')
CRITICAL - 2025-05-22 04:30:56 --> ErrorException: include(/template/inc/koneksi.php): Failed to open stream: No such file or directory
[Method: GET, Route: member/dashboard]
in APPPATH\Views\member\index.php on line 2.
 1 APPPATH\Views\member\index.php(2): CodeIgniter\Debug\Exceptions->errorHandler(2, 'include(/template/inc/koneksi.php): Failed to open stream: No such file or directory', 'C:\\Users\\LENOVO\\Documents\\SEMPRO TA DLL YANG PETNING POKOKNYA SEMESTER AKHIR\\barber\\app\\Views\\member\\index.php', 2)
 2 APPPATH\Views\member\index.php(2): include()
 3 SYSTEMPATH\View\View.php(224): include('C:\\Users\\LENOVO\\Documents\\SEMPRO TA DLL YANG PETNING POKOKNYA SEMESTER AKHIR\\barber\\app\\Views\\member\\index.php')
 4 SYSTEMPATH\View\View.php(227): CodeIgniter\View\View->CodeIgniter\View\{closure}()
 5 SYSTEMPATH\Common.php(1173): CodeIgniter\View\View->render('member/index', [], true)
 6 APPPATH\Controllers\Member.php(16): view('member/index')
 7 SYSTEMPATH\CodeIgniter.php(933): App\Controllers\Member->dashboard()
 8 SYSTEMPATH\CodeIgniter.php(507): CodeIgniter\CodeIgniter->runController(Object(App\Controllers\Member))
 9 SYSTEMPATH\CodeIgniter.php(354): CodeIgniter\CodeIgniter->handleRequest(null, Object(Config\Cache), false)
10 SYSTEMPATH\Boot.php(334): CodeIgniter\CodeIgniter->run()
11 SYSTEMPATH\Boot.php(67): CodeIgniter\Boot::runCodeIgniter(Object(CodeIgniter\CodeIgniter))
12 FCPATH\index.php(60): CodeIgniter\Boot::bootWeb(Object(Config\Paths))
13 SYSTEMPATH\rewrite.php(44): require_once('C:\\Users\\LENOVO\\Documents\\SEMPRO TA DLL YANG PETNING POKOKNYA SEMESTER AKHIR\\barber\\public\\index.php')
CRITICAL - 2025-05-22 04:31:31 --> ErrorException: include(/template/inc/header.php): Failed to open stream: No such file or directory
[Method: GET, Route: member/dashboard]
in APPPATH\Views\member\index.php on line 3.
 1 APPPATH\Views\member\index.php(3): CodeIgniter\Debug\Exceptions->errorHandler(2, 'include(/template/inc/header.php): Failed to open stream: No such file or directory', 'C:\\Users\\LENOVO\\Documents\\SEMPRO TA DLL YANG PETNING POKOKNYA SEMESTER AKHIR\\barber\\app\\Views\\member\\index.php', 3)
 2 APPPATH\Views\member\index.php(3): include()
 3 SYSTEMPATH\View\View.php(224): include('C:\\Users\\LENOVO\\Documents\\SEMPRO TA DLL YANG PETNING POKOKNYA SEMESTER AKHIR\\barber\\app\\Views\\member\\index.php')
 4 SYSTEMPATH\View\View.php(227): CodeIgniter\View\View->CodeIgniter\View\{closure}()
 5 SYSTEMPATH\Common.php(1173): CodeIgniter\View\View->render('member/index', [], true)
 6 APPPATH\Controllers\Member.php(16): view('member/index')
 7 SYSTEMPATH\CodeIgniter.php(933): App\Controllers\Member->dashboard()
 8 SYSTEMPATH\CodeIgniter.php(507): CodeIgniter\CodeIgniter->runController(Object(App\Controllers\Member))
 9 SYSTEMPATH\CodeIgniter.php(354): CodeIgniter\CodeIgniter->handleRequest(null, Object(Config\Cache), false)
10 SYSTEMPATH\Boot.php(334): CodeIgniter\CodeIgniter->run()
11 SYSTEMPATH\Boot.php(67): CodeIgniter\Boot::runCodeIgniter(Object(CodeIgniter\CodeIgniter))
12 FCPATH\index.php(60): CodeIgniter\Boot::bootWeb(Object(Config\Paths))
13 SYSTEMPATH\rewrite.php(44): require_once('C:\\Users\\LENOVO\\Documents\\SEMPRO TA DLL YANG PETNING POKOKNYA SEMESTER AKHIR\\barber\\public\\index.php')
CRITICAL - 2025-05-22 04:31:46 --> ErrorException: include(template/inc/header.php): Failed to open stream: No such file or directory
[Method: GET, Route: member/dashboard]
in APPPATH\Views\member\index.php on line 3.
 1 APPPATH\Views\member\index.php(3): CodeIgniter\Debug\Exceptions->errorHandler(2, 'include(template/inc/header.php): Failed to open stream: No such file or directory', 'C:\\Users\\LENOVO\\Documents\\SEMPRO TA DLL YANG PETNING POKOKNYA SEMESTER AKHIR\\barber\\app\\Views\\member\\index.php', 3)
 2 APPPATH\Views\member\index.php(3): include()
 3 SYSTEMPATH\View\View.php(224): include('C:\\Users\\LENOVO\\Documents\\SEMPRO TA DLL YANG PETNING POKOKNYA SEMESTER AKHIR\\barber\\app\\Views\\member\\index.php')
 4 SYSTEMPATH\View\View.php(227): CodeIgniter\View\View->CodeIgniter\View\{closure}()
 5 SYSTEMPATH\Common.php(1173): CodeIgniter\View\View->render('member/index', [], true)
 6 APPPATH\Controllers\Member.php(16): view('member/index')
 7 SYSTEMPATH\CodeIgniter.php(933): App\Controllers\Member->dashboard()
 8 SYSTEMPATH\CodeIgniter.php(507): CodeIgniter\CodeIgniter->runController(Object(App\Controllers\Member))
 9 SYSTEMPATH\CodeIgniter.php(354): CodeIgniter\CodeIgniter->handleRequest(null, Object(Config\Cache), false)
10 SYSTEMPATH\Boot.php(334): CodeIgniter\CodeIgniter->run()
11 SYSTEMPATH\Boot.php(67): CodeIgniter\Boot::runCodeIgniter(Object(CodeIgniter\CodeIgniter))
12 FCPATH\index.php(60): CodeIgniter\Boot::bootWeb(Object(Config\Paths))
13 SYSTEMPATH\rewrite.php(44): require_once('C:\\Users\\LENOVO\\Documents\\SEMPRO TA DLL YANG PETNING POKOKNYA SEMESTER AKHIR\\barber\\public\\index.php')
CRITICAL - 2025-05-22 04:35:55 --> ErrorException: session_start(): Ignoring session_start() because a session is already active
[Method: GET, Route: member/dashboard]
in APPPATH\Views\template\inc\header.php on line 2.
 1 [internal function]: CodeIgniter\Debug\Exceptions->errorHandler(8, 'session_start(): Ignoring session_start() because a session is already active', 'C:\\Users\\LENOVO\\Documents\\SEMPRO TA DLL YANG PETNING POKOKNYA SEMESTER AKHIR\\barber\\app\\Views\\template\\inc\\header.php', 2)
 2 APPPATH\Views\template\inc\header.php(2): session_start()
 3 SYSTEMPATH\View\View.php(224): include('C:\\Users\\LENOVO\\Documents\\SEMPRO TA DLL YANG PETNING POKOKNYA SEMESTER AKHIR\\barber\\app\\Views\\template\\inc\\header.php')
 4 SYSTEMPATH\View\View.php(227): CodeIgniter\View\View->CodeIgniter\View\{closure}()
 5 SYSTEMPATH\Common.php(1173): CodeIgniter\View\View->render('template/inc/header', [], true)
 6 APPPATH\Views\member\index.php(3): view('template/inc/header')
 7 SYSTEMPATH\View\View.php(224): include('C:\\Users\\LENOVO\\Documents\\SEMPRO TA DLL YANG PETNING POKOKNYA SEMESTER AKHIR\\barber\\app\\Views\\member\\index.php')
 8 SYSTEMPATH\View\View.php(227): CodeIgniter\View\View->CodeIgniter\View\{closure}()
 9 SYSTEMPATH\Common.php(1173): CodeIgniter\View\View->render('member/index', [], true)
10 APPPATH\Controllers\Member.php(16): view('member/index')
11 SYSTEMPATH\CodeIgniter.php(933): App\Controllers\Member->dashboard()
12 SYSTEMPATH\CodeIgniter.php(507): CodeIgniter\CodeIgniter->runController(Object(App\Controllers\Member))
13 SYSTEMPATH\CodeIgniter.php(354): CodeIgniter\CodeIgniter->handleRequest(null, Object(Config\Cache), false)
14 SYSTEMPATH\Boot.php(334): CodeIgniter\CodeIgniter->run()
15 SYSTEMPATH\Boot.php(67): CodeIgniter\Boot::runCodeIgniter(Object(CodeIgniter\CodeIgniter))
16 FCPATH\index.php(60): CodeIgniter\Boot::bootWeb(Object(Config\Paths))
17 SYSTEMPATH\rewrite.php(44): require_once('C:\\Users\\LENOVO\\Documents\\SEMPRO TA DLL YANG PETNING POKOKNYA SEMESTER AKHIR\\barber\\public\\index.php')
CRITICAL - 2025-05-22 04:45:13 --> CodeIgniter\Filters\Exceptions\FilterException: "auth" filter must have a matching alias defined.
[Method: GET, Route: member/dashboard]
in SYSTEMPATH\Filters\Filters.php on line 590.
 1 SYSTEMPATH\Filters\Filters.php(590): CodeIgniter\Filters\Exceptions\FilterException::forNoAlias('auth')
 2 SYSTEMPATH\Filters\Filters.php(641): CodeIgniter\Filters\Filters->enableFilter('auth', 'before')
 3 SYSTEMPATH\CodeIgniter.php(467): CodeIgniter\Filters\Filters->enableFilters([...], 'before')
 4 SYSTEMPATH\CodeIgniter.php(354): CodeIgniter\CodeIgniter->handleRequest(null, Object(Config\Cache), false)
 5 SYSTEMPATH\Boot.php(334): CodeIgniter\CodeIgniter->run()
 6 SYSTEMPATH\Boot.php(67): CodeIgniter\Boot::runCodeIgniter(Object(CodeIgniter\CodeIgniter))
 7 FCPATH\index.php(60): CodeIgniter\Boot::bootWeb(Object(Config\Paths))
 8 SYSTEMPATH\rewrite.php(44): require_once('C:\\Users\\LENOVO\\Documents\\SEMPRO TA DLL YANG PETNING POKOKNYA SEMESTER AKHIR\\barber\\public\\index.php')
CRITICAL - 2025-05-22 04:53:04 --> CodeIgniter\Filters\Exceptions\FilterException: "rolefilter" filter must have a matching alias defined.
[Method: GET, Route: member/dashboard]
in SYSTEMPATH\Filters\Filters.php on line 590.
 1 SYSTEMPATH\Filters\Filters.php(590): CodeIgniter\Filters\Exceptions\FilterException::forNoAlias('rolefilter')
 2 SYSTEMPATH\Filters\Filters.php(641): CodeIgniter\Filters\Filters->enableFilter('rolefilter', 'before')
 3 SYSTEMPATH\CodeIgniter.php(467): CodeIgniter\Filters\Filters->enableFilters([...], 'before')
 4 SYSTEMPATH\CodeIgniter.php(354): CodeIgniter\CodeIgniter->handleRequest(null, Object(Config\Cache), false)
 5 SYSTEMPATH\Boot.php(334): CodeIgniter\CodeIgniter->run()
 6 SYSTEMPATH\Boot.php(67): CodeIgniter\Boot::runCodeIgniter(Object(CodeIgniter\CodeIgniter))
 7 FCPATH\index.php(60): CodeIgniter\Boot::bootWeb(Object(Config\Paths))
 8 SYSTEMPATH\rewrite.php(44): require_once('C:\\Users\\LENOVO\\Documents\\SEMPRO TA DLL YANG PETNING POKOKNYA SEMESTER AKHIR\\barber\\public\\index.php')
CRITICAL - 2025-05-22 04:56:25 --> ErrorException: Undefined variable $conn
[Method: GET, Route: member/dashboard]
in APPPATH\Views\member\index.php on line 13.
 1 APPPATH\Views\member\index.php(13): CodeIgniter\Debug\Exceptions->errorHandler(2, 'Undefined variable $conn', 'C:\\Users\\LENOVO\\Documents\\SEMPRO TA DLL YANG PETNING POKOKNYA SEMESTER AKHIR\\barber\\app\\Views\\member\\index.php', 13)
 2 SYSTEMPATH\View\View.php(224): include('C:\\Users\\LENOVO\\Documents\\SEMPRO TA DLL YANG PETNING POKOKNYA SEMESTER AKHIR\\barber\\app\\Views\\member\\index.php')
 3 SYSTEMPATH\View\View.php(227): CodeIgniter\View\View->CodeIgniter\View\{closure}()
 4 SYSTEMPATH\Common.php(1173): CodeIgniter\View\View->render('member/index', [], true)
 5 APPPATH\Controllers\Member.php(16): view('member/index')
 6 SYSTEMPATH\CodeIgniter.php(933): App\Controllers\Member->dashboard()
 7 SYSTEMPATH\CodeIgniter.php(507): CodeIgniter\CodeIgniter->runController(Object(App\Controllers\Member))
 8 SYSTEMPATH\CodeIgniter.php(354): CodeIgniter\CodeIgniter->handleRequest(null, Object(Config\Cache), false)
 9 SYSTEMPATH\Boot.php(334): CodeIgniter\CodeIgniter->run()
10 SYSTEMPATH\Boot.php(67): CodeIgniter\Boot::runCodeIgniter(Object(CodeIgniter\CodeIgniter))
11 FCPATH\index.php(60): CodeIgniter\Boot::bootWeb(Object(Config\Paths))
12 SYSTEMPATH\rewrite.php(44): require_once('C:\\Users\\LENOVO\\Documents\\SEMPRO TA DLL YANG PETNING POKOKNYA SEMESTER AKHIR\\barber\\public\\index.php')
CRITICAL - 2025-05-22 05:06:23 --> ErrorException: Undefined variable $invoices
[Method: GET, Route: member/dashboard]
in APPPATH\Views\member\index.php on line 18.
 1 APPPATH\Views\member\index.php(18): CodeIgniter\Debug\Exceptions->errorHandler(2, 'Undefined variable $invoices', 'C:\\Users\\LENOVO\\Documents\\SEMPRO TA DLL YANG PETNING POKOKNYA SEMESTER AKHIR\\barber\\app\\Views\\member\\index.php', 18)
 2 SYSTEMPATH\View\View.php(224): include('C:\\Users\\LENOVO\\Documents\\SEMPRO TA DLL YANG PETNING POKOKNYA SEMESTER AKHIR\\barber\\app\\Views\\member\\index.php')
 3 SYSTEMPATH\View\View.php(227): CodeIgniter\View\View->CodeIgniter\View\{closure}()
 4 SYSTEMPATH\Common.php(1173): CodeIgniter\View\View->render('member/index', [], true)
 5 APPPATH\Controllers\Member.php(16): view('member/index')
 6 SYSTEMPATH\CodeIgniter.php(933): App\Controllers\Member->dashboard()
 7 SYSTEMPATH\CodeIgniter.php(507): CodeIgniter\CodeIgniter->runController(Object(App\Controllers\Member))
 8 SYSTEMPATH\CodeIgniter.php(354): CodeIgniter\CodeIgniter->handleRequest(null, Object(Config\Cache), false)
 9 SYSTEMPATH\Boot.php(334): CodeIgniter\CodeIgniter->run()
10 SYSTEMPATH\Boot.php(67): CodeIgniter\Boot::runCodeIgniter(Object(CodeIgniter\CodeIgniter))
11 FCPATH\index.php(60): CodeIgniter\Boot::bootWeb(Object(Config\Paths))
12 SYSTEMPATH\rewrite.php(44): require_once('C:\\Users\\LENOVO\\Documents\\SEMPRO TA DLL YANG PETNING POKOKNYA SEMESTER AKHIR\\barber\\public\\index.php')
CRITICAL - 2025-05-22 05:08:55 --> ErrorException: Undefined variable $invoices
[Method: GET, Route: member/dashboard]
in APPPATH\Views\member\index.php on line 18.
 1 APPPATH\Views\member\index.php(18): CodeIgniter\Debug\Exceptions->errorHandler(2, 'Undefined variable $invoices', 'C:\\Users\\LENOVO\\Documents\\SEMPRO TA DLL YANG PETNING POKOKNYA SEMESTER AKHIR\\barber\\app\\Views\\member\\index.php', 18)
 2 SYSTEMPATH\View\View.php(224): include('C:\\Users\\LENOVO\\Documents\\SEMPRO TA DLL YANG PETNING POKOKNYA SEMESTER AKHIR\\barber\\app\\Views\\member\\index.php')
 3 SYSTEMPATH\View\View.php(227): CodeIgniter\View\View->CodeIgniter\View\{closure}()
 4 SYSTEMPATH\Common.php(1173): CodeIgniter\View\View->render('member/index', [], true)
 5 APPPATH\Controllers\Member.php(16): view('member/index')
 6 SYSTEMPATH\CodeIgniter.php(933): App\Controllers\Member->dashboard()
 7 SYSTEMPATH\CodeIgniter.php(507): CodeIgniter\CodeIgniter->runController(Object(App\Controllers\Member))
 8 SYSTEMPATH\CodeIgniter.php(354): CodeIgniter\CodeIgniter->handleRequest(null, Object(Config\Cache), false)
 9 SYSTEMPATH\Boot.php(334): CodeIgniter\CodeIgniter->run()
10 SYSTEMPATH\Boot.php(67): CodeIgniter\Boot::runCodeIgniter(Object(CodeIgniter\CodeIgniter))
11 FCPATH\index.php(60): CodeIgniter\Boot::bootWeb(Object(Config\Paths))
12 SYSTEMPATH\rewrite.php(44): require_once('C:\\Users\\LENOVO\\Documents\\SEMPRO TA DLL YANG PETNING POKOKNYA SEMESTER AKHIR\\barber\\public\\index.php')
CRITICAL - 2025-05-22 05:09:56 --> ErrorException: Undefined variable $invoice
[Method: GET, Route: member/dashboard]
in APPPATH\Views\member\index.php on line 18.
 1 APPPATH\Views\member\index.php(18): CodeIgniter\Debug\Exceptions->errorHandler(2, 'Undefined variable $invoice', 'C:\\Users\\LENOVO\\Documents\\SEMPRO TA DLL YANG PETNING POKOKNYA SEMESTER AKHIR\\barber\\app\\Views\\member\\index.php', 18)
 2 SYSTEMPATH\View\View.php(224): include('C:\\Users\\LENOVO\\Documents\\SEMPRO TA DLL YANG PETNING POKOKNYA SEMESTER AKHIR\\barber\\app\\Views\\member\\index.php')
 3 SYSTEMPATH\View\View.php(227): CodeIgniter\View\View->CodeIgniter\View\{closure}()
 4 SYSTEMPATH\Common.php(1173): CodeIgniter\View\View->render('member/index', [], true)
 5 APPPATH\Controllers\Member.php(16): view('member/index')
 6 SYSTEMPATH\CodeIgniter.php(933): App\Controllers\Member->dashboard()
 7 SYSTEMPATH\CodeIgniter.php(507): CodeIgniter\CodeIgniter->runController(Object(App\Controllers\Member))
 8 SYSTEMPATH\CodeIgniter.php(354): CodeIgniter\CodeIgniter->handleRequest(null, Object(Config\Cache), false)
 9 SYSTEMPATH\Boot.php(334): CodeIgniter\CodeIgniter->run()
10 SYSTEMPATH\Boot.php(67): CodeIgniter\Boot::runCodeIgniter(Object(CodeIgniter\CodeIgniter))
11 FCPATH\index.php(60): CodeIgniter\Boot::bootWeb(Object(Config\Paths))
12 SYSTEMPATH\rewrite.php(44): require_once('C:\\Users\\LENOVO\\Documents\\SEMPRO TA DLL YANG PETNING POKOKNYA SEMESTER AKHIR\\barber\\public\\index.php')
CRITICAL - 2025-05-22 05:14:37 --> ErrorException: Undefined variable $invoice
[Method: GET, Route: member/dashboard]
in APPPATH\Views\member\index.php on line 18.
 1 APPPATH\Views\member\index.php(18): CodeIgniter\Debug\Exceptions->errorHandler(2, 'Undefined variable $invoice', 'C:\\Users\\LENOVO\\Documents\\SEMPRO TA DLL YANG PETNING POKOKNYA SEMESTER AKHIR\\barber\\app\\Views\\member\\index.php', 18)
 2 SYSTEMPATH\View\View.php(224): include('C:\\Users\\LENOVO\\Documents\\SEMPRO TA DLL YANG PETNING POKOKNYA SEMESTER AKHIR\\barber\\app\\Views\\member\\index.php')
 3 SYSTEMPATH\View\View.php(227): CodeIgniter\View\View->CodeIgniter\View\{closure}()
 4 SYSTEMPATH\Common.php(1173): CodeIgniter\View\View->render('member/index', [], true)
 5 APPPATH\Controllers\Member.php(37): view('member/index', [...])
 6 SYSTEMPATH\CodeIgniter.php(933): App\Controllers\Member->dashboard()
 7 SYSTEMPATH\CodeIgniter.php(507): CodeIgniter\CodeIgniter->runController(Object(App\Controllers\Member))
 8 SYSTEMPATH\CodeIgniter.php(354): CodeIgniter\CodeIgniter->handleRequest(null, Object(Config\Cache), false)
 9 SYSTEMPATH\Boot.php(334): CodeIgniter\CodeIgniter->run()
10 SYSTEMPATH\Boot.php(67): CodeIgniter\Boot::runCodeIgniter(Object(CodeIgniter\CodeIgniter))
11 FCPATH\index.php(60): CodeIgniter\Boot::bootWeb(Object(Config\Paths))
12 SYSTEMPATH\rewrite.php(44): require_once('C:\\Users\\LENOVO\\Documents\\SEMPRO TA DLL YANG PETNING POKOKNYA SEMESTER AKHIR\\barber\\public\\index.php')
CRITICAL - 2025-05-22 05:14:48 --> CodeIgniter\View\Exceptions\ViewException: Invalid file: "inc/profile-section.php"
[Method: GET, Route: member/dashboard]
in SYSTEMPATH\Exceptions\FrameworkException.php on line 39.
 1 SYSTEMPATH\View\View.php(212): CodeIgniter\Exceptions\FrameworkException::forInvalidFile('inc/profile-section.php')
 2 SYSTEMPATH\Common.php(1173): CodeIgniter\View\View->render('inc/profile-section', [], true)
 3 APPPATH\Views\member\index.php(73): view('inc/profile-section')
 4 SYSTEMPATH\View\View.php(224): include('C:\\Users\\LENOVO\\Documents\\SEMPRO TA DLL YANG PETNING POKOKNYA SEMESTER AKHIR\\barber\\app\\Views\\member\\index.php')
 5 SYSTEMPATH\View\View.php(227): CodeIgniter\View\View->CodeIgniter\View\{closure}()
 6 SYSTEMPATH\Common.php(1173): CodeIgniter\View\View->render('member/index', [], true)
 7 APPPATH\Controllers\Member.php(37): view('member/index', [...])
 8 SYSTEMPATH\CodeIgniter.php(933): App\Controllers\Member->dashboard()
 9 SYSTEMPATH\CodeIgniter.php(507): CodeIgniter\CodeIgniter->runController(Object(App\Controllers\Member))
10 SYSTEMPATH\CodeIgniter.php(354): CodeIgniter\CodeIgniter->handleRequest(null, Object(Config\Cache), false)
11 SYSTEMPATH\Boot.php(334): CodeIgniter\CodeIgniter->run()
12 SYSTEMPATH\Boot.php(67): CodeIgniter\Boot::runCodeIgniter(Object(CodeIgniter\CodeIgniter))
13 FCPATH\index.php(60): CodeIgniter\Boot::bootWeb(Object(Config\Paths))
14 SYSTEMPATH\rewrite.php(44): require_once('C:\\Users\\LENOVO\\Documents\\SEMPRO TA DLL YANG PETNING POKOKNYA SEMESTER AKHIR\\barber\\public\\index.php')
CRITICAL - 2025-05-22 05:17:46 --> CodeIgniter\View\Exceptions\ViewException: Invalid file: "inc/profile-section.php"
[Method: GET, Route: member/dashboard]
in SYSTEMPATH\Exceptions\FrameworkException.php on line 39.
 1 SYSTEMPATH\View\View.php(212): CodeIgniter\Exceptions\FrameworkException::forInvalidFile('inc/profile-section.php')
 2 SYSTEMPATH\Common.php(1173): CodeIgniter\View\View->render('inc/profile-section', [], true)
 3 APPPATH\Views\member\index.php(73): view('inc/profile-section')
 4 SYSTEMPATH\View\View.php(224): include('C:\\Users\\LENOVO\\Documents\\SEMPRO TA DLL YANG PETNING POKOKNYA SEMESTER AKHIR\\barber\\app\\Views\\member\\index.php')
 5 SYSTEMPATH\View\View.php(227): CodeIgniter\View\View->CodeIgniter\View\{closure}()
 6 SYSTEMPATH\Common.php(1173): CodeIgniter\View\View->render('member/index', [], true)
 7 APPPATH\Controllers\Member.php(37): view('member/index', [...])
 8 SYSTEMPATH\CodeIgniter.php(933): App\Controllers\Member->dashboard()
 9 SYSTEMPATH\CodeIgniter.php(507): CodeIgniter\CodeIgniter->runController(Object(App\Controllers\Member))
10 SYSTEMPATH\CodeIgniter.php(354): CodeIgniter\CodeIgniter->handleRequest(null, Object(Config\Cache), false)
11 SYSTEMPATH\Boot.php(334): CodeIgniter\CodeIgniter->run()
12 SYSTEMPATH\Boot.php(67): CodeIgniter\Boot::runCodeIgniter(Object(CodeIgniter\CodeIgniter))
13 FCPATH\index.php(60): CodeIgniter\Boot::bootWeb(Object(Config\Paths))
14 SYSTEMPATH\rewrite.php(44): require_once('C:\\Users\\LENOVO\\Documents\\SEMPRO TA DLL YANG PETNING POKOKNYA SEMESTER AKHIR\\barber\\public\\index.php')
CRITICAL - 2025-05-22 05:19:46 --> ErrorException: Undefined variable $email
[Method: GET, Route: member/dashboard]
in APPPATH\Views\template\inc\profile-section.php on line 17.
 1 APPPATH\Views\template\inc\profile-section.php(17): CodeIgniter\Debug\Exceptions->errorHandler(2, 'Undefined variable $email', 'C:\\Users\\LENOVO\\Documents\\SEMPRO TA DLL YANG PETNING POKOKNYA SEMESTER AKHIR\\barber\\app\\Views\\template\\inc\\profile-section.php', 17)
 2 SYSTEMPATH\View\View.php(224): include('C:\\Users\\LENOVO\\Documents\\SEMPRO TA DLL YANG PETNING POKOKNYA SEMESTER AKHIR\\barber\\app\\Views\\template\\inc\\profile-section.php')
 3 SYSTEMPATH\View\View.php(227): CodeIgniter\View\View->CodeIgniter\View\{closure}()
 4 SYSTEMPATH\Common.php(1173): CodeIgniter\View\View->render('template/inc/profile-section', [], true)
 5 APPPATH\Views\member\index.php(73): view('template/inc/profile-section')
 6 SYSTEMPATH\View\View.php(224): include('C:\\Users\\LENOVO\\Documents\\SEMPRO TA DLL YANG PETNING POKOKNYA SEMESTER AKHIR\\barber\\app\\Views\\member\\index.php')
 7 SYSTEMPATH\View\View.php(227): CodeIgniter\View\View->CodeIgniter\View\{closure}()
 8 SYSTEMPATH\Common.php(1173): CodeIgniter\View\View->render('member/index', [], true)
 9 APPPATH\Controllers\Member.php(37): view('member/index', [...])
10 SYSTEMPATH\CodeIgniter.php(933): App\Controllers\Member->dashboard()
11 SYSTEMPATH\CodeIgniter.php(507): CodeIgniter\CodeIgniter->runController(Object(App\Controllers\Member))
12 SYSTEMPATH\CodeIgniter.php(354): CodeIgniter\CodeIgniter->handleRequest(null, Object(Config\Cache), false)
13 SYSTEMPATH\Boot.php(334): CodeIgniter\CodeIgniter->run()
14 SYSTEMPATH\Boot.php(67): CodeIgniter\Boot::runCodeIgniter(Object(CodeIgniter\CodeIgniter))
15 FCPATH\index.php(60): CodeIgniter\Boot::bootWeb(Object(Config\Paths))
16 SYSTEMPATH\rewrite.php(44): require_once('C:\\Users\\LENOVO\\Documents\\SEMPRO TA DLL YANG PETNING POKOKNYA SEMESTER AKHIR\\barber\\public\\index.php')
CRITICAL - 2025-05-22 05:24:05 --> Error: Class "App\Controllers\UserModel" not found
[Method: GET, Route: member/dashboard]
in APPPATH\Controllers\Member.php on line 17.
 1 SYSTEMPATH\CodeIgniter.php(933): App\Controllers\Member->dashboard()
 2 SYSTEMPATH\CodeIgniter.php(507): CodeIgniter\CodeIgniter->runController(Object(App\Controllers\Member))
 3 SYSTEMPATH\CodeIgniter.php(354): CodeIgniter\CodeIgniter->handleRequest(null, Object(Config\Cache), false)
 4 SYSTEMPATH\Boot.php(334): CodeIgniter\CodeIgniter->run()
 5 SYSTEMPATH\Boot.php(67): CodeIgniter\Boot::runCodeIgniter(Object(CodeIgniter\CodeIgniter))
 6 FCPATH\index.php(60): CodeIgniter\Boot::bootWeb(Object(Config\Paths))
 7 SYSTEMPATH\rewrite.php(44): require_once('C:\\Users\\LENOVO\\Documents\\SEMPRO TA DLL YANG PETNING POKOKNYA SEMESTER AKHIR\\barber\\public\\index.php')
CRITICAL - 2025-05-22 05:24:29 --> ErrorException: Undefined variable $invoices
[Method: GET, Route: member/dashboard]
in APPPATH\Views\member\index.php on line 18.
 1 APPPATH\Views\member\index.php(18): CodeIgniter\Debug\Exceptions->errorHandler(2, 'Undefined variable $invoices', 'C:\\Users\\LENOVO\\Documents\\SEMPRO TA DLL YANG PETNING POKOKNYA SEMESTER AKHIR\\barber\\app\\Views\\member\\index.php', 18)
 2 SYSTEMPATH\View\View.php(224): include('C:\\Users\\LENOVO\\Documents\\SEMPRO TA DLL YANG PETNING POKOKNYA SEMESTER AKHIR\\barber\\app\\Views\\member\\index.php')
 3 SYSTEMPATH\View\View.php(227): CodeIgniter\View\View->CodeIgniter\View\{closure}()
 4 SYSTEMPATH\Common.php(1173): CodeIgniter\View\View->render('member/index', [], true)
 5 APPPATH\Controllers\Member.php(29): view('member/index', [...])
 6 SYSTEMPATH\CodeIgniter.php(933): App\Controllers\Member->dashboard()
 7 SYSTEMPATH\CodeIgniter.php(507): CodeIgniter\CodeIgniter->runController(Object(App\Controllers\Member))
 8 SYSTEMPATH\CodeIgniter.php(354): CodeIgniter\CodeIgniter->handleRequest(null, Object(Config\Cache), false)
 9 SYSTEMPATH\Boot.php(334): CodeIgniter\CodeIgniter->run()
10 SYSTEMPATH\Boot.php(67): CodeIgniter\Boot::runCodeIgniter(Object(CodeIgniter\CodeIgniter))
11 FCPATH\index.php(60): CodeIgniter\Boot::bootWeb(Object(Config\Paths))
12 SYSTEMPATH\rewrite.php(44): require_once('C:\\Users\\LENOVO\\Documents\\SEMPRO TA DLL YANG PETNING POKOKNYA SEMESTER AKHIR\\barber\\public\\index.php')
CRITICAL - 2025-05-22 12:22:44 --> CodeIgniter\Filters\Exceptions\FilterException: "role" filter must have a matching alias defined.
[Method: GET, Route: admin]
in SYSTEMPATH\Filters\Filters.php on line 590.
 1 SYSTEMPATH\Filters\Filters.php(590): CodeIgniter\Filters\Exceptions\FilterException::forNoAlias('role')
 2 SYSTEMPATH\Filters\Filters.php(641): CodeIgniter\Filters\Filters->enableFilter('role:admin', 'before')
 3 SYSTEMPATH\CodeIgniter.php(467): CodeIgniter\Filters\Filters->enableFilters([...], 'before')
 4 SYSTEMPATH\CodeIgniter.php(354): CodeIgniter\CodeIgniter->handleRequest(null, Object(Config\Cache), false)
 5 SYSTEMPATH\Boot.php(334): CodeIgniter\CodeIgniter->run()
 6 SYSTEMPATH\Boot.php(67): CodeIgniter\Boot::runCodeIgniter(Object(CodeIgniter\CodeIgniter))
 7 FCPATH\index.php(60): CodeIgniter\Boot::bootWeb(Object(Config\Paths))
 8 SYSTEMPATH\rewrite.php(44): require_once('C:\\Users\\LENOVO\\Documents\\SEMPRO TA DLL YANG PETNING POKOKNYA SEMESTER AKHIR\\barber\\public\\index.php')
CRITICAL - 2025-05-22 12:23:17 --> CodeIgniter\Filters\Exceptions\FilterException: "role" filter must have a matching alias defined.
[Method: GET, Route: admin]
in SYSTEMPATH\Filters\Filters.php on line 590.
 1 SYSTEMPATH\Filters\Filters.php(590): CodeIgniter\Filters\Exceptions\FilterException::forNoAlias('role')
 2 SYSTEMPATH\Filters\Filters.php(641): CodeIgniter\Filters\Filters->enableFilter('role:admin', 'before')
 3 SYSTEMPATH\CodeIgniter.php(467): CodeIgniter\Filters\Filters->enableFilters([...], 'before')
 4 SYSTEMPATH\CodeIgniter.php(354): CodeIgniter\CodeIgniter->handleRequest(null, Object(Config\Cache), false)
 5 SYSTEMPATH\Boot.php(334): CodeIgniter\CodeIgniter->run()
 6 SYSTEMPATH\Boot.php(67): CodeIgniter\Boot::runCodeIgniter(Object(CodeIgniter\CodeIgniter))
 7 FCPATH\index.php(60): CodeIgniter\Boot::bootWeb(Object(Config\Paths))
 8 SYSTEMPATH\rewrite.php(44): require_once('C:\\Users\\LENOVO\\Documents\\SEMPRO TA DLL YANG PETNING POKOKNYA SEMESTER AKHIR\\barber\\public\\index.php')
CRITICAL - 2025-05-22 12:28:09 --> CodeIgniter\Filters\Exceptions\FilterException: "role" filter must have a matching alias defined.
[Method: GET, Route: admin]
in SYSTEMPATH\Filters\Filters.php on line 590.
 1 SYSTEMPATH\Filters\Filters.php(590): CodeIgniter\Filters\Exceptions\FilterException::forNoAlias('role')
 2 SYSTEMPATH\Filters\Filters.php(641): CodeIgniter\Filters\Filters->enableFilter('role:admin', 'before')
 3 SYSTEMPATH\CodeIgniter.php(467): CodeIgniter\Filters\Filters->enableFilters([...], 'before')
 4 SYSTEMPATH\CodeIgniter.php(354): CodeIgniter\CodeIgniter->handleRequest(null, Object(Config\Cache), false)
 5 SYSTEMPATH\Boot.php(334): CodeIgniter\CodeIgniter->run()
 6 SYSTEMPATH\Boot.php(67): CodeIgniter\Boot::runCodeIgniter(Object(CodeIgniter\CodeIgniter))
 7 FCPATH\index.php(60): CodeIgniter\Boot::bootWeb(Object(Config\Paths))
 8 SYSTEMPATH\rewrite.php(44): require_once('C:\\Users\\LENOVO\\Documents\\SEMPRO TA DLL YANG PETNING POKOKNYA SEMESTER AKHIR\\barber\\public\\index.php')
CRITICAL - 2025-05-22 12:28:39 --> CodeIgniter\Filters\Exceptions\FilterException: "role" filter must have a matching alias defined.
[Method: GET, Route: admin]
in SYSTEMPATH\Filters\Filters.php on line 590.
 1 SYSTEMPATH\Filters\Filters.php(590): CodeIgniter\Filters\Exceptions\FilterException::forNoAlias('role')
 2 SYSTEMPATH\Filters\Filters.php(641): CodeIgniter\Filters\Filters->enableFilter('role:admin', 'before')
 3 SYSTEMPATH\CodeIgniter.php(467): CodeIgniter\Filters\Filters->enableFilters([...], 'before')
 4 SYSTEMPATH\CodeIgniter.php(354): CodeIgniter\CodeIgniter->handleRequest(null, Object(Config\Cache), false)
 5 SYSTEMPATH\Boot.php(334): CodeIgniter\CodeIgniter->run()
 6 SYSTEMPATH\Boot.php(67): CodeIgniter\Boot::runCodeIgniter(Object(CodeIgniter\CodeIgniter))
 7 FCPATH\index.php(60): CodeIgniter\Boot::bootWeb(Object(Config\Paths))
 8 SYSTEMPATH\rewrite.php(44): require_once('C:\\Users\\LENOVO\\Documents\\SEMPRO TA DLL YANG PETNING POKOKNYA SEMESTER AKHIR\\barber\\public\\index.php')
CRITICAL - 2025-05-22 12:32:35 --> CodeIgniter\Filters\Exceptions\FilterException: "rolefilter" filter must have a matching alias defined.
[Method: GET, Route: member/dashboard]
in SYSTEMPATH\Filters\Filters.php on line 590.
 1 SYSTEMPATH\Filters\Filters.php(590): CodeIgniter\Filters\Exceptions\FilterException::forNoAlias('rolefilter')
 2 SYSTEMPATH\Filters\Filters.php(641): CodeIgniter\Filters\Filters->enableFilter('rolefilter', 'before')
 3 SYSTEMPATH\CodeIgniter.php(467): CodeIgniter\Filters\Filters->enableFilters([...], 'before')
 4 SYSTEMPATH\CodeIgniter.php(354): CodeIgniter\CodeIgniter->handleRequest(null, Object(Config\Cache), false)
 5 SYSTEMPATH\Boot.php(334): CodeIgniter\CodeIgniter->run()
 6 SYSTEMPATH\Boot.php(67): CodeIgniter\Boot::runCodeIgniter(Object(CodeIgniter\CodeIgniter))
 7 FCPATH\index.php(60): CodeIgniter\Boot::bootWeb(Object(Config\Paths))
 8 SYSTEMPATH\rewrite.php(44): require_once('C:\\Users\\LENOVO\\Documents\\SEMPRO TA DLL YANG PETNING POKOKNYA SEMESTER AKHIR\\barber\\public\\index.php')
CRITICAL - 2025-05-22 12:35:55 --> CodeIgniter\Filters\Exceptions\FilterException: "rolefilter" filter must have a matching alias defined.
[Method: GET, Route: member/dashboard]
in SYSTEMPATH\Filters\Filters.php on line 590.
 1 SYSTEMPATH\Filters\Filters.php(590): CodeIgniter\Filters\Exceptions\FilterException::forNoAlias('rolefilter')
 2 SYSTEMPATH\Filters\Filters.php(641): CodeIgniter\Filters\Filters->enableFilter('rolefilter', 'before')
 3 SYSTEMPATH\CodeIgniter.php(467): CodeIgniter\Filters\Filters->enableFilters([...], 'before')
 4 SYSTEMPATH\CodeIgniter.php(354): CodeIgniter\CodeIgniter->handleRequest(null, Object(Config\Cache), false)
 5 SYSTEMPATH\Boot.php(334): CodeIgniter\CodeIgniter->run()
 6 SYSTEMPATH\Boot.php(67): CodeIgniter\Boot::runCodeIgniter(Object(CodeIgniter\CodeIgniter))
 7 FCPATH\index.php(60): CodeIgniter\Boot::bootWeb(Object(Config\Paths))
 8 SYSTEMPATH\rewrite.php(44): require_once('C:\\Users\\LENOVO\\Documents\\SEMPRO TA DLL YANG PETNING POKOKNYA SEMESTER AKHIR\\barber\\public\\index.php')
