ERROR - 2025-05-15 16:49:06 --> mysqli_sql_exception: Cannot add or update a child row: a foreign key constraint fails (`barbershop`.`tblhistory`, CONSTRAINT `fkk` FOREIGN KEY (`id_invoice`) REFERENCES `tblinvoice` (`id_invoice`) ON DELETE RESTRICT ON UPDATE RESTRICT) in C:\Users\LENOVO\Documents\SEMPRO TA DLL YANG PETNING POKOKNYA SEMESTER AKHIR\barber\system\Database\MySQLi\Connection.php:327
Stack trace:
#0 C:\Users\LENOVO\Documents\SEMPRO TA DLL YANG PETNING POKOKNYA SEMESTER AKHIR\barber\system\Database\MySQLi\Connection.php(327): mysqli->query('INSERT INTO `tb...', 0)
#1 C:\Users\LENOVO\Documents\SEMPRO TA DLL YANG PETNING POKOKNYA SEMESTER AKHIR\barber\system\Database\BaseConnection.php(738): CodeIgniter\Database\MySQLi\Connection->execute('INSERT INTO `tb...')
#2 C:\Users\LENOVO\Documents\SEMPRO TA DLL YANG PETNING POKOKNYA SEMESTER AKHIR\barber\system\Database\BaseConnection.php(652): CodeIgniter\Database\BaseConnection->simpleQuery('INSERT INTO `tb...')
#3 C:\Users\LENOVO\Documents\SEMPRO TA DLL YANG PETNING POKOKNYA SEMESTER AKHIR\barber\system\Database\BaseBuilder.php(2345): CodeIgniter\Database\BaseConnection->query('INSERT INTO `tb...', Array, false)
#4 C:\Users\LENOVO\Documents\SEMPRO TA DLL YANG PETNING POKOKNYA SEMESTER AKHIR\barber\system\Model.php(394): CodeIgniter\Database\BaseBuilder->insert()
#5 C:\Users\LENOVO\Documents\SEMPRO TA DLL YANG PETNING POKOKNYA SEMESTER AKHIR\barber\system\BaseModel.php(843): CodeIgniter\Model->doInsert(Array)
#6 C:\Users\LENOVO\Documents\SEMPRO TA DLL YANG PETNING POKOKNYA SEMESTER AKHIR\barber\system\Model.php(800): CodeIgniter\BaseModel->insert(Array, true)
#7 C:\Users\LENOVO\Documents\SEMPRO TA DLL YANG PETNING POKOKNYA SEMESTER AKHIR\barber\app\Controllers\Kasir.php(111): CodeIgniter\Model->insert(Array)
#8 C:\Users\LENOVO\Documents\SEMPRO TA DLL YANG PETNING POKOKNYA SEMESTER AKHIR\barber\system\CodeIgniter.php(933): App\Controllers\Kasir->assignPost('51')
#9 C:\Users\LENOVO\Documents\SEMPRO TA DLL YANG PETNING POKOKNYA SEMESTER AKHIR\barber\system\CodeIgniter.php(507): CodeIgniter\CodeIgniter->runController(Object(App\Controllers\Kasir))
#10 C:\Users\LENOVO\Documents\SEMPRO TA DLL YANG PETNING POKOKNYA SEMESTER AKHIR\barber\system\CodeIgniter.php(354): CodeIgniter\CodeIgniter->handleRequest(NULL, Object(Config\Cache), false)
#11 C:\Users\LENOVO\Documents\SEMPRO TA DLL YANG PETNING POKOKNYA SEMESTER AKHIR\barber\system\Boot.php(334): CodeIgniter\CodeIgniter->run()
#12 C:\Users\LENOVO\Documents\SEMPRO TA DLL YANG PETNING POKOKNYA SEMESTER AKHIR\barber\system\Boot.php(67): CodeIgniter\Boot::runCodeIgniter(Object(CodeIgniter\CodeIgniter))
#13 C:\Users\LENOVO\Documents\SEMPRO TA DLL YANG PETNING POKOKNYA SEMESTER AKHIR\barber\public\index.php(60): CodeIgniter\Boot::bootWeb(Object(Config\Paths))
#14 C:\Users\LENOVO\Documents\SEMPRO TA DLL YANG PETNING POKOKNYA SEMESTER AKHIR\barber\system\rewrite.php(44): require_once('C:\\Users\\LENOVO...')
#15 {main}
CRITICAL - 2025-05-15 16:49:06 --> CodeIgniter\Database\Exceptions\DatabaseException: Cannot add or update a child row: a foreign key constraint fails (`barbershop`.`tblhistory`, CONSTRAINT `fkk` FOREIGN KEY (`id_invoice`) REFERENCES `tblinvoice` (`id_invoice`) ON DELETE RESTRICT ON UPDATE RESTRICT)
[Method: POST, Route: kasir/assign/51]
in SYSTEMPATH\Database\BaseConnection.php on line 692.
 1 SYSTEMPATH\Database\BaseBuilder.php(2345): CodeIgniter\Database\BaseConnection->query('INSERT INTO `tblhistory` (`id_user`, `id_pegawai`, `id_service`, `tanggal`, `deskripsi`, `hasil`) VALUES (:id_user:, :id_pegawai:, :id_service:, :tanggal:, :deskripsi:, :hasil:)', [...], false)
 2 SYSTEMPATH\Model.php(394): CodeIgniter\Database\BaseBuilder->insert()
 3 SYSTEMPATH\BaseModel.php(843): CodeIgniter\Model->doInsert([...])
 4 SYSTEMPATH\Model.php(800): CodeIgniter\BaseModel->insert([...], true)
 5 APPPATH\Controllers\Kasir.php(111): CodeIgniter\Model->insert([...])
 6 SYSTEMPATH\CodeIgniter.php(933): App\Controllers\Kasir->assignPost('51')
 7 SYSTEMPATH\CodeIgniter.php(507): CodeIgniter\CodeIgniter->runController(Object(App\Controllers\Kasir))
 8 SYSTEMPATH\CodeIgniter.php(354): CodeIgniter\CodeIgniter->handleRequest(null, Object(Config\Cache), false)
 9 SYSTEMPATH\Boot.php(334): CodeIgniter\CodeIgniter->run()
10 SYSTEMPATH\Boot.php(67): CodeIgniter\Boot::runCodeIgniter(Object(CodeIgniter\CodeIgniter))
11 FCPATH\index.php(60): CodeIgniter\Boot::bootWeb(Object(Config\Paths))
12 SYSTEMPATH\rewrite.php(44): require_once('C:\\Users\\LENOVO\\Documents\\SEMPRO TA DLL YANG PETNING POKOKNYA SEMESTER AKHIR\\barber\\public\\index.php')
CRITICAL - 2025-05-15 16:49:06 --> [Caused by] CodeIgniter\Database\Exceptions\DatabaseException: Cannot add or update a child row: a foreign key constraint fails (`barbershop`.`tblhistory`, CONSTRAINT `fkk` FOREIGN KEY (`id_invoice`) REFERENCES `tblinvoice` (`id_invoice`) ON DELETE RESTRICT ON UPDATE RESTRICT)
in SYSTEMPATH\Database\MySQLi\Connection.php on line 332.
 1 SYSTEMPATH\Database\BaseConnection.php(738): CodeIgniter\Database\MySQLi\Connection->execute('INSERT INTO `tblhistory` (`id_user`, `id_pegawai`, `id_service`, `tanggal`, `deskripsi`, `hasil`) VALUES (\'51\', \'1\', \'23\', \'2025-05-15 16:49:06\', \'Assign oleh kasir\', NULL)')
 2 SYSTEMPATH\Database\BaseConnection.php(652): CodeIgniter\Database\BaseConnection->simpleQuery('INSERT INTO `tblhistory` (`id_user`, `id_pegawai`, `id_service`, `tanggal`, `deskripsi`, `hasil`) VALUES (\'51\', \'1\', \'23\', \'2025-05-15 16:49:06\', \'Assign oleh kasir\', NULL)')
 3 SYSTEMPATH\Database\BaseBuilder.php(2345): CodeIgniter\Database\BaseConnection->query('INSERT INTO `tblhistory` (`id_user`, `id_pegawai`, `id_service`, `tanggal`, `deskripsi`, `hasil`) VALUES (:id_user:, :id_pegawai:, :id_service:, :tanggal:, :deskripsi:, :hasil:)', [...], false)
 4 SYSTEMPATH\Model.php(394): CodeIgniter\Database\BaseBuilder->insert()
 5 SYSTEMPATH\BaseModel.php(843): CodeIgniter\Model->doInsert([...])
 6 SYSTEMPATH\Model.php(800): CodeIgniter\BaseModel->insert([...], true)
 7 APPPATH\Controllers\Kasir.php(111): CodeIgniter\Model->insert([...])
 8 SYSTEMPATH\CodeIgniter.php(933): App\Controllers\Kasir->assignPost('51')
 9 SYSTEMPATH\CodeIgniter.php(507): CodeIgniter\CodeIgniter->runController(Object(App\Controllers\Kasir))
10 SYSTEMPATH\CodeIgniter.php(354): CodeIgniter\CodeIgniter->handleRequest(null, Object(Config\Cache), false)
11 SYSTEMPATH\Boot.php(334): CodeIgniter\CodeIgniter->run()
12 SYSTEMPATH\Boot.php(67): CodeIgniter\Boot::runCodeIgniter(Object(CodeIgniter\CodeIgniter))
13 FCPATH\index.php(60): CodeIgniter\Boot::bootWeb(Object(Config\Paths))
14 SYSTEMPATH\rewrite.php(44): require_once('C:\\Users\\LENOVO\\Documents\\SEMPRO TA DLL YANG PETNING POKOKNYA SEMESTER AKHIR\\barber\\public\\index.php')
CRITICAL - 2025-05-15 16:49:07 --> [Caused by] mysqli_sql_exception: Cannot add or update a child row: a foreign key constraint fails (`barbershop`.`tblhistory`, CONSTRAINT `fkk` FOREIGN KEY (`id_invoice`) REFERENCES `tblinvoice` (`id_invoice`) ON DELETE RESTRICT ON UPDATE RESTRICT)
in SYSTEMPATH\Database\MySQLi\Connection.php on line 327.
 1 SYSTEMPATH\Database\MySQLi\Connection.php(327): mysqli->query('INSERT INTO `tblhistory` (`id_user`, `id_pegawai`, `id_service`, `tanggal`, `deskripsi`, `hasil`) VALUES (\'51\', \'1\', \'23\', \'2025-05-15 16:49:06\', \'Assign oleh kasir\', NULL)', 0)
 2 SYSTEMPATH\Database\BaseConnection.php(738): CodeIgniter\Database\MySQLi\Connection->execute('INSERT INTO `tblhistory` (`id_user`, `id_pegawai`, `id_service`, `tanggal`, `deskripsi`, `hasil`) VALUES (\'51\', \'1\', \'23\', \'2025-05-15 16:49:06\', \'Assign oleh kasir\', NULL)')
 3 SYSTEMPATH\Database\BaseConnection.php(652): CodeIgniter\Database\BaseConnection->simpleQuery('INSERT INTO `tblhistory` (`id_user`, `id_pegawai`, `id_service`, `tanggal`, `deskripsi`, `hasil`) VALUES (\'51\', \'1\', \'23\', \'2025-05-15 16:49:06\', \'Assign oleh kasir\', NULL)')
 4 SYSTEMPATH\Database\BaseBuilder.php(2345): CodeIgniter\Database\BaseConnection->query('INSERT INTO `tblhistory` (`id_user`, `id_pegawai`, `id_service`, `tanggal`, `deskripsi`, `hasil`) VALUES (:id_user:, :id_pegawai:, :id_service:, :tanggal:, :deskripsi:, :hasil:)', [...], false)
 5 SYSTEMPATH\Model.php(394): CodeIgniter\Database\BaseBuilder->insert()
 6 SYSTEMPATH\BaseModel.php(843): CodeIgniter\Model->doInsert([...])
 7 SYSTEMPATH\Model.php(800): CodeIgniter\BaseModel->insert([...], true)
 8 APPPATH\Controllers\Kasir.php(111): CodeIgniter\Model->insert([...])
 9 SYSTEMPATH\CodeIgniter.php(933): App\Controllers\Kasir->assignPost('51')
10 SYSTEMPATH\CodeIgniter.php(507): CodeIgniter\CodeIgniter->runController(Object(App\Controllers\Kasir))
11 SYSTEMPATH\CodeIgniter.php(354): CodeIgniter\CodeIgniter->handleRequest(null, Object(Config\Cache), false)
12 SYSTEMPATH\Boot.php(334): CodeIgniter\CodeIgniter->run()
13 SYSTEMPATH\Boot.php(67): CodeIgniter\Boot::runCodeIgniter(Object(CodeIgniter\CodeIgniter))
14 FCPATH\index.php(60): CodeIgniter\Boot::bootWeb(Object(Config\Paths))
15 SYSTEMPATH\rewrite.php(44): require_once('C:\\Users\\LENOVO\\Documents\\SEMPRO TA DLL YANG PETNING POKOKNYA SEMESTER AKHIR\\barber\\public\\index.php')
ERROR - 2025-05-15 17:35:21 --> mysqli_sql_exception: Table 'barbershop.service' doesn't exist in C:\Users\LENOVO\Documents\SEMPRO TA DLL YANG PETNING POKOKNYA SEMESTER AKHIR\barber\system\Database\MySQLi\Connection.php:327
Stack trace:
#0 C:\Users\LENOVO\Documents\SEMPRO TA DLL YANG PETNING POKOKNYA SEMESTER AKHIR\barber\system\Database\MySQLi\Connection.php(327): mysqli->query('SELECT COUNT(*)...', 0)
#1 C:\Users\LENOVO\Documents\SEMPRO TA DLL YANG PETNING POKOKNYA SEMESTER AKHIR\barber\system\Database\BaseConnection.php(738): CodeIgniter\Database\MySQLi\Connection->execute('SELECT COUNT(*)...')
#2 C:\Users\LENOVO\Documents\SEMPRO TA DLL YANG PETNING POKOKNYA SEMESTER AKHIR\barber\system\Database\BaseConnection.php(652): CodeIgniter\Database\BaseConnection->simpleQuery('SELECT COUNT(*)...')
#3 C:\Users\LENOVO\Documents\SEMPRO TA DLL YANG PETNING POKOKNYA SEMESTER AKHIR\barber\system\Database\BaseBuilder.php(1678): CodeIgniter\Database\BaseConnection->query('SELECT COUNT(*)...', NULL, false)
#4 C:\Users\LENOVO\Documents\SEMPRO TA DLL YANG PETNING POKOKNYA SEMESTER AKHIR\barber\system\Model.php(928): CodeIgniter\Database\BaseBuilder->countAll()
#5 C:\Users\LENOVO\Documents\SEMPRO TA DLL YANG PETNING POKOKNYA SEMESTER AKHIR\barber\app\Controllers\Admin.php(29): CodeIgniter\Model->__call('countAll', Array)
#6 C:\Users\LENOVO\Documents\SEMPRO TA DLL YANG PETNING POKOKNYA SEMESTER AKHIR\barber\system\CodeIgniter.php(933): App\Controllers\Admin->index()
#7 C:\Users\LENOVO\Documents\SEMPRO TA DLL YANG PETNING POKOKNYA SEMESTER AKHIR\barber\system\CodeIgniter.php(507): CodeIgniter\CodeIgniter->runController(Object(App\Controllers\Admin))
#8 C:\Users\LENOVO\Documents\SEMPRO TA DLL YANG PETNING POKOKNYA SEMESTER AKHIR\barber\system\CodeIgniter.php(354): CodeIgniter\CodeIgniter->handleRequest(NULL, Object(Config\Cache), false)
#9 C:\Users\LENOVO\Documents\SEMPRO TA DLL YANG PETNING POKOKNYA SEMESTER AKHIR\barber\system\Boot.php(334): CodeIgniter\CodeIgniter->run()
#10 C:\Users\LENOVO\Documents\SEMPRO TA DLL YANG PETNING POKOKNYA SEMESTER AKHIR\barber\system\Boot.php(67): CodeIgniter\Boot::runCodeIgniter(Object(CodeIgniter\CodeIgniter))
#11 C:\Users\LENOVO\Documents\SEMPRO TA DLL YANG PETNING POKOKNYA SEMESTER AKHIR\barber\public\index.php(60): CodeIgniter\Boot::bootWeb(Object(Config\Paths))
#12 C:\Users\LENOVO\Documents\SEMPRO TA DLL YANG PETNING POKOKNYA SEMESTER AKHIR\barber\system\rewrite.php(44): require_once('C:\\Users\\LENOVO...')
#13 {main}
CRITICAL - 2025-05-15 17:35:21 --> CodeIgniter\Database\Exceptions\DatabaseException: Table 'barbershop.service' doesn't exist
[Method: GET, Route: admin]
in SYSTEMPATH\Database\BaseConnection.php on line 692.
 1 SYSTEMPATH\Database\BaseBuilder.php(1678): CodeIgniter\Database\BaseConnection->query('SELECT COUNT(*) AS `numrows` FROM `service`', null, false)
 2 SYSTEMPATH\Model.php(928): CodeIgniter\Database\BaseBuilder->countAll()
 3 APPPATH\Controllers\Admin.php(29): CodeIgniter\Model->__call('countAll', [])
 4 SYSTEMPATH\CodeIgniter.php(933): App\Controllers\Admin->index()
 5 SYSTEMPATH\CodeIgniter.php(507): CodeIgniter\CodeIgniter->runController(Object(App\Controllers\Admin))
 6 SYSTEMPATH\CodeIgniter.php(354): CodeIgniter\CodeIgniter->handleRequest(null, Object(Config\Cache), false)
 7 SYSTEMPATH\Boot.php(334): CodeIgniter\CodeIgniter->run()
 8 SYSTEMPATH\Boot.php(67): CodeIgniter\Boot::runCodeIgniter(Object(CodeIgniter\CodeIgniter))
 9 FCPATH\index.php(60): CodeIgniter\Boot::bootWeb(Object(Config\Paths))
10 SYSTEMPATH\rewrite.php(44): require_once('C:\\Users\\LENOVO\\Documents\\SEMPRO TA DLL YANG PETNING POKOKNYA SEMESTER AKHIR\\barber\\public\\index.php')
CRITICAL - 2025-05-15 17:35:21 --> [Caused by] CodeIgniter\Database\Exceptions\DatabaseException: Table 'barbershop.service' doesn't exist
in SYSTEMPATH\Database\MySQLi\Connection.php on line 332.
 1 SYSTEMPATH\Database\BaseConnection.php(738): CodeIgniter\Database\MySQLi\Connection->execute('SELECT COUNT(*) AS `numrows` FROM `service`')
 2 SYSTEMPATH\Database\BaseConnection.php(652): CodeIgniter\Database\BaseConnection->simpleQuery('SELECT COUNT(*) AS `numrows` FROM `service`')
 3 SYSTEMPATH\Database\BaseBuilder.php(1678): CodeIgniter\Database\BaseConnection->query('SELECT COUNT(*) AS `numrows` FROM `service`', null, false)
 4 SYSTEMPATH\Model.php(928): CodeIgniter\Database\BaseBuilder->countAll()
 5 APPPATH\Controllers\Admin.php(29): CodeIgniter\Model->__call('countAll', [])
 6 SYSTEMPATH\CodeIgniter.php(933): App\Controllers\Admin->index()
 7 SYSTEMPATH\CodeIgniter.php(507): CodeIgniter\CodeIgniter->runController(Object(App\Controllers\Admin))
 8 SYSTEMPATH\CodeIgniter.php(354): CodeIgniter\CodeIgniter->handleRequest(null, Object(Config\Cache), false)
 9 SYSTEMPATH\Boot.php(334): CodeIgniter\CodeIgniter->run()
10 SYSTEMPATH\Boot.php(67): CodeIgniter\Boot::runCodeIgniter(Object(CodeIgniter\CodeIgniter))
11 FCPATH\index.php(60): CodeIgniter\Boot::bootWeb(Object(Config\Paths))
12 SYSTEMPATH\rewrite.php(44): require_once('C:\\Users\\LENOVO\\Documents\\SEMPRO TA DLL YANG PETNING POKOKNYA SEMESTER AKHIR\\barber\\public\\index.php')
CRITICAL - 2025-05-15 17:35:21 --> [Caused by] mysqli_sql_exception: Table 'barbershop.service' doesn't exist
in SYSTEMPATH\Database\MySQLi\Connection.php on line 327.
 1 SYSTEMPATH\Database\MySQLi\Connection.php(327): mysqli->query('SELECT COUNT(*) AS `numrows` FROM `service`', 0)
 2 SYSTEMPATH\Database\BaseConnection.php(738): CodeIgniter\Database\MySQLi\Connection->execute('SELECT COUNT(*) AS `numrows` FROM `service`')
 3 SYSTEMPATH\Database\BaseConnection.php(652): CodeIgniter\Database\BaseConnection->simpleQuery('SELECT COUNT(*) AS `numrows` FROM `service`')
 4 SYSTEMPATH\Database\BaseBuilder.php(1678): CodeIgniter\Database\BaseConnection->query('SELECT COUNT(*) AS `numrows` FROM `service`', null, false)
 5 SYSTEMPATH\Model.php(928): CodeIgniter\Database\BaseBuilder->countAll()
 6 APPPATH\Controllers\Admin.php(29): CodeIgniter\Model->__call('countAll', [])
 7 SYSTEMPATH\CodeIgniter.php(933): App\Controllers\Admin->index()
 8 SYSTEMPATH\CodeIgniter.php(507): CodeIgniter\CodeIgniter->runController(Object(App\Controllers\Admin))
 9 SYSTEMPATH\CodeIgniter.php(354): CodeIgniter\CodeIgniter->handleRequest(null, Object(Config\Cache), false)
10 SYSTEMPATH\Boot.php(334): CodeIgniter\CodeIgniter->run()
11 SYSTEMPATH\Boot.php(67): CodeIgniter\Boot::runCodeIgniter(Object(CodeIgniter\CodeIgniter))
12 FCPATH\index.php(60): CodeIgniter\Boot::bootWeb(Object(Config\Paths))
13 SYSTEMPATH\rewrite.php(44): require_once('C:\\Users\\LENOVO\\Documents\\SEMPRO TA DLL YANG PETNING POKOKNYA SEMESTER AKHIR\\barber\\public\\index.php')
ERROR - 2025-05-15 17:36:41 --> mysqli_sql_exception: Table 'barbershop.tblservice' doesn't exist in C:\Users\LENOVO\Documents\SEMPRO TA DLL YANG PETNING POKOKNYA SEMESTER AKHIR\barber\system\Database\MySQLi\Connection.php:327
Stack trace:
#0 C:\Users\LENOVO\Documents\SEMPRO TA DLL YANG PETNING POKOKNYA SEMESTER AKHIR\barber\system\Database\MySQLi\Connection.php(327): mysqli->query('SELECT COUNT(*)...', 0)
#1 C:\Users\LENOVO\Documents\SEMPRO TA DLL YANG PETNING POKOKNYA SEMESTER AKHIR\barber\system\Database\BaseConnection.php(738): CodeIgniter\Database\MySQLi\Connection->execute('SELECT COUNT(*)...')
#2 C:\Users\LENOVO\Documents\SEMPRO TA DLL YANG PETNING POKOKNYA SEMESTER AKHIR\barber\system\Database\BaseConnection.php(652): CodeIgniter\Database\BaseConnection->simpleQuery('SELECT COUNT(*)...')
#3 C:\Users\LENOVO\Documents\SEMPRO TA DLL YANG PETNING POKOKNYA SEMESTER AKHIR\barber\system\Database\BaseBuilder.php(1678): CodeIgniter\Database\BaseConnection->query('SELECT COUNT(*)...', NULL, false)
#4 C:\Users\LENOVO\Documents\SEMPRO TA DLL YANG PETNING POKOKNYA SEMESTER AKHIR\barber\system\Model.php(928): CodeIgniter\Database\BaseBuilder->countAll()
#5 C:\Users\LENOVO\Documents\SEMPRO TA DLL YANG PETNING POKOKNYA SEMESTER AKHIR\barber\app\Controllers\Admin.php(29): CodeIgniter\Model->__call('countAll', Array)
#6 C:\Users\LENOVO\Documents\SEMPRO TA DLL YANG PETNING POKOKNYA SEMESTER AKHIR\barber\system\CodeIgniter.php(933): App\Controllers\Admin->index()
#7 C:\Users\LENOVO\Documents\SEMPRO TA DLL YANG PETNING POKOKNYA SEMESTER AKHIR\barber\system\CodeIgniter.php(507): CodeIgniter\CodeIgniter->runController(Object(App\Controllers\Admin))
#8 C:\Users\LENOVO\Documents\SEMPRO TA DLL YANG PETNING POKOKNYA SEMESTER AKHIR\barber\system\CodeIgniter.php(354): CodeIgniter\CodeIgniter->handleRequest(NULL, Object(Config\Cache), false)
#9 C:\Users\LENOVO\Documents\SEMPRO TA DLL YANG PETNING POKOKNYA SEMESTER AKHIR\barber\system\Boot.php(334): CodeIgniter\CodeIgniter->run()
#10 C:\Users\LENOVO\Documents\SEMPRO TA DLL YANG PETNING POKOKNYA SEMESTER AKHIR\barber\system\Boot.php(67): CodeIgniter\Boot::runCodeIgniter(Object(CodeIgniter\CodeIgniter))
#11 C:\Users\LENOVO\Documents\SEMPRO TA DLL YANG PETNING POKOKNYA SEMESTER AKHIR\barber\public\index.php(60): CodeIgniter\Boot::bootWeb(Object(Config\Paths))
#12 C:\Users\LENOVO\Documents\SEMPRO TA DLL YANG PETNING POKOKNYA SEMESTER AKHIR\barber\system\rewrite.php(44): require_once('C:\\Users\\LENOVO...')
#13 {main}
CRITICAL - 2025-05-15 17:36:41 --> CodeIgniter\Database\Exceptions\DatabaseException: Table 'barbershop.tblservice' doesn't exist
[Method: GET, Route: admin]
in SYSTEMPATH\Database\BaseConnection.php on line 692.
 1 SYSTEMPATH\Database\BaseBuilder.php(1678): CodeIgniter\Database\BaseConnection->query('SELECT COUNT(*) AS `numrows` FROM `tblservice`', null, false)
 2 SYSTEMPATH\Model.php(928): CodeIgniter\Database\BaseBuilder->countAll()
 3 APPPATH\Controllers\Admin.php(29): CodeIgniter\Model->__call('countAll', [])
 4 SYSTEMPATH\CodeIgniter.php(933): App\Controllers\Admin->index()
 5 SYSTEMPATH\CodeIgniter.php(507): CodeIgniter\CodeIgniter->runController(Object(App\Controllers\Admin))
 6 SYSTEMPATH\CodeIgniter.php(354): CodeIgniter\CodeIgniter->handleRequest(null, Object(Config\Cache), false)
 7 SYSTEMPATH\Boot.php(334): CodeIgniter\CodeIgniter->run()
 8 SYSTEMPATH\Boot.php(67): CodeIgniter\Boot::runCodeIgniter(Object(CodeIgniter\CodeIgniter))
 9 FCPATH\index.php(60): CodeIgniter\Boot::bootWeb(Object(Config\Paths))
10 SYSTEMPATH\rewrite.php(44): require_once('C:\\Users\\LENOVO\\Documents\\SEMPRO TA DLL YANG PETNING POKOKNYA SEMESTER AKHIR\\barber\\public\\index.php')
CRITICAL - 2025-05-15 17:36:41 --> [Caused by] CodeIgniter\Database\Exceptions\DatabaseException: Table 'barbershop.tblservice' doesn't exist
in SYSTEMPATH\Database\MySQLi\Connection.php on line 332.
 1 SYSTEMPATH\Database\BaseConnection.php(738): CodeIgniter\Database\MySQLi\Connection->execute('SELECT COUNT(*) AS `numrows` FROM `tblservice`')
 2 SYSTEMPATH\Database\BaseConnection.php(652): CodeIgniter\Database\BaseConnection->simpleQuery('SELECT COUNT(*) AS `numrows` FROM `tblservice`')
 3 SYSTEMPATH\Database\BaseBuilder.php(1678): CodeIgniter\Database\BaseConnection->query('SELECT COUNT(*) AS `numrows` FROM `tblservice`', null, false)
 4 SYSTEMPATH\Model.php(928): CodeIgniter\Database\BaseBuilder->countAll()
 5 APPPATH\Controllers\Admin.php(29): CodeIgniter\Model->__call('countAll', [])
 6 SYSTEMPATH\CodeIgniter.php(933): App\Controllers\Admin->index()
 7 SYSTEMPATH\CodeIgniter.php(507): CodeIgniter\CodeIgniter->runController(Object(App\Controllers\Admin))
 8 SYSTEMPATH\CodeIgniter.php(354): CodeIgniter\CodeIgniter->handleRequest(null, Object(Config\Cache), false)
 9 SYSTEMPATH\Boot.php(334): CodeIgniter\CodeIgniter->run()
10 SYSTEMPATH\Boot.php(67): CodeIgniter\Boot::runCodeIgniter(Object(CodeIgniter\CodeIgniter))
11 FCPATH\index.php(60): CodeIgniter\Boot::bootWeb(Object(Config\Paths))
12 SYSTEMPATH\rewrite.php(44): require_once('C:\\Users\\LENOVO\\Documents\\SEMPRO TA DLL YANG PETNING POKOKNYA SEMESTER AKHIR\\barber\\public\\index.php')
CRITICAL - 2025-05-15 17:36:41 --> [Caused by] mysqli_sql_exception: Table 'barbershop.tblservice' doesn't exist
in SYSTEMPATH\Database\MySQLi\Connection.php on line 327.
 1 SYSTEMPATH\Database\MySQLi\Connection.php(327): mysqli->query('SELECT COUNT(*) AS `numrows` FROM `tblservice`', 0)
 2 SYSTEMPATH\Database\BaseConnection.php(738): CodeIgniter\Database\MySQLi\Connection->execute('SELECT COUNT(*) AS `numrows` FROM `tblservice`')
 3 SYSTEMPATH\Database\BaseConnection.php(652): CodeIgniter\Database\BaseConnection->simpleQuery('SELECT COUNT(*) AS `numrows` FROM `tblservice`')
 4 SYSTEMPATH\Database\BaseBuilder.php(1678): CodeIgniter\Database\BaseConnection->query('SELECT COUNT(*) AS `numrows` FROM `tblservice`', null, false)
 5 SYSTEMPATH\Model.php(928): CodeIgniter\Database\BaseBuilder->countAll()
 6 APPPATH\Controllers\Admin.php(29): CodeIgniter\Model->__call('countAll', [])
 7 SYSTEMPATH\CodeIgniter.php(933): App\Controllers\Admin->index()
 8 SYSTEMPATH\CodeIgniter.php(507): CodeIgniter\CodeIgniter->runController(Object(App\Controllers\Admin))
 9 SYSTEMPATH\CodeIgniter.php(354): CodeIgniter\CodeIgniter->handleRequest(null, Object(Config\Cache), false)
10 SYSTEMPATH\Boot.php(334): CodeIgniter\CodeIgniter->run()
11 SYSTEMPATH\Boot.php(67): CodeIgniter\Boot::runCodeIgniter(Object(CodeIgniter\CodeIgniter))
12 FCPATH\index.php(60): CodeIgniter\Boot::bootWeb(Object(Config\Paths))
13 SYSTEMPATH\rewrite.php(44): require_once('C:\\Users\\LENOVO\\Documents\\SEMPRO TA DLL YANG PETNING POKOKNYA SEMESTER AKHIR\\barber\\public\\index.php')
CRITICAL - 2025-05-15 17:36:59 --> CodeIgniter\View\Exceptions\ViewException: Invalid file: "Admin/addservice.php"
[Method: GET, Route: admin/addservice]
in SYSTEMPATH\Exceptions\FrameworkException.php on line 39.
 1 SYSTEMPATH\View\View.php(212): CodeIgniter\Exceptions\FrameworkException::forInvalidFile('Admin/addservice.php')
 2 SYSTEMPATH\Common.php(1173): CodeIgniter\View\View->render('Admin/addservice', [], true)
 3 APPPATH\Controllers\Admin.php(74): view('Admin/addservice')
 4 SYSTEMPATH\CodeIgniter.php(933): App\Controllers\Admin->addService()
 5 SYSTEMPATH\CodeIgniter.php(507): CodeIgniter\CodeIgniter->runController(Object(App\Controllers\Admin))
 6 SYSTEMPATH\CodeIgniter.php(354): CodeIgniter\CodeIgniter->handleRequest(null, Object(Config\Cache), false)
 7 SYSTEMPATH\Boot.php(334): CodeIgniter\CodeIgniter->run()
 8 SYSTEMPATH\Boot.php(67): CodeIgniter\Boot::runCodeIgniter(Object(CodeIgniter\CodeIgniter))
 9 FCPATH\index.php(60): CodeIgniter\Boot::bootWeb(Object(Config\Paths))
10 SYSTEMPATH\rewrite.php(44): require_once('C:\\Users\\LENOVO\\Documents\\SEMPRO TA DLL YANG PETNING POKOKNYA SEMESTER AKHIR\\barber\\public\\index.php')
CRITICAL - 2025-05-15 17:37:28 --> CodeIgniter\View\Exceptions\ViewException: Invalid file: "layouts/main.php"
[Method: GET, Route: admin/addservice]
in SYSTEMPATH\Exceptions\FrameworkException.php on line 39.
 1 SYSTEMPATH\View\View.php(212): CodeIgniter\Exceptions\FrameworkException::forInvalidFile('layouts/main.php')
 2 SYSTEMPATH\View\View.php(240): CodeIgniter\View\View->render('layouts/main', [], true)
 3 SYSTEMPATH\Common.php(1173): CodeIgniter\View\View->render('Admin/addservice', [], true)
 4 APPPATH\Controllers\Admin.php(74): view('Admin/addservice')
 5 SYSTEMPATH\CodeIgniter.php(933): App\Controllers\Admin->addService()
 6 SYSTEMPATH\CodeIgniter.php(507): CodeIgniter\CodeIgniter->runController(Object(App\Controllers\Admin))
 7 SYSTEMPATH\CodeIgniter.php(354): CodeIgniter\CodeIgniter->handleRequest(null, Object(Config\Cache), false)
 8 SYSTEMPATH\Boot.php(334): CodeIgniter\CodeIgniter->run()
 9 SYSTEMPATH\Boot.php(67): CodeIgniter\Boot::runCodeIgniter(Object(CodeIgniter\CodeIgniter))
10 FCPATH\index.php(60): CodeIgniter\Boot::bootWeb(Object(Config\Paths))
11 SYSTEMPATH\rewrite.php(44): require_once('C:\\Users\\LENOVO\\Documents\\SEMPRO TA DLL YANG PETNING POKOKNYA SEMESTER AKHIR\\barber\\public\\index.php')
CRITICAL - 2025-05-15 17:47:51 --> ErrorException: Undefined variable $totalServices
[Method: GET, Route: admin/addservice]
in APPPATH\Views\admin\addservice.php on line 20.
 1 APPPATH\Views\admin\addservice.php(20): CodeIgniter\Debug\Exceptions->errorHandler(2, 'Undefined variable $totalServices', 'C:\\Users\\LENOVO\\Documents\\SEMPRO TA DLL YANG PETNING POKOKNYA SEMESTER AKHIR\\barber\\app\\Views\\admin\\addservice.php', 20)
 2 SYSTEMPATH\View\View.php(224): include('C:\\Users\\LENOVO\\Documents\\SEMPRO TA DLL YANG PETNING POKOKNYA SEMESTER AKHIR\\barber\\app\\Views\\admin\\addservice.php')
 3 SYSTEMPATH\View\View.php(227): CodeIgniter\View\View->CodeIgniter\View\{closure}()
 4 SYSTEMPATH\Common.php(1173): CodeIgniter\View\View->render('Admin/addservice', [], true)
 5 APPPATH\Controllers\Admin.php(74): view('Admin/addservice')
 6 SYSTEMPATH\CodeIgniter.php(933): App\Controllers\Admin->addService()
 7 SYSTEMPATH\CodeIgniter.php(507): CodeIgniter\CodeIgniter->runController(Object(App\Controllers\Admin))
 8 SYSTEMPATH\CodeIgniter.php(354): CodeIgniter\CodeIgniter->handleRequest(null, Object(Config\Cache), false)
 9 SYSTEMPATH\Boot.php(334): CodeIgniter\CodeIgniter->run()
10 SYSTEMPATH\Boot.php(67): CodeIgniter\Boot::runCodeIgniter(Object(CodeIgniter\CodeIgniter))
11 FCPATH\index.php(60): CodeIgniter\Boot::bootWeb(Object(Config\Paths))
12 SYSTEMPATH\rewrite.php(44): require_once('C:\\Users\\LENOVO\\Documents\\SEMPRO TA DLL YANG PETNING POKOKNYA SEMESTER AKHIR\\barber\\public\\index.php')
CRITICAL - 2025-05-15 17:56:19 --> CodeIgniter\View\Exceptions\ViewException: Invalid file: "admin/service_add.php"
[Method: POST, Route: admin/addservice]
in SYSTEMPATH\Exceptions\FrameworkException.php on line 39.
 1 SYSTEMPATH\View\View.php(212): CodeIgniter\Exceptions\FrameworkException::forInvalidFile('admin/service_add.php')
 2 SYSTEMPATH\Common.php(1173): CodeIgniter\View\View->render('admin/service_add', [], true)
 3 APPPATH\Controllers\Admin.php(79): view('admin/service_add')
 4 SYSTEMPATH\CodeIgniter.php(933): App\Controllers\Admin->addservice()
 5 SYSTEMPATH\CodeIgniter.php(507): CodeIgniter\CodeIgniter->runController(Object(App\Controllers\Admin))
 6 SYSTEMPATH\CodeIgniter.php(354): CodeIgniter\CodeIgniter->handleRequest(null, Object(Config\Cache), false)
 7 SYSTEMPATH\Boot.php(334): CodeIgniter\CodeIgniter->run()
 8 SYSTEMPATH\Boot.php(67): CodeIgniter\Boot::runCodeIgniter(Object(CodeIgniter\CodeIgniter))
 9 FCPATH\index.php(60): CodeIgniter\Boot::bootWeb(Object(Config\Paths))
10 SYSTEMPATH\rewrite.php(44): require_once('C:\\Users\\LENOVO\\Documents\\SEMPRO TA DLL YANG PETNING POKOKNYA SEMESTER AKHIR\\barber\\public\\index.php')
CRITICAL - 2025-05-15 17:57:14 --> CodeIgniter\View\Exceptions\ViewException: Invalid file: "admin/service_add.php"
[Method: GET, Route: admin/addservice]
in SYSTEMPATH\Exceptions\FrameworkException.php on line 39.
 1 SYSTEMPATH\View\View.php(212): CodeIgniter\Exceptions\FrameworkException::forInvalidFile('admin/service_add.php')
 2 SYSTEMPATH\Common.php(1173): CodeIgniter\View\View->render('admin/service_add', [], true)
 3 APPPATH\Controllers\Admin.php(79): view('admin/service_add')
 4 SYSTEMPATH\CodeIgniter.php(933): App\Controllers\Admin->addservice()
 5 SYSTEMPATH\CodeIgniter.php(507): CodeIgniter\CodeIgniter->runController(Object(App\Controllers\Admin))
 6 SYSTEMPATH\CodeIgniter.php(354): CodeIgniter\CodeIgniter->handleRequest(null, Object(Config\Cache), false)
 7 SYSTEMPATH\Boot.php(334): CodeIgniter\CodeIgniter->run()
 8 SYSTEMPATH\Boot.php(67): CodeIgniter\Boot::runCodeIgniter(Object(CodeIgniter\CodeIgniter))
 9 FCPATH\index.php(60): CodeIgniter\Boot::bootWeb(Object(Config\Paths))
10 SYSTEMPATH\rewrite.php(44): require_once('C:\\Users\\LENOVO\\Documents\\SEMPRO TA DLL YANG PETNING POKOKNYA SEMESTER AKHIR\\barber\\public\\index.php')
CRITICAL - 2025-05-15 17:57:21 --> CodeIgniter\View\Exceptions\ViewException: Invalid file: "admin/service_add.php"
[Method: GET, Route: admin/addservice]
in SYSTEMPATH\Exceptions\FrameworkException.php on line 39.
 1 SYSTEMPATH\View\View.php(212): CodeIgniter\Exceptions\FrameworkException::forInvalidFile('admin/service_add.php')
 2 SYSTEMPATH\Common.php(1173): CodeIgniter\View\View->render('admin/service_add', [], true)
 3 APPPATH\Controllers\Admin.php(79): view('admin/service_add')
 4 SYSTEMPATH\CodeIgniter.php(933): App\Controllers\Admin->addservice()
 5 SYSTEMPATH\CodeIgniter.php(507): CodeIgniter\CodeIgniter->runController(Object(App\Controllers\Admin))
 6 SYSTEMPATH\CodeIgniter.php(354): CodeIgniter\CodeIgniter->handleRequest(null, Object(Config\Cache), false)
 7 SYSTEMPATH\Boot.php(334): CodeIgniter\CodeIgniter->run()
 8 SYSTEMPATH\Boot.php(67): CodeIgniter\Boot::runCodeIgniter(Object(CodeIgniter\CodeIgniter))
 9 FCPATH\index.php(60): CodeIgniter\Boot::bootWeb(Object(Config\Paths))
10 SYSTEMPATH\rewrite.php(44): require_once('C:\\Users\\LENOVO\\Documents\\SEMPRO TA DLL YANG PETNING POKOKNYA SEMESTER AKHIR\\barber\\public\\index.php')
CRITICAL - 2025-05-15 17:58:53 --> CodeIgniter\View\Exceptions\ViewException: Invalid file: "admin/service_add.php"
[Method: GET, Route: admin/addservice]
in SYSTEMPATH\Exceptions\FrameworkException.php on line 39.
 1 SYSTEMPATH\View\View.php(212): CodeIgniter\Exceptions\FrameworkException::forInvalidFile('admin/service_add.php')
 2 SYSTEMPATH\Common.php(1173): CodeIgniter\View\View->render('admin/service_add', [], true)
 3 APPPATH\Controllers\Admin.php(79): view('admin/service_add')
 4 SYSTEMPATH\CodeIgniter.php(933): App\Controllers\Admin->addservice()
 5 SYSTEMPATH\CodeIgniter.php(507): CodeIgniter\CodeIgniter->runController(Object(App\Controllers\Admin))
 6 SYSTEMPATH\CodeIgniter.php(354): CodeIgniter\CodeIgniter->handleRequest(null, Object(Config\Cache), false)
 7 SYSTEMPATH\Boot.php(334): CodeIgniter\CodeIgniter->run()
 8 SYSTEMPATH\Boot.php(67): CodeIgniter\Boot::runCodeIgniter(Object(CodeIgniter\CodeIgniter))
 9 FCPATH\index.php(60): CodeIgniter\Boot::bootWeb(Object(Config\Paths))
10 SYSTEMPATH\rewrite.php(44): require_once('C:\\Users\\LENOVO\\Documents\\SEMPRO TA DLL YANG PETNING POKOKNYA SEMESTER AKHIR\\barber\\public\\index.php')
CRITICAL - 2025-05-15 18:08:46 --> ErrorException: Undefined array key "id_service"
[Method: GET, Route: admin/editserv]
in APPPATH\Views\admin\editserv.php on line 23.
 1 APPPATH\Views\admin\editserv.php(23): CodeIgniter\Debug\Exceptions->errorHandler(2, 'Undefined array key "id_service"', 'C:\\Users\\LENOVO\\Documents\\SEMPRO TA DLL YANG PETNING POKOKNYA SEMESTER AKHIR\\barber\\app\\Views\\admin\\editserv.php', 23)
 2 SYSTEMPATH\View\View.php(224): include('C:\\Users\\LENOVO\\Documents\\SEMPRO TA DLL YANG PETNING POKOKNYA SEMESTER AKHIR\\barber\\app\\Views\\admin\\editserv.php')
 3 SYSTEMPATH\View\View.php(227): CodeIgniter\View\View->CodeIgniter\View\{closure}()
 4 SYSTEMPATH\Common.php(1173): CodeIgniter\View\View->render('admin/editserv', [], true)
 5 APPPATH\Controllers\Admin.php(130): view('admin/editserv', [...])
 6 SYSTEMPATH\CodeIgniter.php(933): App\Controllers\Admin->editserv()
 7 SYSTEMPATH\CodeIgniter.php(507): CodeIgniter\CodeIgniter->runController(Object(App\Controllers\Admin))
 8 SYSTEMPATH\CodeIgniter.php(354): CodeIgniter\CodeIgniter->handleRequest(null, Object(Config\Cache), false)
 9 SYSTEMPATH\Boot.php(334): CodeIgniter\CodeIgniter->run()
10 SYSTEMPATH\Boot.php(67): CodeIgniter\Boot::runCodeIgniter(Object(CodeIgniter\CodeIgniter))
11 FCPATH\index.php(60): CodeIgniter\Boot::bootWeb(Object(Config\Paths))
12 SYSTEMPATH\rewrite.php(44): require_once('C:\\Users\\LENOVO\\Documents\\SEMPRO TA DLL YANG PETNING POKOKNYA SEMESTER AKHIR\\barber\\public\\index.php')
CRITICAL - 2025-05-15 18:09:09 --> ErrorException: Undefined array key "id"
[Method: GET, Route: admin/editserv]
in APPPATH\Views\admin\editserv.php on line 23.
 1 APPPATH\Views\admin\editserv.php(23): CodeIgniter\Debug\Exceptions->errorHandler(2, 'Undefined array key "id"', 'C:\\Users\\LENOVO\\Documents\\SEMPRO TA DLL YANG PETNING POKOKNYA SEMESTER AKHIR\\barber\\app\\Views\\admin\\editserv.php', 23)
 2 SYSTEMPATH\View\View.php(224): include('C:\\Users\\LENOVO\\Documents\\SEMPRO TA DLL YANG PETNING POKOKNYA SEMESTER AKHIR\\barber\\app\\Views\\admin\\editserv.php')
 3 SYSTEMPATH\View\View.php(227): CodeIgniter\View\View->CodeIgniter\View\{closure}()
 4 SYSTEMPATH\Common.php(1173): CodeIgniter\View\View->render('admin/editserv', [], true)
 5 APPPATH\Controllers\Admin.php(130): view('admin/editserv', [...])
 6 SYSTEMPATH\CodeIgniter.php(933): App\Controllers\Admin->editserv()
 7 SYSTEMPATH\CodeIgniter.php(507): CodeIgniter\CodeIgniter->runController(Object(App\Controllers\Admin))
 8 SYSTEMPATH\CodeIgniter.php(354): CodeIgniter\CodeIgniter->handleRequest(null, Object(Config\Cache), false)
 9 SYSTEMPATH\Boot.php(334): CodeIgniter\CodeIgniter->run()
10 SYSTEMPATH\Boot.php(67): CodeIgniter\Boot::runCodeIgniter(Object(CodeIgniter\CodeIgniter))
11 FCPATH\index.php(60): CodeIgniter\Boot::bootWeb(Object(Config\Paths))
12 SYSTEMPATH\rewrite.php(44): require_once('C:\\Users\\LENOVO\\Documents\\SEMPRO TA DLL YANG PETNING POKOKNYA SEMESTER AKHIR\\barber\\public\\index.php')
CRITICAL - 2025-05-15 18:09:28 --> ErrorException: Undefined array key "id_service"
[Method: GET, Route: admin/editserv]
in APPPATH\Views\admin\editserv.php on line 23.
 1 APPPATH\Views\admin\editserv.php(23): CodeIgniter\Debug\Exceptions->errorHandler(2, 'Undefined array key "id_service"', 'C:\\Users\\LENOVO\\Documents\\SEMPRO TA DLL YANG PETNING POKOKNYA SEMESTER AKHIR\\barber\\app\\Views\\admin\\editserv.php', 23)
 2 SYSTEMPATH\View\View.php(224): include('C:\\Users\\LENOVO\\Documents\\SEMPRO TA DLL YANG PETNING POKOKNYA SEMESTER AKHIR\\barber\\app\\Views\\admin\\editserv.php')
 3 SYSTEMPATH\View\View.php(227): CodeIgniter\View\View->CodeIgniter\View\{closure}()
 4 SYSTEMPATH\Common.php(1173): CodeIgniter\View\View->render('admin/editserv', [], true)
 5 APPPATH\Controllers\Admin.php(130): view('admin/editserv', [...])
 6 SYSTEMPATH\CodeIgniter.php(933): App\Controllers\Admin->editserv()
 7 SYSTEMPATH\CodeIgniter.php(507): CodeIgniter\CodeIgniter->runController(Object(App\Controllers\Admin))
 8 SYSTEMPATH\CodeIgniter.php(354): CodeIgniter\CodeIgniter->handleRequest(null, Object(Config\Cache), false)
 9 SYSTEMPATH\Boot.php(334): CodeIgniter\CodeIgniter->run()
10 SYSTEMPATH\Boot.php(67): CodeIgniter\Boot::runCodeIgniter(Object(CodeIgniter\CodeIgniter))
11 FCPATH\index.php(60): CodeIgniter\Boot::bootWeb(Object(Config\Paths))
12 SYSTEMPATH\rewrite.php(44): require_once('C:\\Users\\LENOVO\\Documents\\SEMPRO TA DLL YANG PETNING POKOKNYA SEMESTER AKHIR\\barber\\public\\index.php')
CRITICAL - 2025-05-15 18:14:20 --> ErrorException: Undefined variable $service
[Method: GET, Route: admin/editserv]
in APPPATH\Views\admin\editserv.php on line 23.
 1 APPPATH\Views\admin\editserv.php(23): CodeIgniter\Debug\Exceptions->errorHandler(2, 'Undefined variable $service', 'C:\\Users\\LENOVO\\Documents\\SEMPRO TA DLL YANG PETNING POKOKNYA SEMESTER AKHIR\\barber\\app\\Views\\admin\\editserv.php', 23)
 2 SYSTEMPATH\View\View.php(224): include('C:\\Users\\LENOVO\\Documents\\SEMPRO TA DLL YANG PETNING POKOKNYA SEMESTER AKHIR\\barber\\app\\Views\\admin\\editserv.php')
 3 SYSTEMPATH\View\View.php(227): CodeIgniter\View\View->CodeIgniter\View\{closure}()
 4 SYSTEMPATH\Common.php(1173): CodeIgniter\View\View->render('admin/editserv', [], true)
 5 APPPATH\Controllers\Admin.php(43): view('admin/editserv', [...])
 6 SYSTEMPATH\CodeIgniter.php(933): App\Controllers\Admin->services()
 7 SYSTEMPATH\CodeIgniter.php(507): CodeIgniter\CodeIgniter->runController(Object(App\Controllers\Admin))
 8 SYSTEMPATH\CodeIgniter.php(354): CodeIgniter\CodeIgniter->handleRequest(null, Object(Config\Cache), false)
 9 SYSTEMPATH\Boot.php(334): CodeIgniter\CodeIgniter->run()
10 SYSTEMPATH\Boot.php(67): CodeIgniter\Boot::runCodeIgniter(Object(CodeIgniter\CodeIgniter))
11 FCPATH\index.php(60): CodeIgniter\Boot::bootWeb(Object(Config\Paths))
12 SYSTEMPATH\rewrite.php(44): require_once('C:\\Users\\LENOVO\\Documents\\SEMPRO TA DLL YANG PETNING POKOKNYA SEMESTER AKHIR\\barber\\public\\index.php')
CRITICAL - 2025-05-15 18:14:48 --> ErrorException: Undefined variable $service
[Method: GET, Route: admin/editserv]
in APPPATH\Views\admin\editserv.php on line 23.
 1 APPPATH\Views\admin\editserv.php(23): CodeIgniter\Debug\Exceptions->errorHandler(2, 'Undefined variable $service', 'C:\\Users\\LENOVO\\Documents\\SEMPRO TA DLL YANG PETNING POKOKNYA SEMESTER AKHIR\\barber\\app\\Views\\admin\\editserv.php', 23)
 2 SYSTEMPATH\View\View.php(224): include('C:\\Users\\LENOVO\\Documents\\SEMPRO TA DLL YANG PETNING POKOKNYA SEMESTER AKHIR\\barber\\app\\Views\\admin\\editserv.php')
 3 SYSTEMPATH\View\View.php(227): CodeIgniter\View\View->CodeIgniter\View\{closure}()
 4 SYSTEMPATH\Common.php(1173): CodeIgniter\View\View->render('admin/editserv', [], true)
 5 APPPATH\Controllers\Admin.php(43): view('admin/editserv', [...])
 6 SYSTEMPATH\CodeIgniter.php(933): App\Controllers\Admin->services()
 7 SYSTEMPATH\CodeIgniter.php(507): CodeIgniter\CodeIgniter->runController(Object(App\Controllers\Admin))
 8 SYSTEMPATH\CodeIgniter.php(354): CodeIgniter\CodeIgniter->handleRequest(null, Object(Config\Cache), false)
 9 SYSTEMPATH\Boot.php(334): CodeIgniter\CodeIgniter->run()
10 SYSTEMPATH\Boot.php(67): CodeIgniter\Boot::runCodeIgniter(Object(CodeIgniter\CodeIgniter))
11 FCPATH\index.php(60): CodeIgniter\Boot::bootWeb(Object(Config\Paths))
12 SYSTEMPATH\rewrite.php(44): require_once('C:\\Users\\LENOVO\\Documents\\SEMPRO TA DLL YANG PETNING POKOKNYA SEMESTER AKHIR\\barber\\public\\index.php')
CRITICAL - 2025-05-15 18:14:57 --> ErrorException: Undefined array key "id_service"
[Method: GET, Route: admin/editserv]
in APPPATH\Views\admin\editserv.php on line 23.
 1 APPPATH\Views\admin\editserv.php(23): CodeIgniter\Debug\Exceptions->errorHandler(2, 'Undefined array key "id_service"', 'C:\\Users\\LENOVO\\Documents\\SEMPRO TA DLL YANG PETNING POKOKNYA SEMESTER AKHIR\\barber\\app\\Views\\admin\\editserv.php', 23)
 2 SYSTEMPATH\View\View.php(224): include('C:\\Users\\LENOVO\\Documents\\SEMPRO TA DLL YANG PETNING POKOKNYA SEMESTER AKHIR\\barber\\app\\Views\\admin\\editserv.php')
 3 SYSTEMPATH\View\View.php(227): CodeIgniter\View\View->CodeIgniter\View\{closure}()
 4 SYSTEMPATH\Common.php(1173): CodeIgniter\View\View->render('admin/editserv', [], true)
 5 APPPATH\Controllers\Admin.php(43): view('admin/editserv', [...])
 6 SYSTEMPATH\CodeIgniter.php(933): App\Controllers\Admin->services()
 7 SYSTEMPATH\CodeIgniter.php(507): CodeIgniter\CodeIgniter->runController(Object(App\Controllers\Admin))
 8 SYSTEMPATH\CodeIgniter.php(354): CodeIgniter\CodeIgniter->handleRequest(null, Object(Config\Cache), false)
 9 SYSTEMPATH\Boot.php(334): CodeIgniter\CodeIgniter->run()
10 SYSTEMPATH\Boot.php(67): CodeIgniter\Boot::runCodeIgniter(Object(CodeIgniter\CodeIgniter))
11 FCPATH\index.php(60): CodeIgniter\Boot::bootWeb(Object(Config\Paths))
12 SYSTEMPATH\rewrite.php(44): require_once('C:\\Users\\LENOVO\\Documents\\SEMPRO TA DLL YANG PETNING POKOKNYA SEMESTER AKHIR\\barber\\public\\index.php')
CRITICAL - 2025-05-15 18:15:08 --> ErrorException: Undefined array key "id"
[Method: GET, Route: admin/editserv]
in APPPATH\Views\admin\editserv.php on line 23.
 1 APPPATH\Views\admin\editserv.php(23): CodeIgniter\Debug\Exceptions->errorHandler(2, 'Undefined array key "id"', 'C:\\Users\\LENOVO\\Documents\\SEMPRO TA DLL YANG PETNING POKOKNYA SEMESTER AKHIR\\barber\\app\\Views\\admin\\editserv.php', 23)
 2 SYSTEMPATH\View\View.php(224): include('C:\\Users\\LENOVO\\Documents\\SEMPRO TA DLL YANG PETNING POKOKNYA SEMESTER AKHIR\\barber\\app\\Views\\admin\\editserv.php')
 3 SYSTEMPATH\View\View.php(227): CodeIgniter\View\View->CodeIgniter\View\{closure}()
 4 SYSTEMPATH\Common.php(1173): CodeIgniter\View\View->render('admin/editserv', [], true)
 5 APPPATH\Controllers\Admin.php(43): view('admin/editserv', [...])
 6 SYSTEMPATH\CodeIgniter.php(933): App\Controllers\Admin->services()
 7 SYSTEMPATH\CodeIgniter.php(507): CodeIgniter\CodeIgniter->runController(Object(App\Controllers\Admin))
 8 SYSTEMPATH\CodeIgniter.php(354): CodeIgniter\CodeIgniter->handleRequest(null, Object(Config\Cache), false)
 9 SYSTEMPATH\Boot.php(334): CodeIgniter\CodeIgniter->run()
10 SYSTEMPATH\Boot.php(67): CodeIgniter\Boot::runCodeIgniter(Object(CodeIgniter\CodeIgniter))
11 FCPATH\index.php(60): CodeIgniter\Boot::bootWeb(Object(Config\Paths))
12 SYSTEMPATH\rewrite.php(44): require_once('C:\\Users\\LENOVO\\Documents\\SEMPRO TA DLL YANG PETNING POKOKNYA SEMESTER AKHIR\\barber\\public\\index.php')
CRITICAL - 2025-05-15 18:17:45 --> ErrorException: Undefined array key "id_service"
[Method: GET, Route: admin/editserv]
in APPPATH\Views\admin\editserv.php on line 23.
 1 APPPATH\Views\admin\editserv.php(23): CodeIgniter\Debug\Exceptions->errorHandler(2, 'Undefined array key "id_service"', 'C:\\Users\\LENOVO\\Documents\\SEMPRO TA DLL YANG PETNING POKOKNYA SEMESTER AKHIR\\barber\\app\\Views\\admin\\editserv.php', 23)
 2 SYSTEMPATH\View\View.php(224): include('C:\\Users\\LENOVO\\Documents\\SEMPRO TA DLL YANG PETNING POKOKNYA SEMESTER AKHIR\\barber\\app\\Views\\admin\\editserv.php')
 3 SYSTEMPATH\View\View.php(227): CodeIgniter\View\View->CodeIgniter\View\{closure}()
 4 SYSTEMPATH\Common.php(1173): CodeIgniter\View\View->render('admin/editserv', [], true)
 5 APPPATH\Controllers\Admin.php(43): view('admin/editserv', [...])
 6 SYSTEMPATH\CodeIgniter.php(933): App\Controllers\Admin->services()
 7 SYSTEMPATH\CodeIgniter.php(507): CodeIgniter\CodeIgniter->runController(Object(App\Controllers\Admin))
 8 SYSTEMPATH\CodeIgniter.php(354): CodeIgniter\CodeIgniter->handleRequest(null, Object(Config\Cache), false)
 9 SYSTEMPATH\Boot.php(334): CodeIgniter\CodeIgniter->run()
10 SYSTEMPATH\Boot.php(67): CodeIgniter\Boot::runCodeIgniter(Object(CodeIgniter\CodeIgniter))
11 FCPATH\index.php(60): CodeIgniter\Boot::bootWeb(Object(Config\Paths))
12 SYSTEMPATH\rewrite.php(44): require_once('C:\\Users\\LENOVO\\Documents\\SEMPRO TA DLL YANG PETNING POKOKNYA SEMESTER AKHIR\\barber\\public\\index.php')
