ERROR - 2025-06-13 01:44:13 --> mysqli_sql_exception: Invalid default value for 'RegDate' in D:\laragon\www\barber\system\Database\MySQLi\Connection.php:327
Stack trace:
#0 D:\laragon\www\barber\system\Database\MySQLi\Connection.php(327): mysqli->query('CREATE TABLE `u...', 0)
#1 D:\laragon\www\barber\system\Database\BaseConnection.php(738): CodeIgniter\Database\MySQLi\Connection->execute('CREATE TABLE `u...')
#2 D:\laragon\www\barber\system\Database\BaseConnection.php(652): CodeIgniter\Database\BaseConnection->simpleQuery('CREATE TABLE `u...')
#3 D:\laragon\www\barber\system\Database\Forge.php(570): CodeIgniter\Database\BaseConnection->query('CREATE TABLE `u...')
#4 D:\laragon\www\barber\app\Database\Migrations\2025-06-12-173254_TablesMigration.php(23): CodeIgniter\Database\Forge->createTable('users')
#5 D:\laragon\www\barber\system\Database\MigrationRunner.php(876): App\Database\Migrations\TablesMigration->up()
#6 D:\laragon\www\barber\system\Database\MigrationRunner.php(182): CodeIgniter\Database\MigrationRunner->migrate('up', Object(stdClass))
#7 D:\laragon\www\barber\system\Commands\Database\Migrate.php(85): CodeIgniter\Database\MigrationRunner->latest(NULL)
#8 D:\laragon\www\barber\system\CLI\Commands.php(74): CodeIgniter\Commands\Database\Migrate->run(Array)
#9 D:\laragon\www\barber\system\CLI\Console.php(47): CodeIgniter\CLI\Commands->run('migrate', Array)
#10 D:\laragon\www\barber\system\Boot.php(360): CodeIgniter\CLI\Console->run()
#11 D:\laragon\www\barber\system\Boot.php(104): CodeIgniter\Boot::runCommand(Object(CodeIgniter\CLI\Console))
#12 D:\laragon\www\barber\spark(87): CodeIgniter\Boot::bootSpark(Object(Config\Paths))
#13 {main}
ERROR - 2025-06-13 01:45:50 --> mysqli_sql_exception: Invalid default value for 'CreationDate' in D:\laragon\www\barber\system\Database\MySQLi\Connection.php:327
Stack trace:
#0 D:\laragon\www\barber\system\Database\MySQLi\Connection.php(327): mysqli->query('CREATE TABLE `t...', 0)
#1 D:\laragon\www\barber\system\Database\BaseConnection.php(738): CodeIgniter\Database\MySQLi\Connection->execute('CREATE TABLE `t...')
#2 D:\laragon\www\barber\system\Database\BaseConnection.php(652): CodeIgniter\Database\BaseConnection->simpleQuery('CREATE TABLE `t...')
#3 D:\laragon\www\barber\system\Database\Forge.php(570): CodeIgniter\Database\BaseConnection->query('CREATE TABLE `t...')
#4 D:\laragon\www\barber\app\Database\Migrations\2025-06-12-173254_TablesMigration.php(48): CodeIgniter\Database\Forge->createTable('tblservices')
#5 D:\laragon\www\barber\system\Database\MigrationRunner.php(876): App\Database\Migrations\TablesMigration->up()
#6 D:\laragon\www\barber\system\Database\MigrationRunner.php(182): CodeIgniter\Database\MigrationRunner->migrate('up', Object(stdClass))
#7 D:\laragon\www\barber\system\Commands\Database\Migrate.php(85): CodeIgniter\Database\MigrationRunner->latest(NULL)
#8 D:\laragon\www\barber\system\CLI\Commands.php(74): CodeIgniter\Commands\Database\Migrate->run(Array)
#9 D:\laragon\www\barber\system\CLI\Console.php(47): CodeIgniter\CLI\Commands->run('migrate', Array)
#10 D:\laragon\www\barber\system\Boot.php(360): CodeIgniter\CLI\Console->run()
#11 D:\laragon\www\barber\system\Boot.php(104): CodeIgniter\Boot::runCommand(Object(CodeIgniter\CLI\Console))
#12 D:\laragon\www\barber\spark(87): CodeIgniter\Boot::bootSpark(Object(Config\Paths))
#13 {main}
ERROR - 2025-06-13 01:46:14 --> mysqli_sql_exception: Table 'users' already exists in D:\laragon\www\barber\system\Database\MySQLi\Connection.php:327
Stack trace:
#0 D:\laragon\www\barber\system\Database\MySQLi\Connection.php(327): mysqli->query('CREATE TABLE `u...', 0)
#1 D:\laragon\www\barber\system\Database\BaseConnection.php(738): CodeIgniter\Database\MySQLi\Connection->execute('CREATE TABLE `u...')
#2 D:\laragon\www\barber\system\Database\BaseConnection.php(652): CodeIgniter\Database\BaseConnection->simpleQuery('CREATE TABLE `u...')
#3 D:\laragon\www\barber\system\Database\Forge.php(570): CodeIgniter\Database\BaseConnection->query('CREATE TABLE `u...')
#4 D:\laragon\www\barber\app\Database\Migrations\2025-06-12-173254_TablesMigration.php(23): CodeIgniter\Database\Forge->createTable('users')
#5 D:\laragon\www\barber\system\Database\MigrationRunner.php(876): App\Database\Migrations\TablesMigration->up()
#6 D:\laragon\www\barber\system\Database\MigrationRunner.php(182): CodeIgniter\Database\MigrationRunner->migrate('up', Object(stdClass))
#7 D:\laragon\www\barber\system\Commands\Database\Migrate.php(85): CodeIgniter\Database\MigrationRunner->latest(NULL)
#8 D:\laragon\www\barber\system\CLI\Commands.php(74): CodeIgniter\Commands\Database\Migrate->run(Array)
#9 D:\laragon\www\barber\system\CLI\Console.php(47): CodeIgniter\CLI\Commands->run('migrate', Array)
#10 D:\laragon\www\barber\system\Boot.php(360): CodeIgniter\CLI\Console->run()
#11 D:\laragon\www\barber\system\Boot.php(104): CodeIgniter\Boot::runCommand(Object(CodeIgniter\CLI\Console))
#12 D:\laragon\www\barber\spark(87): CodeIgniter\Boot::bootSpark(Object(Config\Paths))
#13 {main}
ERROR - 2025-06-13 01:46:25 --> mysqli_sql_exception: Table 'users' already exists in D:\laragon\www\barber\system\Database\MySQLi\Connection.php:327
Stack trace:
#0 D:\laragon\www\barber\system\Database\MySQLi\Connection.php(327): mysqli->query('CREATE TABLE `u...', 0)
#1 D:\laragon\www\barber\system\Database\BaseConnection.php(738): CodeIgniter\Database\MySQLi\Connection->execute('CREATE TABLE `u...')
#2 D:\laragon\www\barber\system\Database\BaseConnection.php(652): CodeIgniter\Database\BaseConnection->simpleQuery('CREATE TABLE `u...')
#3 D:\laragon\www\barber\system\Database\Forge.php(570): CodeIgniter\Database\BaseConnection->query('CREATE TABLE `u...')
#4 D:\laragon\www\barber\app\Database\Migrations\2025-06-12-173254_TablesMigration.php(23): CodeIgniter\Database\Forge->createTable('users')
#5 D:\laragon\www\barber\system\Database\MigrationRunner.php(876): App\Database\Migrations\TablesMigration->up()
#6 D:\laragon\www\barber\system\Database\MigrationRunner.php(182): CodeIgniter\Database\MigrationRunner->migrate('up', Object(stdClass))
#7 D:\laragon\www\barber\system\Commands\Database\Migrate.php(85): CodeIgniter\Database\MigrationRunner->latest(NULL)
#8 D:\laragon\www\barber\system\CLI\Commands.php(74): CodeIgniter\Commands\Database\Migrate->run(Array)
#9 D:\laragon\www\barber\system\CLI\BaseCommand.php(119): CodeIgniter\CLI\Commands->run('migrate', Array)
#10 D:\laragon\www\barber\system\Commands\Database\MigrateRefresh.php(87): CodeIgniter\CLI\BaseCommand->call('migrate', Array)
#11 D:\laragon\www\barber\system\CLI\Commands.php(74): CodeIgniter\Commands\Database\MigrateRefresh->run(Array)
#12 D:\laragon\www\barber\system\CLI\Console.php(47): CodeIgniter\CLI\Commands->run('migrate:refresh', Array)
#13 D:\laragon\www\barber\system\Boot.php(360): CodeIgniter\CLI\Console->run()
#14 D:\laragon\www\barber\system\Boot.php(104): CodeIgniter\Boot::runCommand(Object(CodeIgniter\CLI\Console))
#15 D:\laragon\www\barber\spark(87): CodeIgniter\Boot::bootSpark(Object(Config\Paths))
#16 {main}
ERROR - 2025-06-13 01:47:11 --> mysqli_sql_exception: Table 'users' already exists in D:\laragon\www\barber\system\Database\MySQLi\Connection.php:327
Stack trace:
#0 D:\laragon\www\barber\system\Database\MySQLi\Connection.php(327): mysqli->query('CREATE TABLE `u...', 0)
#1 D:\laragon\www\barber\system\Database\BaseConnection.php(738): CodeIgniter\Database\MySQLi\Connection->execute('CREATE TABLE `u...')
#2 D:\laragon\www\barber\system\Database\BaseConnection.php(652): CodeIgniter\Database\BaseConnection->simpleQuery('CREATE TABLE `u...')
#3 D:\laragon\www\barber\system\Database\Forge.php(570): CodeIgniter\Database\BaseConnection->query('CREATE TABLE `u...')
#4 D:\laragon\www\barber\app\Database\Migrations\2025-06-12-173254_TablesMigration.php(23): CodeIgniter\Database\Forge->createTable('users')
#5 D:\laragon\www\barber\system\Database\MigrationRunner.php(876): App\Database\Migrations\TablesMigration->up()
#6 D:\laragon\www\barber\system\Database\MigrationRunner.php(182): CodeIgniter\Database\MigrationRunner->migrate('up', Object(stdClass))
#7 D:\laragon\www\barber\system\Commands\Database\Migrate.php(85): CodeIgniter\Database\MigrationRunner->latest(NULL)
#8 D:\laragon\www\barber\system\CLI\Commands.php(74): CodeIgniter\Commands\Database\Migrate->run(Array)
#9 D:\laragon\www\barber\system\CLI\BaseCommand.php(119): CodeIgniter\CLI\Commands->run('migrate', Array)
#10 D:\laragon\www\barber\system\Commands\Database\MigrateRefresh.php(87): CodeIgniter\CLI\BaseCommand->call('migrate', Array)
#11 D:\laragon\www\barber\system\CLI\Commands.php(74): CodeIgniter\Commands\Database\MigrateRefresh->run(Array)
#12 D:\laragon\www\barber\system\CLI\Console.php(47): CodeIgniter\CLI\Commands->run('migrate:refresh', Array)
#13 D:\laragon\www\barber\system\Boot.php(360): CodeIgniter\CLI\Console->run()
#14 D:\laragon\www\barber\system\Boot.php(104): CodeIgniter\Boot::runCommand(Object(CodeIgniter\CLI\Console))
#15 D:\laragon\www\barber\spark(87): CodeIgniter\Boot::bootSpark(Object(Config\Paths))
#16 {main}
ERROR - 2025-06-13 01:48:59 --> mysqli_sql_exception: Invalid default value for 'RegDate' in D:\laragon\www\barber\system\Database\MySQLi\Connection.php:327
Stack trace:
#0 D:\laragon\www\barber\system\Database\MySQLi\Connection.php(327): mysqli->query('CREATE TABLE `u...', 0)
#1 D:\laragon\www\barber\system\Database\BaseConnection.php(738): CodeIgniter\Database\MySQLi\Connection->execute('CREATE TABLE `u...')
#2 D:\laragon\www\barber\system\Database\BaseConnection.php(652): CodeIgniter\Database\BaseConnection->simpleQuery('CREATE TABLE `u...')
#3 D:\laragon\www\barber\system\Database\Forge.php(570): CodeIgniter\Database\BaseConnection->query('CREATE TABLE `u...')
#4 D:\laragon\www\barber\app\Database\Migrations\2025-06-12-173254_TablesMigration.php(23): CodeIgniter\Database\Forge->createTable('users')
#5 D:\laragon\www\barber\system\Database\MigrationRunner.php(876): App\Database\Migrations\TablesMigration->up()
#6 D:\laragon\www\barber\system\Database\MigrationRunner.php(182): CodeIgniter\Database\MigrationRunner->migrate('up', Object(stdClass))
#7 D:\laragon\www\barber\system\Commands\Database\Migrate.php(85): CodeIgniter\Database\MigrationRunner->latest(NULL)
#8 D:\laragon\www\barber\system\CLI\Commands.php(74): CodeIgniter\Commands\Database\Migrate->run(Array)
#9 D:\laragon\www\barber\system\CLI\Console.php(47): CodeIgniter\CLI\Commands->run('migrate', Array)
#10 D:\laragon\www\barber\system\Boot.php(360): CodeIgniter\CLI\Console->run()
#11 D:\laragon\www\barber\system\Boot.php(104): CodeIgniter\Boot::runCommand(Object(CodeIgniter\CLI\Console))
#12 D:\laragon\www\barber\spark(87): CodeIgniter\Boot::bootSpark(Object(Config\Paths))
#13 {main}
ERROR - 2025-06-13 01:50:45 --> mysqli_sql_exception: Invalid default value for 'CreationDate' in D:\laragon\www\barber\system\Database\MySQLi\Connection.php:327
Stack trace:
#0 D:\laragon\www\barber\system\Database\MySQLi\Connection.php(327): mysqli->query('CREATE TABLE `t...', 0)
#1 D:\laragon\www\barber\system\Database\BaseConnection.php(738): CodeIgniter\Database\MySQLi\Connection->execute('CREATE TABLE `t...')
#2 D:\laragon\www\barber\system\Database\BaseConnection.php(652): CodeIgniter\Database\BaseConnection->simpleQuery('CREATE TABLE `t...')
#3 D:\laragon\www\barber\system\Database\Forge.php(570): CodeIgniter\Database\BaseConnection->query('CREATE TABLE `t...')
#4 D:\laragon\www\barber\app\Database\Migrations\2025-06-12-173254_TablesMigration.php(52): CodeIgniter\Database\Forge->createTable('tblservices')
#5 D:\laragon\www\barber\system\Database\MigrationRunner.php(876): App\Database\Migrations\TablesMigration->up()
#6 D:\laragon\www\barber\system\Database\MigrationRunner.php(182): CodeIgniter\Database\MigrationRunner->migrate('up', Object(stdClass))
#7 D:\laragon\www\barber\system\Commands\Database\Migrate.php(85): CodeIgniter\Database\MigrationRunner->latest(NULL)
#8 D:\laragon\www\barber\system\CLI\Commands.php(74): CodeIgniter\Commands\Database\Migrate->run(Array)
#9 D:\laragon\www\barber\system\CLI\BaseCommand.php(119): CodeIgniter\CLI\Commands->run('migrate', Array)
#10 D:\laragon\www\barber\system\Commands\Database\MigrateRefresh.php(87): CodeIgniter\CLI\BaseCommand->call('migrate', Array)
#11 D:\laragon\www\barber\system\CLI\Commands.php(74): CodeIgniter\Commands\Database\MigrateRefresh->run(Array)
#12 D:\laragon\www\barber\system\CLI\Console.php(47): CodeIgniter\CLI\Commands->run('migrate:refresh', Array)
#13 D:\laragon\www\barber\system\Boot.php(360): CodeIgniter\CLI\Console->run()
#14 D:\laragon\www\barber\system\Boot.php(104): CodeIgniter\Boot::runCommand(Object(CodeIgniter\CLI\Console))
#15 D:\laragon\www\barber\spark(87): CodeIgniter\Boot::bootSpark(Object(Config\Paths))
#16 {main}
ERROR - 2025-06-13 01:51:19 --> mysqli_sql_exception: Table 'users' already exists in D:\laragon\www\barber\system\Database\MySQLi\Connection.php:327
Stack trace:
#0 D:\laragon\www\barber\system\Database\MySQLi\Connection.php(327): mysqli->query('CREATE TABLE `u...', 0)
#1 D:\laragon\www\barber\system\Database\BaseConnection.php(738): CodeIgniter\Database\MySQLi\Connection->execute('CREATE TABLE `u...')
#2 D:\laragon\www\barber\system\Database\BaseConnection.php(652): CodeIgniter\Database\BaseConnection->simpleQuery('CREATE TABLE `u...')
#3 D:\laragon\www\barber\system\Database\Forge.php(570): CodeIgniter\Database\BaseConnection->query('CREATE TABLE `u...')
#4 D:\laragon\www\barber\app\Database\Migrations\2025-06-12-173254_TablesMigration.php(26): CodeIgniter\Database\Forge->createTable('users')
#5 D:\laragon\www\barber\system\Database\MigrationRunner.php(876): App\Database\Migrations\TablesMigration->up()
#6 D:\laragon\www\barber\system\Database\MigrationRunner.php(182): CodeIgniter\Database\MigrationRunner->migrate('up', Object(stdClass))
#7 D:\laragon\www\barber\system\Commands\Database\Migrate.php(85): CodeIgniter\Database\MigrationRunner->latest(NULL)
#8 D:\laragon\www\barber\system\CLI\Commands.php(74): CodeIgniter\Commands\Database\Migrate->run(Array)
#9 D:\laragon\www\barber\system\CLI\BaseCommand.php(119): CodeIgniter\CLI\Commands->run('migrate', Array)
#10 D:\laragon\www\barber\system\Commands\Database\MigrateRefresh.php(87): CodeIgniter\CLI\BaseCommand->call('migrate', Array)
#11 D:\laragon\www\barber\system\CLI\Commands.php(74): CodeIgniter\Commands\Database\MigrateRefresh->run(Array)
#12 D:\laragon\www\barber\system\CLI\Console.php(47): CodeIgniter\CLI\Commands->run('migrate:refresh', Array)
#13 D:\laragon\www\barber\system\Boot.php(360): CodeIgniter\CLI\Console->run()
#14 D:\laragon\www\barber\system\Boot.php(104): CodeIgniter\Boot::runCommand(Object(CodeIgniter\CLI\Console))
#15 D:\laragon\www\barber\spark(87): CodeIgniter\Boot::bootSpark(Object(Config\Paths))
#16 {main}
ERROR - 2025-06-13 01:51:43 --> mysqli_sql_exception: Invalid default value for 'PostingDate' in D:\laragon\www\barber\system\Database\MySQLi\Connection.php:327
Stack trace:
#0 D:\laragon\www\barber\system\Database\MySQLi\Connection.php(327): mysqli->query('CREATE TABLE `t...', 0)
#1 D:\laragon\www\barber\system\Database\BaseConnection.php(738): CodeIgniter\Database\MySQLi\Connection->execute('CREATE TABLE `t...')
#2 D:\laragon\www\barber\system\Database\BaseConnection.php(652): CodeIgniter\Database\BaseConnection->simpleQuery('CREATE TABLE `t...')
#3 D:\laragon\www\barber\system\Database\Forge.php(570): CodeIgniter\Database\BaseConnection->query('CREATE TABLE `t...')
#4 D:\laragon\www\barber\app\Database\Migrations\2025-06-12-173254_TablesMigration.php(140): CodeIgniter\Database\Forge->createTable('tblinvoice')
#5 D:\laragon\www\barber\system\Database\MigrationRunner.php(876): App\Database\Migrations\TablesMigration->up()
#6 D:\laragon\www\barber\system\Database\MigrationRunner.php(182): CodeIgniter\Database\MigrationRunner->migrate('up', Object(stdClass))
#7 D:\laragon\www\barber\system\Commands\Database\Migrate.php(85): CodeIgniter\Database\MigrationRunner->latest(NULL)
#8 D:\laragon\www\barber\system\CLI\Commands.php(74): CodeIgniter\Commands\Database\Migrate->run(Array)
#9 D:\laragon\www\barber\system\CLI\Console.php(47): CodeIgniter\CLI\Commands->run('migrate', Array)
#10 D:\laragon\www\barber\system\Boot.php(360): CodeIgniter\CLI\Console->run()
#11 D:\laragon\www\barber\system\Boot.php(104): CodeIgniter\Boot::runCommand(Object(CodeIgniter\CLI\Console))
#12 D:\laragon\www\barber\spark(87): CodeIgniter\Boot::bootSpark(Object(Config\Paths))
#13 {main}
ERROR - 2025-06-13 01:52:42 --> mysqli_sql_exception: Cannot add or update a child row: a foreign key constraint fails (`barbershop`.`tblpegawai`, CONSTRAINT `tblpegawai_id_user_foreign` FOREIGN KEY (`id_user`) REFERENCES `users` (`id_user`) ON DELETE RESTRICT ON UPDATE RESTRICT) in D:\laragon\www\barber\system\Database\MySQLi\Connection.php:327
Stack trace:
#0 D:\laragon\www\barber\system\Database\MySQLi\Connection.php(327): mysqli->query('INSERT INTO `tb...', 0)
#1 D:\laragon\www\barber\system\Database\BaseConnection.php(738): CodeIgniter\Database\MySQLi\Connection->execute('INSERT INTO `tb...')
#2 D:\laragon\www\barber\system\Database\BaseConnection.php(652): CodeIgniter\Database\BaseConnection->simpleQuery('INSERT INTO `tb...')
#3 D:\laragon\www\barber\system\Database\BaseBuilder.php(1841): CodeIgniter\Database\BaseConnection->query('INSERT INTO `tb...', NULL, false)
#4 D:\laragon\www\barber\system\Database\BaseBuilder.php(2230): CodeIgniter\Database\BaseBuilder->batchExecute('_insertBatch', 100)
#5 D:\laragon\www\barber\app\Database\Seeds\TablesSeeder.php(37): CodeIgniter\Database\BaseBuilder->insertBatch(Array)
#6 D:\laragon\www\barber\system\Database\Seeder.php(149): App\Database\Seeds\TablesSeeder->run()
#7 D:\laragon\www\barber\system\Commands\Database\Seed.php(79): CodeIgniter\Database\Seeder->call('App\\Database\\Se...')
#8 D:\laragon\www\barber\system\CLI\Commands.php(74): CodeIgniter\Commands\Database\Seed->run(Array)
#9 D:\laragon\www\barber\system\CLI\Console.php(47): CodeIgniter\CLI\Commands->run('db:seed', Array)
#10 D:\laragon\www\barber\system\Boot.php(360): CodeIgniter\CLI\Console->run()
#11 D:\laragon\www\barber\system\Boot.php(104): CodeIgniter\Boot::runCommand(Object(CodeIgniter\CLI\Console))
#12 D:\laragon\www\barber\spark(87): CodeIgniter\Boot::bootSpark(Object(Config\Paths))
#13 {main}
ERROR - 2025-06-13 01:56:02 --> mysqli_sql_exception: Duplicate entry '70' for key 'users.PRIMARY' in D:\laragon\www\barber\system\Database\MySQLi\Connection.php:327
Stack trace:
#0 D:\laragon\www\barber\system\Database\MySQLi\Connection.php(327): mysqli->query('INSERT INTO `us...', 0)
#1 D:\laragon\www\barber\system\Database\BaseConnection.php(738): CodeIgniter\Database\MySQLi\Connection->execute('INSERT INTO `us...')
#2 D:\laragon\www\barber\system\Database\BaseConnection.php(652): CodeIgniter\Database\BaseConnection->simpleQuery('INSERT INTO `us...')
#3 D:\laragon\www\barber\system\Database\BaseBuilder.php(1841): CodeIgniter\Database\BaseConnection->query('INSERT INTO `us...', NULL, false)
#4 D:\laragon\www\barber\system\Database\BaseBuilder.php(2230): CodeIgniter\Database\BaseBuilder->batchExecute('_insertBatch', 100)
#5 D:\laragon\www\barber\app\Database\Seeds\TablesSeeder.php(12): CodeIgniter\Database\BaseBuilder->insertBatch(Array)
#6 D:\laragon\www\barber\system\Database\Seeder.php(149): App\Database\Seeds\TablesSeeder->run()
#7 D:\laragon\www\barber\system\Commands\Database\Seed.php(79): CodeIgniter\Database\Seeder->call('App\\Database\\Se...')
#8 D:\laragon\www\barber\system\CLI\Commands.php(74): CodeIgniter\Commands\Database\Seed->run(Array)
#9 D:\laragon\www\barber\system\CLI\Console.php(47): CodeIgniter\CLI\Commands->run('db:seed', Array)
#10 D:\laragon\www\barber\system\Boot.php(360): CodeIgniter\CLI\Console->run()
#11 D:\laragon\www\barber\system\Boot.php(104): CodeIgniter\Boot::runCommand(Object(CodeIgniter\CLI\Console))
#12 D:\laragon\www\barber\spark(87): CodeIgniter\Boot::bootSpark(Object(Config\Paths))
#13 {main}
ERROR - 2025-06-13 01:58:57 --> mysqli_sql_exception: Cannot add or update a child row: a foreign key constraint fails (`barbershop`.`tblinvoice`, CONSTRAINT `tblinvoice_id_service_foreign` FOREIGN KEY (`id_service`) REFERENCES `tblservices` (`id_service`) ON DELETE RESTRICT ON UPDATE CASCADE) in D:\laragon\www\barber\system\Database\MySQLi\Connection.php:327
Stack trace:
#0 D:\laragon\www\barber\system\Database\MySQLi\Connection.php(327): mysqli->query('INSERT INTO `tb...', 0)
#1 D:\laragon\www\barber\system\Database\BaseConnection.php(738): CodeIgniter\Database\MySQLi\Connection->execute('INSERT INTO `tb...')
#2 D:\laragon\www\barber\system\Database\BaseConnection.php(652): CodeIgniter\Database\BaseConnection->simpleQuery('INSERT INTO `tb...')
#3 D:\laragon\www\barber\system\Database\BaseBuilder.php(2345): CodeIgniter\Database\BaseConnection->query('INSERT INTO `tb...', Array, false)
#4 D:\laragon\www\barber\app\Database\Seeds\TablesSeeder.php(170): CodeIgniter\Database\BaseBuilder->insert(Array)
#5 D:\laragon\www\barber\system\Database\Seeder.php(149): App\Database\Seeds\TablesSeeder->run()
#6 D:\laragon\www\barber\system\Commands\Database\Seed.php(79): CodeIgniter\Database\Seeder->call('App\\Database\\Se...')
#7 D:\laragon\www\barber\system\CLI\Commands.php(74): CodeIgniter\Commands\Database\Seed->run(Array)
#8 D:\laragon\www\barber\system\CLI\Console.php(47): CodeIgniter\CLI\Commands->run('db:seed', Array)
#9 D:\laragon\www\barber\system\Boot.php(360): CodeIgniter\CLI\Console->run()
#10 D:\laragon\www\barber\system\Boot.php(104): CodeIgniter\Boot::runCommand(Object(CodeIgniter\CLI\Console))
#11 D:\laragon\www\barber\spark(87): CodeIgniter\Boot::bootSpark(Object(Config\Paths))
#12 {main}
ERROR - 2025-06-13 02:00:15 --> mysqli_sql_exception: Duplicate entry '70' for key 'users.PRIMARY' in D:\laragon\www\barber\system\Database\MySQLi\Connection.php:327
Stack trace:
#0 D:\laragon\www\barber\system\Database\MySQLi\Connection.php(327): mysqli->query('INSERT INTO `us...', 0)
#1 D:\laragon\www\barber\system\Database\BaseConnection.php(738): CodeIgniter\Database\MySQLi\Connection->execute('INSERT INTO `us...')
#2 D:\laragon\www\barber\system\Database\BaseConnection.php(652): CodeIgniter\Database\BaseConnection->simpleQuery('INSERT INTO `us...')
#3 D:\laragon\www\barber\system\Database\BaseBuilder.php(1841): CodeIgniter\Database\BaseConnection->query('INSERT INTO `us...', NULL, false)
#4 D:\laragon\www\barber\system\Database\BaseBuilder.php(2230): CodeIgniter\Database\BaseBuilder->batchExecute('_insertBatch', 100)
#5 D:\laragon\www\barber\app\Database\Seeds\TablesSeeder.php(12): CodeIgniter\Database\BaseBuilder->insertBatch(Array)
#6 D:\laragon\www\barber\system\Database\Seeder.php(149): App\Database\Seeds\TablesSeeder->run()
#7 D:\laragon\www\barber\system\Commands\Database\Seed.php(79): CodeIgniter\Database\Seeder->call('App\\Database\\Se...')
#8 D:\laragon\www\barber\system\CLI\Commands.php(74): CodeIgniter\Commands\Database\Seed->run(Array)
#9 D:\laragon\www\barber\system\CLI\Console.php(47): CodeIgniter\CLI\Commands->run('db:seed', Array)
#10 D:\laragon\www\barber\system\Boot.php(360): CodeIgniter\CLI\Console->run()
#11 D:\laragon\www\barber\system\Boot.php(104): CodeIgniter\Boot::runCommand(Object(CodeIgniter\CLI\Console))
#12 D:\laragon\www\barber\spark(87): CodeIgniter\Boot::bootSpark(Object(Config\Paths))
#13 {main}
